{"players":[{"card":"Artemis","tokens":[[2,2],[4,3]]},{"card":"Prometheus","tokens":[[3,2],[3,4]]}],"spaces":[[0,0,0,0,0],[0,0,0,0,0],[0,0,0,0,0],[0,0,0,0,0],[0,0,0,0,0]],"turn":0}
{"players":[{"card":"Prometheus","tokens":[[3,2],[3,4]]},{"card":"Artemis","tokens":[[2,4],[4,3]]}],"spaces":[[0,0,0,0,0],[0,0,0,0,1],[0,0,0,0,0],[0,0,0,0,0],[0,0,0,0,0]],"turn":1}
{"players":[{"card":"Artemis","tokens":[[2,4],[4,3]]},{"card":"Prometheus","tokens":[[2,5],[3,2]]}],"spaces":[[0,0,0,0,1],[0,0,0,0,1],[0,0,0,0,0],[0,0,0,0,0],[0,0,0,0,0]],"turn":2}
{"players":[{"card":"Prometheus","tokens":[[2,5],[3,2]]},{"card":"Artemis","tokens":[[2,2],[4,3]]}],"spaces":[[0,0,1,0,1],[0,0,0,0,1],[0,0,0,0,0],[0,0,0,0,0],[0,0,0,0,0]],"turn":3}
{"players":[{"card":"Artemis","tokens":[[2,2],[4,3]]},{"card":"Prometheus","tokens":[[1,4],[3,2]]}],"spaces":[[0,0,1,1,1],[0,0,0,1,1],[0,0,0,0,0],[0,0,0,0,0],[0,0,0,0,0]],"turn":4}
{"players":[{"card":"Prometheus","tokens":[[1,4],[3,2]]},{"card":"Artemis","tokens":[[2,4],[4,3]]}],"spaces":[[0,0,1,1,1],[0,0,0,1,1],[0,0,0,0,1],[0,0,0,0,0],[0,0,0,0,0]],"turn":5}
{"players":[{"card":"Artemis","tokens":[[2,4],[4,3]]},{"card":"Prometheus","tokens":[[2,5],[3,2]]}],"spaces":[[0,0,1,1,1],[0,0,0,1,1],[0,0,0,1,1],[0,0,0,0,0],[0,0,0,0,0]],"turn":6}
{"players":[{"card":"Prometheus","tokens":[[2,5],[3,2]]},{"card":"Artemis","tokens":[[2,4],[3,4]]}],"spaces":[[0,0,1,1,1],[0,0,0,1,1],[0,0,0,1,1],[0,0,0,0,1],[0,0,0,0,0]],"turn":7}
{"players":[{"card":"Artemis","tokens":[[2,4],[3,4]]},{"card":"Prometheus","tokens":[[2,5],[4,3]]}],"spaces":[[0,0,1,1,1],[0,0,1,1,1],[0,0,0,1,1],[0,0,0,1,1],[0,0,0,0,0]],"turn":8}
{"players":[{"card":"Prometheus","tokens":[[2,5],[4,3]]},{"card":"Artemis","tokens":[[2,4],[4,4]]}],"spaces":[[0,0,1,1,1],[0,0,1,1,1],[0,0,0,1,1],[0,0,0,1,1],[0,0,0,0,1]],"turn":9}
{"players":[{"card":"Artemis","tokens":[[2,4],[4,4]]},{"card":"Prometheus","tokens":[[2,5],[5,3]]}],"spaces":[[0,0,1,1,1],[0,0,1,1,1],[0,0,0,1,1],[0,0,1,1,1],[0,0,0,1,1]],"turn":10}
{"players":[{"card":"Prometheus","tokens":[[2,5],[5,3]]},{"card":"Artemis","tokens":[[2,4],[4,3]]}],"spaces":[[0,0,1,1,1],[0,0,1,1,1],[0,0,0,1,1],[0,0,1,2,1],[0,0,0,1,1]],"turn":11}
{"players":[{"card":"Artemis","tokens":[[2,4],[4,3]]},{"card":"Prometheus","tokens":[[3,4],[5,3]]}],"spaces":[[0,0,1,1,1],[0,0,1,1,1],[0,0,0,1,2],[0,0,1,2,2],[0,0,0,1,1]],"turn":12}
{"players":[{"card":"Prometheus","tokens":[[3,4],[5,3]]},{"card":"Artemis","tokens":[[2,4],[4,4]]}],"spaces":[[0,0,1,1,1],[0,0,1,1,1],[0,0,0,1,3],[0,0,1,2,2],[0,0,0,1,1]],"turn":13}
{"players":[{"card":"Artemis","tokens":[[2,4],[4,4]]},{"card":"Prometheus","tokens":[[4,5],[5,3]]}],"spaces":[[0,0,1,1,1],[0,0,1,1,1],[0,0,0,1,4],[0,0,1,2,2],[0,0,0,1,1]],"turn":14}
{"players":[{"card":"Prometheus","tokens":[[4,5],[5,3]]},{"card":"Artemis","tokens":[[2,3],[4,4]]}],"spaces":[[0,0,1,2,1],[0,0,1,1,1],[0,0,0,1,4],[0,0,1,2,2],[0,0,0,1,1]],"turn":15}
{"players":[{"card":"Artemis","tokens":[[2,3],[4,4]]},{"card":"Prometheus","tokens":[[3,4],[5,3]]}],"spaces":[[0,0,1,2,1],[0,0,1,1,1],[0,0,0,2,4],[0,0,2,2,2],[0,0,0,1,1]],"turn":16}
{"players":[{"card":"Prometheus","tokens":[[3,4],[5,3]]},{"card":"Artemis","tokens":[[1,4],[4,4]]}],"spaces":[[0,0,1,2,1],[0,0,2,1,1],[0,0,0,2,4],[0,0,2,2,2],[0,0,0,1,1]],"turn":17}
{"players":[{"card":"Artemis","tokens":[[1,4],[4,4]]},{"card":"Prometheus","tokens":[[3,4],[5,4]]}],"spaces":[[0,0,1,2,1],[0,0,2,1,1],[0,0,0,2,4],[0,0,2,2,2],[0,0,0,1,2]],"turn":18}
{"players":[{"card":"Prometheus","tokens":[[3,4],[5,4]]},{"card":"Artemis","tokens":[[2,3],[4,4]]}],"spaces":[[0,0,1,3,1],[0,0,2,1,1],[0,0,0,2,4],[0,0,2,2,2],[0,0,0,1,2]],"turn":19}
{"players":[{"card":"Artemis","tokens":[[2,3],[4,4]]},{"card":"Prometheus","tokens":[[2,4],[5,4]]}],"spaces":[[0,0,1,4,1],[0,0,2,2,1],[0,0,0,2,4],[0,0,2,2,2],[0,0,0,1,2]],"turn":20}
{"players":[{"card":"Prometheus","tokens":[[2,4],[5,4]]},{"card":"Artemis","tokens":[[4,4],[4,5]]}],"spaces":[[0,0,1,4,1],[0,0,2,2,1],[0,0,0,2,4],[0,0,2,2,2],[0,0,0,1,3]],"turn":21}
{"players":[{"card":"Artemis","tokens":[[4,4],[4,5]]},{"card":"Prometheus","tokens":[[2,4],[5,3]]}],"spaces":[[0,0,1,4,1],[0,0,2,2,1],[0,0,0,2,4],[0,1,2,2,2],[0,0,0,1,4]],"turn":22}
{"players":[{"card":"Prometheus","tokens":[[2,4],[5,3]]},{"card":"Artemis","tokens":[[2,3],[4,4]]}],"spaces":[[0,0,2,4,1],[0,0,2,2,1],[0,0,0,2,4],[0,1,2,2,2],[0,0,0,1,4]],"turn":23}
{"players":[{"card":"Artemis","tokens":[[2,3],[4,4]]},{"card":"Prometheus","tokens":[[2,4],[5,4]]}],"spaces":[[0,0,2,4,1],[0,0,2,2,1],[0,0,0,2,4],[0,1,2,2,2],[0,0,1,1,4]],"turn":24}
{"players":[{"card":"Prometheus","tokens":[[2,4],[5,4]]},{"card":"Artemis","tokens":[[3,4],[4,4]]}],"spaces":[[0,0,2,4,1],[0,0,2,2,1],[0,0,0,2,4],[0,1,3,2,2],[0,0,1,1,4]],"turn":25}
{"players":[{"card":"Artemis","tokens":[[3,4],[4,4]]},{"card":"Prometheus","tokens":[[2,4],[5,3]]}],"spaces":[[0,0,2,4,1],[0,0,2,2,1],[0,0,0,2,4],[0,2,4,2,2],[0,0,1,1,4]],"turn":26}
{"players":[{"card":"Prometheus","tokens":[[2,4],[5,3]]},{"card":"Artemis","tokens":[[2,3],[4,4]]}],"spaces":[[0,0,2,4,1],[0,1,2,2,1],[0,0,0,2,4],[0,2,4,2,2],[0,0,1,1,4]],"turn":27}
{"players":[{"card":"Artemis","tokens":[[2,3],[4,4]]},{"card":"Prometheus","tokens":[[3,4],[5,3]]}],"spaces":[[0,0,2,4,1],[0,1,2,2,2],[0,0,0,2,4],[0,2,4,2,2],[0,0,1,1,4]],"turn":28}
{"players":[{"card":"Prometheus","tokens":[[3,4],[5,3]]},{"card":"Artemis","tokens":[[2,4],[4,4]]}],"spaces":[[0,0,3,4,1],[0,1,2,2,2],[0,0,0,2,4],[0,2,4,2,2],[0,0,1,1,4]],"turn":29}
{"players":[{"card":"Artemis","tokens":[[2,4],[4,4]]},{"card":"Prometheus","tokens":[[2,3],[5,3]]}],"spaces":[[0,0,4,4,1],[0,1,2,2,2],[0,0,0,2,4],[0,2,4,2,2],[0,0,1,1,4]],"turn":30}
{"players":[{"card":"Prometheus","tokens":[[2,3],[5,3]]},{"card":"Artemis","tokens":[[2,4],[3,4]]}],"spaces":[[0,0,4,4,1],[0,1,2,2,3],[0,0,0,2,4],[0,2,4,2,2],[0,0,1,1,4]],"turn":31}
{"players":[{"card":"Artemis","tokens":[[2,4],[3,4]]},{"card":"Prometheus","tokens":[[2,3],[5,4]]}],"spaces":[[0,0,4,4,1],[0,1,2,2,3],[0,0,0,2,4],[0,3,4,3,2],[0,0,1,1,4]],"turn":32}
{"players":[{"card":"Prometheus","tokens":[[2,3],[5,4]]},{"card":"Artemis","tokens":[[2,5],[3,4]]}],"spaces":[[0,0,4,4,1],[0,1,2,2,3],[0,0,0,2,4],[0,3,4,3,2],[0,0,1,1,4]],"turn":33}
