{"players":[{"card":"Apollo","tokens":[[4,2],[5,1]]},{"card":"Atlas","tokens":[[3,2],[4,4]]}],"spaces":[[0,0,0,0,0],[0,0,0,0,0],[0,0,0,0,0],[0,0,0,0,0],[0,0,0,0,0]],"style":{"players":["./bin/yo-2021-03-06","bin/play-rate"]},"turn":0}
{"players":[{"card":"Atlas","tokens":[[3,2],[4,4]]},{"card":"Apollo","tokens":[[4,1],[5,1]]}],"spaces":[[0,0,0,0,0],[0,0,0,0,0],[0,0,0,0,0],[0,1,0,0,0],[0,0,0,0,0]],"style":{"players":["./bin/yo-2021-03-06","bin/play-rate"]},"turn":1}
{"players":[{"card":"Apollo","tokens":[[4,1],[5,1]]},{"card":"Atlas","tokens":[[2,3],[4,4]]}],"spaces":[[0,0,0,0,0],[0,0,0,1,0],[0,0,0,0,0],[0,1,0,0,0],[0,0,0,0,0]],"style":{"players":["./bin/yo-2021-03-06","bin/play-rate"]},"turn":2}
{"players":[{"card":"Atlas","tokens":[[2,3],[4,4]]},{"card":"Apollo","tokens":[[4,1],[4,2]]}],"spaces":[[0,0,0,0,0],[0,0,0,1,0],[0,0,0,0,0],[0,1,0,0,0],[1,0,0,0,0]],"style":{"players":["./bin/yo-2021-03-06","bin/play-rate"]},"turn":3}
{"players":[{"card":"Apollo","tokens":[[4,1],[4,2]]},{"card":"Atlas","tokens":[[2,4],[4,4]]}],"spaces":[[0,0,0,0,4],[0,0,0,1,0],[0,0,0,0,0],[0,1,0,0,0],[1,0,0,0,0]],"style":{"players":["./bin/yo-2021-03-06","bin/play-rate"]},"turn":4}
{"players":[{"card":"Atlas","tokens":[[2,4],[4,4]]},{"card":"Apollo","tokens":[[4,2],[5,2]]}],"spaces":[[0,0,0,0,4],[0,0,0,1,0],[0,0,0,0,0],[0,1,0,0,0],[2,0,0,0,0]],"style":{"players":["./bin/yo-2021-03-06","bin/play-rate"]},"turn":5}
{"players":[{"card":"Apollo","tokens":[[4,2],[5,2]]},{"card":"Atlas","tokens":[[2,4],[3,3]]}],"spaces":[[0,0,0,0,4],[0,1,0,1,0],[0,0,0,0,0],[0,1,0,0,0],[2,0,0,0,0]],"style":{"players":["./bin/yo-2021-03-06","bin/play-rate"]},"turn":6}
{"players":[{"card":"Atlas","tokens":[[2,4],[3,3]]},{"card":"Apollo","tokens":[[5,1],[5,2]]}],"spaces":[[0,0,0,0,4],[0,1,0,1,0],[0,0,0,0,0],[1,1,0,0,0],[2,0,0,0,0]],"style":{"players":["./bin/yo-2021-03-06","bin/play-rate"]},"turn":7}
{"players":[{"card":"Apollo","tokens":[[5,1],[5,2]]},{"card":"Atlas","tokens":[[2,2],[2,4]]}],"spaces":[[0,0,0,0,4],[0,1,0,1,0],[0,1,0,0,0],[1,1,0,0,0],[2,0,0,0,0]],"style":{"players":["./bin/yo-2021-03-06","bin/play-rate"]},"turn":8}
{"players":[{"card":"Atlas","tokens":[[2,2],[2,4]]},{"card":"Apollo","tokens":[[4,1],[5,1]]}],"spaces":[[0,0,0,0,4],[0,1,0,1,0],[0,2,0,0,0],[1,1,0,0,0],[2,0,0,0,0]],"style":{"players":["./bin/yo-2021-03-06","bin/play-rate"]},"turn":9}
{"players":[{"card":"Apollo","tokens":[[4,1],[5,1]]},{"card":"Atlas","tokens":[[2,4],[3,2]]}],"spaces":[[0,0,0,0,4],[0,1,0,1,0],[1,2,0,0,0],[1,1,0,0,0],[2,0,0,0,0]],"style":{"players":["./bin/yo-2021-03-06","bin/play-rate"]},"turn":10}
{"players":[{"card":"Atlas","tokens":[[2,4],[3,2]]},{"card":"Apollo","tokens":[[4,2],[5,1]]}],"spaces":[[0,0,0,0,4],[0,1,0,1,0],[2,2,0,0,0],[1,1,0,0,0],[2,0,0,0,0]],"style":{"players":["./bin/yo-2021-03-06","bin/play-rate"]},"turn":11}
{"players":[{"card":"Apollo","tokens":[[4,2],[5,1]]},{"card":"Atlas","tokens":[[2,4],[3,1]]}],"spaces":[[0,0,0,0,4],[0,1,0,1,0],[2,3,0,0,0],[1,1,0,0,0],[2,0,0,0,0]],"style":{"players":["./bin/yo-2021-03-06","bin/play-rate"]},"turn":12}
{"players":[{"card":"Atlas","tokens":[[2,4],[4,2]]},{"card":"Apollo","tokens":[[3,1],[5,1]]}],"spaces":[[0,0,0,0,4],[0,2,0,1,0],[2,3,0,0,0],[1,1,0,0,0],[2,0,0,0,0]],"style":{"players":["./bin/yo-2021-03-06","bin/play-rate"]},"turn":13}
{"players":[{"card":"Apollo","tokens":[[3,1],[5,1]]},{"card":"Atlas","tokens":[[2,3],[4,2]]}],"spaces":[[0,0,0,0,4],[0,2,0,1,0],[2,4,0,0,0],[1,1,0,0,0],[2,0,0,0,0]],"style":{"players":["./bin/yo-2021-03-06","bin/play-rate"]},"turn":14}
{"players":[{"card":"Atlas","tokens":[[2,3],[5,1]]},{"card":"Apollo","tokens":[[3,1],[4,2]]}],"spaces":[[0,0,0,0,4],[0,2,0,1,0],[2,4,0,0,0],[2,1,0,0,0],[2,0,0,0,0]],"style":{"players":["./bin/yo-2021-03-06","bin/play-rate"]},"turn":15}
{"players":[{"card":"Apollo","tokens":[[3,1],[4,2]]},{"card":"Atlas","tokens":[[2,3],[4,1]]}],"spaces":[[0,0,0,0,4],[0,2,0,1,0],[2,4,0,0,0],[2,1,0,0,0],[3,0,0,0,0]],"style":{"players":["./bin/yo-2021-03-06","bin/play-rate"]},"turn":16}
{"players":[{"card":"Atlas","tokens":[[2,3],[3,1]]},{"card":"Apollo","tokens":[[4,1],[4,2]]}],"spaces":[[0,0,0,0,4],[0,2,0,1,0],[2,4,0,0,0],[2,1,0,0,0],[3,1,0,0,0]],"style":{"players":["./bin/yo-2021-03-06","bin/play-rate"]},"turn":17}
{"players":[{"card":"Apollo","tokens":[[4,1],[4,2]]},{"card":"Atlas","tokens":[[3,1],[3,4]]}],"spaces":[[0,0,0,0,4],[0,2,0,1,0],[2,4,0,0,0],[2,1,0,1,0],[3,1,0,0,0]],"style":{"players":["./bin/yo-2021-03-06","bin/play-rate"]},"turn":18}
{"players":[{"card":"Atlas","tokens":[[3,1],[3,4]]},{"card":"Apollo","tokens":[[4,2],[5,1]]}],"spaces":[[0,0,0,0,4],[0,2,0,1,0],[2,4,0,0,0],[2,1,0,1,0],[3,1,0,0,0]],"style":{"players":["./bin/yo-2021-03-06","bin/play-rate"]},"turn":19}