{"players":[{"card":"Minotaur","tokens":[[4,2],[5,1]]},{"card":"Apollo","tokens":[[2,4],[3,2]]}],"spaces":[[0,0,0,0,0],[0,0,0,0,0],[0,0,0,0,0],[0,0,0,0,0],[0,0,0,0,0]],"style":{"players":["./bin/yo-2021-03-06","bin/play-rate"]},"turn":0}
{"players":[{"card":"Apollo","tokens":[[2,2],[2,4]]},{"card":"Minotaur","tokens":[[3,2],[5,1]]}],"spaces":[[0,0,0,0,0],[0,0,0,0,0],[0,0,0,0,0],[1,0,0,0,0],[0,0,0,0,0]],"style":{"players":["./bin/yo-2021-03-06","bin/play-rate"]},"turn":1}
{"players":[{"card":"Minotaur","tokens":[[3,2],[5,1]]},{"card":"Apollo","tokens":[[2,2],[3,4]]}],"spaces":[[0,0,0,0,0],[0,0,0,0,0],[0,0,0,0,0],[1,0,1,0,0],[0,0,0,0,0]],"style":{"players":["./bin/yo-2021-03-06","bin/play-rate"]},"turn":2}
{"players":[{"card":"Apollo","tokens":[[2,2],[3,4]]},{"card":"Minotaur","tokens":[[3,2],[4,2]]}],"spaces":[[0,0,0,0,0],[0,0,0,0,0],[0,0,0,0,0],[1,0,1,0,0],[0,1,0,0,0]],"style":{"players":["./bin/yo-2021-03-06","bin/play-rate"]},"turn":3}
{"players":[{"card":"Minotaur","tokens":[[3,2],[4,2]]},{"card":"Apollo","tokens":[[2,2],[4,3]]}],"spaces":[[0,0,0,0,0],[0,0,0,0,0],[0,0,0,0,0],[1,0,1,0,0],[0,2,0,0,0]],"style":{"players":["./bin/yo-2021-03-06","bin/play-rate"]},"turn":4}
{"players":[{"card":"Apollo","tokens":[[2,2],[5,4]]},{"card":"Minotaur","tokens":[[4,2],[4,3]]}],"spaces":[[0,0,0,0,0],[0,0,0,0,0],[0,1,0,0,0],[1,0,1,0,0],[0,2,0,0,0]],"style":{"players":["./bin/yo-2021-03-06","bin/play-rate"]},"turn":5}
{"players":[{"card":"Minotaur","tokens":[[4,2],[5,4]]},{"card":"Apollo","tokens":[[2,2],[4,3]]}],"spaces":[[0,0,0,0,0],[0,0,0,0,0],[0,1,0,1,0],[1,0,1,0,0],[0,2,0,0,0]],"style":{"players":["./bin/yo-2021-03-06","bin/play-rate"]},"turn":6}
{"players":[{"card":"Apollo","tokens":[[2,2],[3,2]]},{"card":"Minotaur","tokens":[[4,2],[4,3]]}],"spaces":[[0,0,0,0,0],[0,0,0,0,0],[0,1,0,1,0],[1,0,1,0,0],[0,3,0,0,0]],"style":{"players":["./bin/yo-2021-03-06","bin/play-rate"]},"turn":7}
{"players":[{"card":"Minotaur","tokens":[[3,2],[4,2]]},{"card":"Apollo","tokens":[[2,2],[4,3]]}],"spaces":[[0,0,0,0,0],[0,0,0,0,0],[0,1,0,1,0],[1,0,1,1,0],[0,3,0,0,0]],"style":{"players":["./bin/yo-2021-03-06","bin/play-rate"]},"turn":8}
{"players":[{"card":"Apollo","tokens":[[2,2],[4,4]]},{"card":"Minotaur","tokens":[[3,2],[4,3]]}],"spaces":[[0,0,0,0,0],[0,0,0,0,0],[0,1,0,2,0],[1,0,1,1,0],[0,3,0,0,0]],"style":{"players":["./bin/yo-2021-03-06","bin/play-rate"]},"turn":9}
{"players":[{"card":"Minotaur","tokens":[[2,2],[4,3]]},{"card":"Apollo","tokens":[[3,2],[4,4]]}],"spaces":[[0,0,0,0,0],[0,0,0,0,0],[0,1,0,2,0],[2,0,1,1,0],[0,3,0,0,0]],"style":{"players":["./bin/yo-2021-03-06","bin/play-rate"]},"turn":10}
{"players":[{"card":"Apollo","tokens":[[4,2],[4,4]]},{"card":"Minotaur","tokens":[[3,2],[4,3]]}],"spaces":[[0,0,0,0,0],[0,0,0,0,0],[0,1,1,2,0],[2,0,1,1,0],[0,3,0,0,0]],"style":{"players":["./bin/yo-2021-03-06","bin/play-rate"]},"turn":11}
{"players":[{"card":"Minotaur","tokens":[[4,2],[4,3]]},{"card":"Apollo","tokens":[[3,2],[4,4]]}],"spaces":[[0,0,0,0,0],[1,0,0,0,0],[0,1,1,2,0],[2,0,1,1,0],[0,3,0,0,0]],"style":{"players":["./bin/yo-2021-03-06","bin/play-rate"]},"turn":12}
{"players":[{"card":"Apollo","tokens":[[2,2],[4,4]]},{"card":"Minotaur","tokens":[[3,2],[4,3]]}],"spaces":[[0,0,0,0,0],[1,0,0,0,0],[0,1,2,2,0],[2,0,1,1,0],[0,3,0,0,0]],"style":{"players":["./bin/yo-2021-03-06","bin/play-rate"]},"turn":13}
{"players":[{"card":"Minotaur","tokens":[[2,2],[4,3]]},{"card":"Apollo","tokens":[[3,2],[4,4]]}],"spaces":[[0,0,0,0,0],[1,0,0,0,0],[0,1,2,2,0],[3,0,1,1,0],[0,3,0,0,0]],"style":{"players":["./bin/yo-2021-03-06","bin/play-rate"]},"turn":14}
{"players":[{"card":"Apollo","tokens":[[4,2],[4,4]]},{"card":"Minotaur","tokens":[[3,2],[4,3]]}],"spaces":[[0,0,0,0,0],[1,0,0,0,0],[0,1,3,2,0],[3,0,1,1,0],[0,3,0,0,0]],"style":{"players":["./bin/yo-2021-03-06","bin/play-rate"]},"turn":15}
{"players":[{"card":"Minotaur","tokens":[[4,2],[4,3]]},{"card":"Apollo","tokens":[[3,2],[4,4]]}],"spaces":[[0,0,0,0,0],[1,0,0,0,0],[1,1,3,2,0],[3,0,1,1,0],[0,3,0,0,0]],"style":{"players":["./bin/yo-2021-03-06","bin/play-rate"]},"turn":16}
{"players":[{"card":"Apollo","tokens":[[3,2],[4,4]]},{"card":"Minotaur","tokens":[[3,4],[4,2]]}],"spaces":[[0,0,0,0,0],[1,0,0,0,0],[1,1,3,2,1],[3,0,1,1,0],[0,3,0,0,0]],"style":{"players":["./bin/yo-2021-03-06","bin/play-rate"]},"turn":17}
{"players":[{"card":"Minotaur","tokens":[[4,2],[4,4]]},{"card":"Apollo","tokens":[[3,2],[3,4]]}],"spaces":[[0,0,0,0,0],[1,0,0,1,0],[1,1,3,2,1],[3,0,1,1,0],[0,3,0,0,0]],"style":{"players":["./bin/yo-2021-03-06","bin/play-rate"]},"turn":18}
{"players":[{"card":"Apollo","tokens":[[3,2],[3,4]]},{"card":"Minotaur","tokens":[[4,3],[4,4]]}],"spaces":[[0,0,0,0,0],[1,0,0,1,0],[1,1,4,2,1],[3,0,1,1,0],[0,3,0,0,0]],"style":{"players":["./bin/yo-2021-03-06","bin/play-rate"]},"turn":19}
{"players":[{"card":"Minotaur","tokens":[[3,2],[4,4]]},{"card":"Apollo","tokens":[[3,4],[4,3]]}],"spaces":[[0,0,0,0,0],[1,0,0,1,0],[1,1,4,2,1],[3,1,1,1,0],[0,3,0,0,0]],"style":{"players":["./bin/yo-2021-03-06","bin/play-rate"]},"turn":20}
{"players":[{"card":"Apollo","tokens":[[3,4],[4,3]]},{"card":"Minotaur","tokens":[[3,1],[4,4]]}],"spaces":[[0,0,0,0,0],[1,0,0,1,0],[1,1,4,2,1],[3,2,1,1,0],[0,3,0,0,0]],"style":{"players":["./bin/yo-2021-03-06","bin/play-rate"]},"turn":21}
{"players":[{"card":"Minotaur","tokens":[[3,1],[4,4]]},{"card":"Apollo","tokens":[[3,4],[4,2]]}],"spaces":[[0,0,0,0,0],[1,0,0,1,0],[1,1,4,2,1],[3,2,1,1,0],[0,3,1,0,0]],"style":{"players":["./bin/yo-2021-03-06","bin/play-rate"]},"turn":22}
{"players":[{"card":"Apollo","tokens":[[3,4],[5,3]]},{"card":"Minotaur","tokens":[[4,2],[4,4]]}],"spaces":[[0,0,0,0,0],[1,0,0,1,0],[1,1,4,2,1],[3,2,1,1,0],[0,4,1,0,0]],"style":{"players":["./bin/yo-2021-03-06","bin/play-rate"]},"turn":23}
{"players":[{"card":"Minotaur","tokens":[[4,4],[5,3]]},{"card":"Apollo","tokens":[[3,4],[4,2]]}],"spaces":[[0,0,0,0,0],[1,0,0,1,0],[1,2,4,2,1],[3,2,1,1,0],[0,4,1,0,0]],"style":{"players":["./bin/yo-2021-03-06","bin/play-rate"]},"turn":24}
{"players":[{"card":"Apollo","tokens":[[3,1],[3,4]]},{"card":"Minotaur","tokens":[[4,2],[4,4]]}],"spaces":[[0,0,0,0,0],[1,0,0,1,0],[1,2,4,2,1],[4,2,1,1,0],[0,4,1,0,0]],"style":{"players":["./bin/yo-2021-03-06","bin/play-rate"]},"turn":25}
{"players":[{"card":"Minotaur","tokens":[[3,1],[4,4]]},{"card":"Apollo","tokens":[[3,4],[4,2]]}],"spaces":[[0,0,0,0,0],[1,0,0,1,0],[1,3,4,2,1],[4,2,1,1,0],[0,4,1,0,0]],"style":{"players":["./bin/yo-2021-03-06","bin/play-rate"]},"turn":26}
{"players":[{"card":"Apollo","tokens":[[3,4],[5,3]]},{"card":"Minotaur","tokens":[[4,2],[4,4]]}],"spaces":[[0,0,0,0,0],[1,0,0,1,0],[1,3,4,2,1],[4,2,1,1,0],[1,4,1,0,0]],"style":{"players":["./bin/yo-2021-03-06","bin/play-rate"]},"turn":27}
{"players":[{"card":"Minotaur","tokens":[[4,4],[5,3]]},{"card":"Apollo","tokens":[[3,4],[4,2]]}],"spaces":[[0,0,0,0,0],[1,0,0,1,0],[1,3,4,2,1],[4,2,1,1,0],[2,4,1,0,0]],"style":{"players":["./bin/yo-2021-03-06","bin/play-rate"]},"turn":28}
{"players":[{"card":"Apollo","tokens":[[3,1],[3,4]]},{"card":"Minotaur","tokens":[[4,2],[4,4]]}],"spaces":[[0,0,0,0,0],[1,0,0,1,0],[1,3,4,2,1],[4,2,1,1,0],[3,4,1,0,0]],"style":{"players":["./bin/yo-2021-03-06","bin/play-rate"]},"turn":29}
{"players":[{"card":"Minotaur","tokens":[[3,1],[4,4]]},{"card":"Apollo","tokens":[[3,4],[4,2]]}],"spaces":[[0,0,0,0,0],[1,0,0,1,0],[1,3,4,2,1],[4,2,1,1,0],[3,4,2,0,0]],"style":{"players":["./bin/yo-2021-03-06","bin/play-rate"]},"turn":30}
{"players":[{"card":"Apollo","tokens":[[3,4],[5,3]]},{"card":"Minotaur","tokens":[[4,2],[4,4]]}],"spaces":[[0,0,0,0,0],[1,0,0,1,0],[1,3,4,2,1],[4,2,1,1,0],[4,4,2,0,0]],"style":{"players":["./bin/yo-2021-03-06","bin/play-rate"]},"turn":31}
{"players":[{"card":"Minotaur","tokens":[[4,4],[5,3]]},{"card":"Apollo","tokens":[[3,4],[4,2]]}],"spaces":[[0,0,0,0,0],[1,0,0,1,0],[2,3,4,2,1],[4,2,1,1,0],[4,4,2,0,0]],"style":{"players":["./bin/yo-2021-03-06","bin/play-rate"]},"turn":32}
{"players":[{"card":"Apollo","tokens":[[3,4],[4,2]]},{"card":"Minotaur","tokens":[[4,3],[5,3]]}],"spaces":[[0,0,0,0,0],[1,0,0,1,0],[2,4,4,2,1],[4,2,1,1,0],[4,4,2,0,0]],"style":{"players":["./bin/yo-2021-03-06","bin/play-rate"]},"turn":33}
{"players":[{"card":"Minotaur","tokens":[[4,2],[5,3]]},{"card":"Apollo","tokens":[[3,4],[4,3]]}],"spaces":[[0,0,0,0,0],[1,0,0,1,0],[2,4,4,2,1],[4,2,1,1,0],[4,4,2,1,0]],"style":{"players":["./bin/yo-2021-03-06","bin/play-rate"]},"turn":34}
{"players":[{"card":"Apollo","tokens":[[3,4],[4,3]]},{"card":"Minotaur","tokens":[[3,1],[5,3]]}],"spaces":[[0,0,0,0,0],[1,0,0,1,0],[2,4,4,2,1],[4,3,1,1,0],[4,4,2,1,0]],"style":{"players":["./bin/yo-2021-03-06","bin/play-rate"]},"turn":35}
{"players":[{"card":"Minotaur","tokens":[[3,1],[4,3]]},{"card":"Apollo","tokens":[[3,4],[5,3]]}],"spaces":[[0,0,0,0,0],[1,0,0,1,0],[2,4,4,2,1],[4,4,1,1,0],[4,4,2,1,0]],"style":{"players":["./bin/yo-2021-03-06","bin/play-rate"]},"turn":36}
{"players":[{"card":"Apollo","tokens":[[2,5],[5,3]]},{"card":"Minotaur","tokens":[[3,1],[3,4]]}],"spaces":[[0,0,0,0,0],[1,0,0,1,0],[2,4,4,2,1],[4,4,2,1,0],[4,4,2,1,0]],"style":{"players":["./bin/yo-2021-03-06","bin/play-rate"]},"turn":37}
{"players":[{"card":"Minotaur","tokens":[[3,1],[3,4]]},{"card":"Apollo","tokens":[[2,5],[4,3]]}],"spaces":[[0,0,0,0,0],[1,0,0,1,0],[2,4,4,2,1],[4,4,2,1,0],[4,4,2,2,0]],"style":{"players":["./bin/yo-2021-03-06","bin/play-rate"]},"turn":38}
{"players":[{"card":"Apollo","tokens":[[2,5],[4,3]]},{"card":"Minotaur","tokens":[[3,1],[4,4]]}],"spaces":[[0,0,0,0,0],[1,0,0,1,0],[2,4,4,2,1],[4,4,2,1,1],[4,4,2,2,0]],"style":{"players":["./bin/yo-2021-03-06","bin/play-rate"]},"turn":39}
{"players":[{"card":"Minotaur","tokens":[[3,1],[4,4]]},{"card":"Apollo","tokens":[[3,5],[4,3]]}],"spaces":[[0,0,0,0,0],[1,0,0,1,0],[2,4,4,3,1],[4,4,2,1,1],[4,4,2,2,0]],"style":{"players":["./bin/yo-2021-03-06","bin/play-rate"]},"turn":40}
{"players":[{"card":"Apollo","tokens":[[3,5],[4,3]]},{"card":"Minotaur","tokens":[[3,1],[4,5]]}],"spaces":[[0,0,0,0,0],[1,0,0,1,0],[2,4,4,4,1],[4,4,2,1,1],[4,4,2,2,0]],"style":{"players":["./bin/yo-2021-03-06","bin/play-rate"]},"turn":41}
{"players":[{"card":"Minotaur","tokens":[[3,1],[4,5]]},{"card":"Apollo","tokens":[[4,3],[4,4]]}],"spaces":[[0,0,0,0,0],[1,0,0,1,0],[2,4,4,4,1],[4,4,2,1,1],[4,4,2,3,0]],"style":{"players":["./bin/yo-2021-03-06","bin/play-rate"]},"turn":42}
{"players":[{"card":"Apollo","tokens":[[4,3],[4,4]]},{"card":"Minotaur","tokens":[[3,1],[5,5]]}],"spaces":[[0,0,0,0,0],[1,0,0,1,0],[2,4,4,4,1],[4,4,2,1,1],[4,4,2,4,0]],"style":{"players":["./bin/yo-2021-03-06","bin/play-rate"]},"turn":43}
{"players":[{"card":"Minotaur","tokens":[[3,1],[5,5]]},{"card":"Apollo","tokens":[[4,4],[5,3]]}],"spaces":[[0,0,0,0,0],[1,0,0,1,0],[2,4,4,4,1],[4,4,3,1,1],[4,4,2,4,0]],"style":{"players":["./bin/yo-2021-03-06","bin/play-rate"]},"turn":44}
{"players":[{"card":"Apollo","tokens":[[4,4],[5,3]]},{"card":"Minotaur","tokens":[[2,1],[5,5]]}],"spaces":[[0,0,0,0,0],[1,0,0,1,0],[3,4,4,4,1],[4,4,3,1,1],[4,4,2,4,0]],"style":{"players":["./bin/yo-2021-03-06","bin/play-rate"]},"turn":45}
{"players":[{"card":"Minotaur","tokens":[[2,1],[5,5]]},{"card":"Apollo","tokens":[[4,3],[4,4]]}],"spaces":[[0,0,0,0,0],[1,0,0,1,0],[3,4,4,4,1],[4,4,3,1,1],[4,4,2,4,0]],"style":{"players":["./bin/yo-2021-03-06","bin/play-rate"]},"turn":46}