{"players":[{"card":"Apollo","tokens":[[2,4],[3,2]]},{"card":"Minotaur","tokens":[[2,3],[4,3]]}],"spaces":[[0,0,0,0,0],[0,0,0,0,0],[0,0,0,0,0],[0,0,0,0,0],[0,0,0,0,0]],"style":{"players":["bin/play-rate","./bin/yo-2021-03-06"]},"turn":0}
{"players":[{"card":"Minotaur","tokens":[[2,3],[3,2]]},{"card":"Apollo","tokens":[[2,4],[4,3]]}],"spaces":[[0,0,0,0,0],[0,0,0,0,0],[0,0,0,0,0],[0,0,0,1,0],[0,0,0,0,0]],"style":{"players":["bin/play-rate","./bin/yo-2021-03-06"]},"turn":1}
{"players":[{"card":"Apollo","tokens":[[2,4],[5,4]]},{"card":"Minotaur","tokens":[[2,3],[4,3]]}],"spaces":[[0,0,0,0,0],[0,0,0,0,0],[0,0,0,0,0],[0,0,0,1,0],[0,1,0,0,0]],"style":{"players":["bin/play-rate","./bin/yo-2021-03-06"]},"turn":2}
{"players":[{"card":"Minotaur","tokens":[[2,3],[5,4]]},{"card":"Apollo","tokens":[[2,4],[4,3]]}],"spaces":[[0,0,0,0,0],[0,0,0,0,0],[0,0,0,0,0],[0,0,0,2,0],[0,1,0,0,0]],"style":{"players":["bin/play-rate","./bin/yo-2021-03-06"]},"turn":3}
{"players":[{"card":"Apollo","tokens":[[2,4],[4,3]]},{"card":"Minotaur","tokens":[[2,3],[5,3]]}],"spaces":[[0,0,0,0,0],[0,0,0,0,0],[0,0,0,0,0],[0,0,0,2,0],[0,2,0,0,0]],"style":{"players":["bin/play-rate","./bin/yo-2021-03-06"]},"turn":4}
{"players":[{"card":"Minotaur","tokens":[[2,3],[5,3]]},{"card":"Apollo","tokens":[[2,4],[3,2]]}],"spaces":[[0,0,0,0,0],[0,1,0,0,0],[0,0,0,0,0],[0,0,0,2,0],[0,2,0,0,0]],"style":{"players":["bin/play-rate","./bin/yo-2021-03-06"]},"turn":5}
{"players":[{"card":"Apollo","tokens":[[2,4],[4,1]]},{"card":"Minotaur","tokens":[[3,2],[5,3]]}],"spaces":[[0,0,0,0,0],[0,1,0,0,0],[0,0,0,0,0],[0,0,1,2,0],[0,2,0,0,0]],"style":{"players":["bin/play-rate","./bin/yo-2021-03-06"]},"turn":6}
{"players":[{"card":"Minotaur","tokens":[[4,1],[5,3]]},{"card":"Apollo","tokens":[[2,4],[3,2]]}],"spaces":[[0,0,0,0,0],[0,1,0,0,0],[0,0,1,0,0],[0,0,1,2,0],[0,2,0,0,0]],"style":{"players":["bin/play-rate","./bin/yo-2021-03-06"]},"turn":7}
{"players":[{"card":"Apollo","tokens":[[2,4],[3,2]]},{"card":"Minotaur","tokens":[[4,1],[4,3]]}],"spaces":[[0,0,0,0,0],[0,1,0,0,0],[0,0,2,0,0],[0,0,1,2,0],[0,2,0,0,0]],"style":{"players":["bin/play-rate","./bin/yo-2021-03-06"]},"turn":8}
{"players":[{"card":"Minotaur","tokens":[[3,2],[4,1]]},{"card":"Apollo","tokens":[[2,4],[4,3]]}],"spaces":[[0,0,0,0,0],[0,1,0,0,0],[0,0,2,0,0],[0,0,1,2,0],[0,2,1,0,0]],"style":{"players":["bin/play-rate","./bin/yo-2021-03-06"]},"turn":9}
{"players":[{"card":"Apollo","tokens":[[2,4],[5,4]]},{"card":"Minotaur","tokens":[[4,1],[4,3]]}],"spaces":[[0,0,0,0,0],[0,1,0,0,0],[0,0,2,1,0],[0,0,1,2,0],[0,2,1,0,0]],"style":{"players":["bin/play-rate","./bin/yo-2021-03-06"]},"turn":10}
{"players":[{"card":"Minotaur","tokens":[[4,1],[5,4]]},{"card":"Apollo","tokens":[[2,4],[4,3]]}],"spaces":[[0,0,0,0,0],[0,1,0,0,0],[0,1,2,1,0],[0,0,1,2,0],[0,2,1,0,0]],"style":{"players":["bin/play-rate","./bin/yo-2021-03-06"]},"turn":11}
{"players":[{"card":"Apollo","tokens":[[2,4],[3,2]]},{"card":"Minotaur","tokens":[[4,1],[4,3]]}],"spaces":[[0,0,0,0,0],[0,1,0,0,0],[0,1,3,1,0],[0,0,1,2,0],[0,2,1,0,0]],"style":{"players":["bin/play-rate","./bin/yo-2021-03-06"]},"turn":12}
{"players":[{"card":"Minotaur","tokens":[[4,1],[4,3]]},{"card":"Apollo","tokens":[[3,2],[3,4]]}],"spaces":[[0,0,0,0,0],[0,1,1,0,0],[0,1,3,1,0],[0,0,1,2,0],[0,2,1,0,0]],"style":{"players":["bin/play-rate","./bin/yo-2021-03-06"]},"turn":13}
{"players":[{"card":"Apollo","tokens":[[3,2],[3,4]]},{"card":"Minotaur","tokens":[[4,1],[4,4]]}],"spaces":[[0,0,0,0,0],[0,1,1,0,0],[0,1,3,1,0],[0,0,2,2,0],[0,2,1,0,0]],"style":{"players":["bin/play-rate","./bin/yo-2021-03-06"]},"turn":14}
{"players":[{"card":"Minotaur","tokens":[[3,4],[4,1]]},{"card":"Apollo","tokens":[[3,2],[4,4]]}],"spaces":[[0,0,0,0,0],[0,1,1,0,0],[0,1,3,1,0],[0,0,2,2,0],[0,2,1,1,0]],"style":{"players":["bin/play-rate","./bin/yo-2021-03-06"]},"turn":15}
{"players":[{"card":"Apollo","tokens":[[3,2],[5,4]]},{"card":"Minotaur","tokens":[[4,1],[4,4]]}],"spaces":[[0,0,0,0,0],[0,1,1,0,0],[0,1,3,1,1],[0,0,2,2,0],[0,2,1,1,0]],"style":{"players":["bin/play-rate","./bin/yo-2021-03-06"]},"turn":16}
{"players":[{"card":"Minotaur","tokens":[[4,1],[5,4]]},{"card":"Apollo","tokens":[[3,2],[4,4]]}],"spaces":[[0,0,0,0,0],[0,1,1,0,0],[0,1,3,2,1],[0,0,2,2,0],[0,2,1,1,0]],"style":{"players":["bin/play-rate","./bin/yo-2021-03-06"]},"turn":17}
{"players":[{"card":"Apollo","tokens":[[3,2],[3,4]]},{"card":"Minotaur","tokens":[[4,1],[4,4]]}],"spaces":[[0,0,0,0,0],[0,1,1,0,0],[0,1,4,2,1],[0,0,2,2,0],[0,2,1,1,0]],"style":{"players":["bin/play-rate","./bin/yo-2021-03-06"]},"turn":18}
{"players":[{"card":"Minotaur","tokens":[[4,1],[4,4]]},{"card":"Apollo","tokens":[[3,4],[4,3]]}],"spaces":[[0,0,0,0,0],[0,1,1,0,0],[0,1,4,2,1],[0,0,2,2,0],[0,3,1,1,0]],"style":{"players":["bin/play-rate","./bin/yo-2021-03-06"]},"turn":19}
{"players":[{"card":"Apollo","tokens":[[3,4],[4,2]]},{"card":"Minotaur","tokens":[[4,1],[4,3]]}],"spaces":[[0,0,0,0,0],[0,1,1,0,0],[0,1,4,2,1],[0,0,2,2,0],[0,4,1,1,0]],"style":{"players":["bin/play-rate","./bin/yo-2021-03-06"]},"turn":20}
{"players":[{"card":"Minotaur","tokens":[[4,1],[4,3]]},{"card":"Apollo","tokens":[[3,2],[3,4]]}],"spaces":[[0,0,0,0,0],[0,1,1,0,0],[0,1,4,2,1],[0,1,2,2,0],[0,4,1,1,0]],"style":{"players":["bin/play-rate","./bin/yo-2021-03-06"]},"turn":21}
{"players":[{"card":"Apollo","tokens":[[2,5],[3,2]]},{"card":"Minotaur","tokens":[[3,4],[4,1]]}],"spaces":[[0,0,0,0,0],[0,1,1,0,0],[0,1,4,2,1],[0,1,3,2,0],[0,4,1,1,0]],"style":{"players":["bin/play-rate","./bin/yo-2021-03-06"]},"turn":22}
{"players":[{"card":"Minotaur","tokens":[[3,4],[4,1]]},{"card":"Apollo","tokens":[[2,5],[4,2]]}],"spaces":[[0,0,0,0,0],[0,1,1,0,0],[0,1,4,2,1],[0,1,4,2,0],[0,4,1,1,0]],"style":{"players":["bin/play-rate","./bin/yo-2021-03-06"]},"turn":23}
{"players":[{"card":"Apollo","tokens":[[2,5],[4,2]]},{"card":"Minotaur","tokens":[[4,1],[4,4]]}],"spaces":[[0,0,0,0,0],[0,1,1,0,0],[0,1,4,2,2],[0,1,4,2,0],[0,4,1,1,0]],"style":{"players":["bin/play-rate","./bin/yo-2021-03-06"]},"turn":24}
{"players":[{"card":"Minotaur","tokens":[[4,1],[4,4]]},{"card":"Apollo","tokens":[[2,4],[4,2]]}],"spaces":[[0,0,0,1,0],[0,1,1,0,0],[0,1,4,2,2],[0,1,4,2,0],[0,4,1,1,0]],"style":{"players":["bin/play-rate","./bin/yo-2021-03-06"]},"turn":25}
{"players":[{"card":"Apollo","tokens":[[2,4],[4,2]]},{"card":"Minotaur","tokens":[[3,2],[4,4]]}],"spaces":[[0,0,0,1,0],[0,1,2,0,0],[0,1,4,2,2],[0,1,4,2,0],[0,4,1,1,0]],"style":{"players":["bin/play-rate","./bin/yo-2021-03-06"]},"turn":26}
{"players":[{"card":"Minotaur","tokens":[[4,2],[4,4]]},{"card":"Apollo","tokens":[[2,4],[3,2]]}],"spaces":[[0,0,0,1,0],[0,2,2,0,0],[0,1,4,2,2],[0,1,4,2,0],[0,4,1,1,0]],"style":{"players":["bin/play-rate","./bin/yo-2021-03-06"]},"turn":27}
{"players":[{"card":"Apollo","tokens":[[2,4],[3,2]]},{"card":"Minotaur","tokens":[[3,4],[4,2]]}],"spaces":[[0,0,0,1,0],[0,2,2,0,0],[0,1,4,2,2],[0,1,4,3,0],[0,4,1,1,0]],"style":{"players":["bin/play-rate","./bin/yo-2021-03-06"]},"turn":28}
{"players":[{"card":"Minotaur","tokens":[[3,4],[4,2]]},{"card":"Apollo","tokens":[[1,4],[3,2]]}],"spaces":[[0,0,0,1,0],[0,2,3,0,0],[0,1,4,2,2],[0,1,4,3,0],[0,4,1,1,0]],"style":{"players":["bin/play-rate","./bin/yo-2021-03-06"]},"turn":29}
{"players":[{"card":"Apollo","tokens":[[1,4],[3,2]]},{"card":"Minotaur","tokens":[[2,3],[4,2]]}],"spaces":[[0,0,0,1,0],[0,2,3,0,0],[0,1,4,2,2],[0,1,4,3,0],[0,4,1,1,0]],"style":{"players":["bin/play-rate","./bin/yo-2021-03-06"]},"turn":30}