{"players":[{"card":"Artemis","tokens":[[2,3],[4,2]]},{"card":"Atlas","tokens":[[3,2],[3,4]]}],"spaces":[[0,0,0,0,0],[0,0,0,0,0],[0,0,0,0,0],[0,0,0,0,0],[0,0,0,0,0]],"style":{"players":["bin/play-rate","./bin/yo-2021-03-06"]},"turn":0}
{"players":[{"card":"Atlas","tokens":[[3,2],[3,4]]},{"card":"Artemis","tokens":[[2,3],[4,4]]}],"spaces":[[0,0,0,0,0],[0,0,0,0,0],[0,0,0,0,0],[0,0,0,0,1],[0,0,0,0,0]],"style":{"players":["bin/play-rate","./bin/yo-2021-03-06"]},"turn":1}
{"players":[{"card":"Artemis","tokens":[[2,3],[4,4]]},{"card":"Atlas","tokens":[[3,2],[4,5]]}],"spaces":[[0,0,0,0,0],[0,0,0,0,0],[0,0,0,0,0],[0,0,0,0,1],[0,0,0,1,0]],"style":{"players":["bin/play-rate","./bin/yo-2021-03-06"]},"turn":2}
{"players":[{"card":"Atlas","tokens":[[3,2],[4,5]]},{"card":"Artemis","tokens":[[2,3],[5,4]]}],"spaces":[[0,0,0,0,0],[0,0,0,0,0],[0,0,0,0,0],[0,0,0,0,1],[0,0,1,1,0]],"style":{"players":["bin/play-rate","./bin/yo-2021-03-06"]},"turn":3}
{"players":[{"card":"Artemis","tokens":[[2,3],[5,4]]},{"card":"Atlas","tokens":[[4,2],[4,5]]}],"spaces":[[0,0,0,0,0],[0,0,0,0,0],[0,0,0,0,0],[0,0,0,0,1],[0,1,1,1,0]],"style":{"players":["bin/play-rate","./bin/yo-2021-03-06"]},"turn":4}
{"players":[{"card":"Atlas","tokens":[[4,2],[4,5]]},{"card":"Artemis","tokens":[[2,3],[5,3]]}],"spaces":[[0,0,0,0,0],[0,0,0,0,0],[0,0,0,0,0],[0,0,0,0,1],[0,2,1,1,0]],"style":{"players":["bin/play-rate","./bin/yo-2021-03-06"]},"turn":5}
{"players":[{"card":"Artemis","tokens":[[2,3],[5,3]]},{"card":"Atlas","tokens":[[4,3],[4,5]]}],"spaces":[[0,0,0,0,0],[0,0,0,0,0],[0,0,0,0,0],[0,0,0,0,1],[0,4,1,1,0]],"style":{"players":["bin/play-rate","./bin/yo-2021-03-06"]},"turn":6}
{"players":[{"card":"Atlas","tokens":[[4,3],[4,5]]},{"card":"Artemis","tokens":[[3,4],[5,3]]}],"spaces":[[0,0,0,0,0],[0,0,0,1,0],[0,0,0,0,0],[0,0,0,0,1],[0,4,1,1,0]],"style":{"players":["bin/play-rate","./bin/yo-2021-03-06"]},"turn":7}
{"players":[{"card":"Artemis","tokens":[[3,4],[5,3]]},{"card":"Atlas","tokens":[[4,5],[5,4]]}],"spaces":[[0,0,0,0,0],[0,0,0,1,0],[0,0,0,0,0],[0,0,1,0,1],[0,4,1,1,0]],"style":{"players":["bin/play-rate","./bin/yo-2021-03-06"]},"turn":8}
{"players":[{"card":"Atlas","tokens":[[4,5],[5,4]]},{"card":"Artemis","tokens":[[4,3],[5,3]]}],"spaces":[[0,0,0,0,0],[0,0,0,1,0],[0,1,0,0,0],[0,0,1,0,1],[0,4,1,1,0]],"style":{"players":["bin/play-rate","./bin/yo-2021-03-06"]},"turn":9}
{"players":[{"card":"Artemis","tokens":[[4,3],[5,3]]},{"card":"Atlas","tokens":[[4,4],[5,4]]}],"spaces":[[0,0,0,0,0],[0,0,0,1,0],[0,1,0,0,0],[0,0,1,0,1],[0,4,1,1,1]],"style":{"players":["bin/play-rate","./bin/yo-2021-03-06"]},"turn":10}
{"players":[{"card":"Atlas","tokens":[[4,4],[5,4]]},{"card":"Artemis","tokens":[[3,2],[4,3]]}],"spaces":[[0,0,0,0,0],[0,1,0,1,0],[0,1,0,0,0],[0,0,1,0,1],[0,4,1,1,1]],"style":{"players":["bin/play-rate","./bin/yo-2021-03-06"]},"turn":11}
{"players":[{"card":"Artemis","tokens":[[3,2],[4,3]]},{"card":"Atlas","tokens":[[4,5],[5,4]]}],"spaces":[[0,0,0,0,0],[0,1,0,1,0],[0,1,0,0,0],[0,0,1,0,1],[0,4,1,1,2]],"style":{"players":["bin/play-rate","./bin/yo-2021-03-06"]},"turn":12}
{"players":[{"card":"Atlas","tokens":[[4,5],[5,4]]},{"card":"Artemis","tokens":[[2,2],[4,3]]}],"spaces":[[0,0,0,0,0],[0,1,0,1,0],[0,2,0,0,0],[0,0,1,0,1],[0,4,1,1,2]],"style":{"players":["bin/play-rate","./bin/yo-2021-03-06"]},"turn":13}
{"players":[{"card":"Artemis","tokens":[[2,2],[4,3]]},{"card":"Atlas","tokens":[[5,4],[5,5]]}],"spaces":[[0,0,0,0,0],[0,1,0,1,0],[0,2,0,0,0],[0,0,1,0,2],[0,4,1,1,2]],"style":{"players":["bin/play-rate","./bin/yo-2021-03-06"]},"turn":14}
{"players":[{"card":"Atlas","tokens":[[5,4],[5,5]]},{"card":"Artemis","tokens":[[3,2],[4,3]]}],"spaces":[[0,0,0,0,0],[0,1,0,1,0],[0,2,0,0,0],[0,1,1,0,2],[0,4,1,1,2]],"style":{"players":["bin/play-rate","./bin/yo-2021-03-06"]},"turn":15}
{"players":[{"card":"Artemis","tokens":[[3,2],[4,3]]},{"card":"Atlas","tokens":[[4,5],[5,5]]}],"spaces":[[0,0,0,0,0],[0,1,0,1,0],[0,2,0,0,0],[0,1,1,4,2],[0,4,1,1,2]],"style":{"players":["bin/play-rate","./bin/yo-2021-03-06"]},"turn":16}
{"players":[{"card":"Atlas","tokens":[[4,5],[5,5]]},{"card":"Artemis","tokens":[[2,4],[3,2]]}],"spaces":[[0,0,0,0,0],[0,1,0,1,0],[0,2,0,0,1],[0,1,1,4,2],[0,4,1,1,2]],"style":{"players":["bin/play-rate","./bin/yo-2021-03-06"]},"turn":17}
{"players":[{"card":"Artemis","tokens":[[2,4],[3,2]]},{"card":"Atlas","tokens":[[4,5],[5,4]]}],"spaces":[[0,0,0,0,0],[0,1,0,1,0],[0,2,0,0,1],[0,1,1,4,2],[0,4,1,1,3]],"style":{"players":["bin/play-rate","./bin/yo-2021-03-06"]},"turn":18}
{"players":[{"card":"Atlas","tokens":[[4,5],[5,4]]},{"card":"Artemis","tokens":[[1,2],[2,4]]}],"spaces":[[0,0,0,0,0],[0,1,1,1,0],[0,2,0,0,1],[0,1,1,4,2],[0,4,1,1,3]],"style":{"players":["bin/play-rate","./bin/yo-2021-03-06"]},"turn":19}
{"players":[{"card":"Artemis","tokens":[[1,2],[2,4]]},{"card":"Atlas","tokens":[[5,4],[5,5]]}],"spaces":[[0,0,0,0,0],[0,1,1,1,0],[0,2,0,0,1],[0,1,1,4,2],[0,4,1,1,3]],"style":{"players":["bin/play-rate","./bin/yo-2021-03-06"]},"turn":20}