{"players":[{"card":"Artemis","tokens":[[2,4],[4,3]]},{"card":"Atlas","tokens":[[3,2],[3,4]]}],"spaces":[[0,0,0,0,0],[0,0,0,0,0],[0,0,0,0,0],[0,0,0,0,0],[0,0,0,0,0]],"style":{"players":["bin/play-rate","./bin/yo-2021-03-06"]},"turn":0}
{"players":[{"card":"Atlas","tokens":[[3,2],[3,4]]},{"card":"Artemis","tokens":[[2,2],[4,3]]}],"spaces":[[0,0,1,0,0],[0,0,0,0,0],[0,0,0,0,0],[0,0,0,0,0],[0,0,0,0,0]],"style":{"players":["bin/play-rate","./bin/yo-2021-03-06"]},"turn":1}
{"players":[{"card":"Artemis","tokens":[[2,2],[4,3]]},{"card":"Atlas","tokens":[[2,3],[3,4]]}],"spaces":[[0,0,1,0,0],[0,0,0,4,0],[0,0,0,0,0],[0,0,0,0,0],[0,0,0,0,0]],"style":{"players":["bin/play-rate","./bin/yo-2021-03-06"]},"turn":2}
{"players":[{"card":"Atlas","tokens":[[2,3],[3,4]]},{"card":"Artemis","tokens":[[1,3],[4,3]]}],"spaces":[[0,1,1,0,0],[0,0,0,4,0],[0,0,0,0,0],[0,0,0,0,0],[0,0,0,0,0]],"style":{"players":["bin/play-rate","./bin/yo-2021-03-06"]},"turn":3}
{"players":[{"card":"Artemis","tokens":[[1,3],[4,3]]},{"card":"Atlas","tokens":[[1,2],[3,4]]}],"spaces":[[1,1,1,0,0],[0,0,0,4,0],[0,0,0,0,0],[0,0,0,0,0],[0,0,0,0,0]],"style":{"players":["bin/play-rate","./bin/yo-2021-03-06"]},"turn":4}
{"players":[{"card":"Atlas","tokens":[[1,2],[3,4]]},{"card":"Artemis","tokens":[[1,3],[3,2]]}],"spaces":[[1,1,1,0,0],[1,0,0,4,0],[0,0,0,0,0],[0,0,0,0,0],[0,0,0,0,0]],"style":{"players":["bin/play-rate","./bin/yo-2021-03-06"]},"turn":5}
{"players":[{"card":"Artemis","tokens":[[1,3],[3,2]]},{"card":"Atlas","tokens":[[1,2],[2,3]]}],"spaces":[[1,1,1,1,0],[1,0,0,4,0],[0,0,0,0,0],[0,0,0,0,0],[0,0,0,0,0]],"style":{"players":["bin/play-rate","./bin/yo-2021-03-06"]},"turn":6}
{"players":[{"card":"Atlas","tokens":[[1,2],[2,3]]},{"card":"Artemis","tokens":[[1,3],[2,1]]}],"spaces":[[1,1,1,1,0],[1,1,0,4,0],[0,0,0,0,0],[0,0,0,0,0],[0,0,0,0,0]],"style":{"players":["bin/play-rate","./bin/yo-2021-03-06"]},"turn":7}
{"players":[{"card":"Artemis","tokens":[[1,3],[2,1]]},{"card":"Atlas","tokens":[[2,2],[2,3]]}],"spaces":[[1,1,1,1,0],[1,1,0,4,0],[0,0,1,0,0],[0,0,0,0,0],[0,0,0,0,0]],"style":{"players":["bin/play-rate","./bin/yo-2021-03-06"]},"turn":8}
{"players":[{"card":"Atlas","tokens":[[2,2],[2,3]]},{"card":"Artemis","tokens":[[1,3],[3,3]]}],"spaces":[[1,1,1,1,0],[1,1,0,4,0],[0,1,1,0,0],[0,0,0,0,0],[0,0,0,0,0]],"style":{"players":["bin/play-rate","./bin/yo-2021-03-06"]},"turn":9}
{"players":[{"card":"Artemis","tokens":[[1,3],[3,3]]},{"card":"Atlas","tokens":[[1,4],[2,2]]}],"spaces":[[1,1,1,1,1],[1,1,0,4,0],[0,1,1,0,0],[0,0,0,0,0],[0,0,0,0,0]],"style":{"players":["bin/play-rate","./bin/yo-2021-03-06"]},"turn":10}
{"players":[{"card":"Atlas","tokens":[[1,4],[2,2]]},{"card":"Artemis","tokens":[[1,2],[3,3]]}],"spaces":[[1,1,1,1,1],[1,1,1,4,0],[0,1,1,0,0],[0,0,0,0,0],[0,0,0,0,0]],"style":{"players":["bin/play-rate","./bin/yo-2021-03-06"]},"turn":11}
{"players":[{"card":"Artemis","tokens":[[1,2],[3,3]]},{"card":"Atlas","tokens":[[1,3],[2,2]]}],"spaces":[[1,1,1,1,1],[1,1,4,4,0],[0,1,1,0,0],[0,0,0,0,0],[0,0,0,0,0]],"style":{"players":["bin/play-rate","./bin/yo-2021-03-06"]},"turn":12}
{"players":[{"card":"Atlas","tokens":[[1,3],[2,2]]},{"card":"Artemis","tokens":[[2,1],[3,3]]}],"spaces":[[1,1,1,1,1],[1,1,4,4,0],[1,1,1,0,0],[0,0,0,0,0],[0,0,0,0,0]],"style":{"players":["bin/play-rate","./bin/yo-2021-03-06"]},"turn":13}
{"players":[{"card":"Artemis","tokens":[[2,1],[3,3]]},{"card":"Atlas","tokens":[[1,4],[2,2]]}],"spaces":[[1,1,1,1,1],[1,1,4,4,4],[1,1,1,0,0],[0,0,0,0,0],[0,0,0,0,0]],"style":{"players":["bin/play-rate","./bin/yo-2021-03-06"]},"turn":14}
{"players":[{"card":"Atlas","tokens":[[1,4],[2,2]]},{"card":"Artemis","tokens":[[1,2],[3,3]]}],"spaces":[[2,1,1,1,1],[1,1,4,4,4],[1,1,1,0,0],[0,0,0,0,0],[0,0,0,0,0]],"style":{"players":["bin/play-rate","./bin/yo-2021-03-06"]},"turn":15}
{"players":[{"card":"Artemis","tokens":[[1,2],[3,3]]},{"card":"Atlas","tokens":[[1,3],[2,2]]}],"spaces":[[2,1,1,2,1],[1,1,4,4,4],[1,1,1,0,0],[0,0,0,0,0],[0,0,0,0,0]],"style":{"players":["bin/play-rate","./bin/yo-2021-03-06"]},"turn":16}
{"players":[{"card":"Atlas","tokens":[[1,3],[2,2]]},{"card":"Artemis","tokens":[[1,1],[3,3]]}],"spaces":[[2,2,1,2,1],[1,1,4,4,4],[1,1,1,0,0],[0,0,0,0,0],[0,0,0,0,0]],"style":{"players":["bin/play-rate","./bin/yo-2021-03-06"]},"turn":17}
{"players":[{"card":"Artemis","tokens":[[1,1],[3,3]]},{"card":"Atlas","tokens":[[1,2],[2,2]]}],"spaces":[[2,2,2,2,1],[1,1,4,4,4],[1,1,1,0,0],[0,0,0,0,0],[0,0,0,0,0]],"style":{"players":["bin/play-rate","./bin/yo-2021-03-06"]},"turn":18}
{"players":[{"card":"Atlas","tokens":[[1,2],[2,2]]},{"card":"Artemis","tokens":[[1,1],[3,2]]}],"spaces":[[2,2,2,2,1],[1,1,4,4,4],[1,1,1,0,0],[0,1,0,0,0],[0,0,0,0,0]],"style":{"players":["bin/play-rate","./bin/yo-2021-03-06"]},"turn":19}
{"players":[{"card":"Artemis","tokens":[[1,1],[3,2]]},{"card":"Atlas","tokens":[[1,3],[2,2]]}],"spaces":[[2,2,2,3,1],[1,1,4,4,4],[1,1,1,0,0],[0,1,0,0,0],[0,0,0,0,0]],"style":{"players":["bin/play-rate","./bin/yo-2021-03-06"]},"turn":20}
{"players":[{"card":"Atlas","tokens":[[1,3],[2,2]]},{"card":"Artemis","tokens":[[1,1],[4,3]]}],"spaces":[[2,2,2,3,1],[1,1,4,4,4],[1,1,2,0,0],[0,1,0,0,0],[0,0,0,0,0]],"style":{"players":["bin/play-rate","./bin/yo-2021-03-06"]},"turn":21}
{"players":[{"card":"Artemis","tokens":[[1,1],[4,3]]},{"card":"Atlas","tokens":[[1,4],[2,2]]}],"spaces":[[2,2,2,3,1],[1,1,4,4,4],[1,1,2,0,0],[0,1,0,0,0],[0,0,0,0,0]],"style":{"players":["bin/play-rate","./bin/yo-2021-03-06"]},"turn":22}