{"players":[{"card":"Atlas","tokens":[[4,2],[5,1]]},{"card":"Artemis","tokens":[[2,2],[4,3]]}],"spaces":[[0,0,0,0,0],[0,0,0,0,0],[0,0,0,0,0],[0,0,0,0,0],[0,0,0,0,0]],"style":{"players":["./bin/yo-2021-03-06","bin/play-rate"]},"turn":0}
{"players":[{"card":"Artemis","tokens":[[2,2],[4,3]]},{"card":"Atlas","tokens":[[3,3],[5,1]]}],"spaces":[[0,0,0,0,0],[0,0,0,4,0],[0,0,0,0,0],[0,0,0,0,0],[0,0,0,0,0]],"style":{"players":["./bin/yo-2021-03-06","bin/play-rate"]},"turn":1}
{"players":[{"card":"Atlas","tokens":[[3,3],[5,1]]},{"card":"Artemis","tokens":[[2,2],[3,4]]}],"spaces":[[0,0,0,0,0],[0,0,0,4,1],[0,0,0,0,0],[0,0,0,0,0],[0,0,0,0,0]],"style":{"players":["./bin/yo-2021-03-06","bin/play-rate"]},"turn":2}
{"players":[{"card":"Artemis","tokens":[[2,2],[3,4]]},{"card":"Atlas","tokens":[[4,4],[5,1]]}],"spaces":[[0,0,0,0,0],[0,0,0,4,1],[0,0,0,0,0],[0,0,4,0,0],[0,0,0,0,0]],"style":{"players":["./bin/yo-2021-03-06","bin/play-rate"]},"turn":3}
{"players":[{"card":"Atlas","tokens":[[4,4],[5,1]]},{"card":"Artemis","tokens":[[2,2],[2,5]]}],"spaces":[[0,0,0,0,0],[0,0,0,4,1],[0,0,0,1,0],[0,0,4,0,0],[0,0,0,0,0]],"style":{"players":["./bin/yo-2021-03-06","bin/play-rate"]},"turn":4}
{"players":[{"card":"Artemis","tokens":[[2,2],[2,5]]},{"card":"Atlas","tokens":[[3,4],[5,1]]}],"spaces":[[0,0,0,0,0],[0,0,0,4,1],[0,0,0,1,0],[0,0,4,0,1],[0,0,0,0,0]],"style":{"players":["./bin/yo-2021-03-06","bin/play-rate"]},"turn":5}
{"players":[{"card":"Atlas","tokens":[[3,4],[5,1]]},{"card":"Artemis","tokens":[[2,5],[3,3]]}],"spaces":[[0,0,0,0,0],[0,1,0,4,1],[0,0,0,1,0],[0,0,4,0,1],[0,0,0,0,0]],"style":{"players":["./bin/yo-2021-03-06","bin/play-rate"]},"turn":6}
{"players":[{"card":"Artemis","tokens":[[2,5],[3,3]]},{"card":"Atlas","tokens":[[3,4],[4,2]]}],"spaces":[[0,0,0,0,0],[0,1,0,4,1],[0,0,0,1,0],[1,0,4,0,1],[0,0,0,0,0]],"style":{"players":["./bin/yo-2021-03-06","bin/play-rate"]},"turn":7}
{"players":[{"card":"Atlas","tokens":[[3,4],[4,2]]},{"card":"Artemis","tokens":[[2,2],[2,5]]}],"spaces":[[0,0,1,0,0],[0,1,0,4,1],[0,0,0,1,0],[1,0,4,0,1],[0,0,0,0,0]],"style":{"players":["./bin/yo-2021-03-06","bin/play-rate"]},"turn":8}
{"players":[{"card":"Artemis","tokens":[[2,2],[2,5]]},{"card":"Atlas","tokens":[[3,4],[4,1]]}],"spaces":[[0,0,1,0,0],[0,1,0,4,1],[0,0,0,1,0],[1,1,4,0,1],[0,0,0,0,0]],"style":{"players":["./bin/yo-2021-03-06","bin/play-rate"]},"turn":9}
{"players":[{"card":"Atlas","tokens":[[3,4],[4,1]]},{"card":"Artemis","tokens":[[2,5],[4,2]]}],"spaces":[[0,0,1,0,0],[0,1,0,4,1],[0,0,0,1,0],[1,1,4,0,1],[0,0,1,0,0]],"style":{"players":["./bin/yo-2021-03-06","bin/play-rate"]},"turn":10}
{"players":[{"card":"Artemis","tokens":[[2,5],[4,2]]},{"card":"Atlas","tokens":[[3,2],[3,4]]}],"spaces":[[0,0,1,0,0],[0,1,0,4,1],[0,0,1,1,0],[1,1,4,0,1],[0,0,1,0,0]],"style":{"players":["./bin/yo-2021-03-06","bin/play-rate"]},"turn":11}
{"players":[{"card":"Atlas","tokens":[[3,2],[3,4]]},{"card":"Artemis","tokens":[[2,5],[3,3]]}],"spaces":[[0,0,1,0,0],[0,2,0,4,1],[0,0,1,1,0],[1,1,4,0,1],[0,0,1,0,0]],"style":{"players":["./bin/yo-2021-03-06","bin/play-rate"]},"turn":12}
{"players":[{"card":"Artemis","tokens":[[2,5],[3,3]]},{"card":"Atlas","tokens":[[2,3],[3,4]]}],"spaces":[[0,0,1,0,0],[0,4,0,4,1],[0,0,1,1,0],[1,1,4,0,1],[0,0,1,0,0]],"style":{"players":["./bin/yo-2021-03-06","bin/play-rate"]},"turn":13}
{"players":[{"card":"Atlas","tokens":[[2,3],[3,4]]},{"card":"Artemis","tokens":[[3,3],[4,5]]}],"spaces":[[0,0,1,0,0],[0,4,0,4,1],[0,0,1,1,1],[1,1,4,0,1],[0,0,1,0,0]],"style":{"players":["./bin/yo-2021-03-06","bin/play-rate"]},"turn":14}
{"players":[{"card":"Artemis","tokens":[[3,3],[4,5]]},{"card":"Atlas","tokens":[[3,2],[3,4]]}],"spaces":[[0,0,1,0,0],[0,4,4,4,1],[0,0,1,1,1],[1,1,4,0,1],[0,0,1,0,0]],"style":{"players":["./bin/yo-2021-03-06","bin/play-rate"]},"turn":15}
{"players":[{"card":"Atlas","tokens":[[3,2],[3,4]]},{"card":"Artemis","tokens":[[4,2],[4,5]]}],"spaces":[[0,0,1,0,0],[0,4,4,4,1],[0,0,1,1,1],[1,1,4,0,1],[0,0,2,0,0]],"style":{"players":["./bin/yo-2021-03-06","bin/play-rate"]},"turn":16}
{"players":[{"card":"Artemis","tokens":[[4,2],[4,5]]},{"card":"Atlas","tokens":[[3,2],[4,4]]}],"spaces":[[0,0,1,0,0],[0,4,4,4,1],[0,0,1,1,1],[1,1,4,0,1],[0,0,4,0,0]],"style":{"players":["./bin/yo-2021-03-06","bin/play-rate"]},"turn":17}
{"players":[{"card":"Atlas","tokens":[[3,2],[4,4]]},{"card":"Artemis","tokens":[[3,4],[4,2]]}],"spaces":[[0,0,1,0,0],[0,4,4,4,1],[0,0,2,1,1],[1,1,4,0,1],[0,0,4,0,0]],"style":{"players":["./bin/yo-2021-03-06","bin/play-rate"]},"turn":18}
{"players":[{"card":"Artemis","tokens":[[3,4],[4,2]]},{"card":"Atlas","tokens":[[4,1],[4,4]]}],"spaces":[[0,0,1,0,0],[0,4,4,4,1],[1,0,2,1,1],[1,1,4,0,1],[0,0,4,0,0]],"style":{"players":["./bin/yo-2021-03-06","bin/play-rate"]},"turn":19}
{"players":[{"card":"Atlas","tokens":[[4,1],[4,4]]},{"card":"Artemis","tokens":[[3,3],[4,2]]}],"spaces":[[0,0,1,0,0],[0,4,4,4,1],[1,0,2,2,1],[1,1,4,0,1],[0,0,4,0,0]],"style":{"players":["./bin/yo-2021-03-06","bin/play-rate"]},"turn":20}
{"players":[{"card":"Artemis","tokens":[[3,3],[4,2]]},{"card":"Atlas","tokens":[[3,5],[4,1]]}],"spaces":[[0,0,1,0,0],[0,4,4,4,1],[1,0,2,4,1],[1,1,4,0,1],[0,0,4,0,0]],"style":{"players":["./bin/yo-2021-03-06","bin/play-rate"]},"turn":21}
{"players":[{"card":"Atlas","tokens":[[3,5],[4,1]]},{"card":"Artemis","tokens":[[3,1],[3,3]]}],"spaces":[[0,0,1,0,0],[1,4,4,4,1],[1,0,2,4,1],[1,1,4,0,1],[0,0,4,0,0]],"style":{"players":["./bin/yo-2021-03-06","bin/play-rate"]},"turn":22}
{"players":[{"card":"Artemis","tokens":[[3,1],[3,3]]},{"card":"Atlas","tokens":[[4,1],[4,4]]}],"spaces":[[0,0,1,0,0],[1,4,4,4,1],[1,0,2,4,1],[1,1,4,0,2],[0,0,4,0,0]],"style":{"players":["./bin/yo-2021-03-06","bin/play-rate"]},"turn":23}
{"players":[{"card":"Atlas","tokens":[[4,1],[4,4]]},{"card":"Artemis","tokens":[[3,3],[4,2]]}],"spaces":[[0,0,1,0,0],[1,4,4,4,1],[1,0,2,4,1],[1,1,4,0,2],[1,0,4,0,0]],"style":{"players":["./bin/yo-2021-03-06","bin/play-rate"]},"turn":24}
{"players":[{"card":"Artemis","tokens":[[3,3],[4,2]]},{"card":"Atlas","tokens":[[3,5],[4,1]]}],"spaces":[[0,0,1,0,0],[1,4,4,4,1],[1,0,2,4,1],[1,1,4,4,2],[1,0,4,0,0]],"style":{"players":["./bin/yo-2021-03-06","bin/play-rate"]},"turn":25}
{"players":[{"card":"Atlas","tokens":[[3,5],[4,1]]},{"card":"Artemis","tokens":[[3,1],[3,3]]}],"spaces":[[0,0,1,0,0],[2,4,4,4,1],[1,0,2,4,1],[1,1,4,4,2],[1,0,4,0,0]],"style":{"players":["./bin/yo-2021-03-06","bin/play-rate"]},"turn":26}
{"players":[{"card":"Artemis","tokens":[[3,1],[3,3]]},{"card":"Atlas","tokens":[[2,5],[4,1]]}],"spaces":[[0,0,1,0,0],[2,4,4,4,1],[1,0,2,4,2],[1,1,4,4,2],[1,0,4,0,0]],"style":{"players":["./bin/yo-2021-03-06","bin/play-rate"]},"turn":27}
{"players":[{"card":"Atlas","tokens":[[2,5],[4,1]]},{"card":"Artemis","tokens":[[2,1],[3,3]]}],"spaces":[[0,0,1,0,0],[2,4,4,4,1],[1,1,2,4,2],[1,1,4,4,2],[1,0,4,0,0]],"style":{"players":["./bin/yo-2021-03-06","bin/play-rate"]},"turn":28}
{"players":[{"card":"Artemis","tokens":[[2,1],[3,3]]},{"card":"Atlas","tokens":[[3,5],[4,1]]}],"spaces":[[0,0,1,0,0],[2,4,4,4,1],[1,1,2,4,2],[1,1,4,4,3],[1,0,4,0,0]],"style":{"players":["./bin/yo-2021-03-06","bin/play-rate"]},"turn":29}
{"players":[{"card":"Atlas","tokens":[[3,5],[4,1]]},{"card":"Artemis","tokens":[[1,3],[3,3]]}],"spaces":[[0,0,1,1,0],[2,4,4,4,1],[1,1,2,4,2],[1,1,4,4,3],[1,0,4,0,0]],"style":{"players":["./bin/yo-2021-03-06","bin/play-rate"]},"turn":30}
{"players":[{"card":"Artemis","tokens":[[1,3],[3,3]]},{"card":"Atlas","tokens":[[4,1],[4,5]]}],"spaces":[[0,0,1,1,0],[2,4,4,4,1],[1,1,2,4,2],[1,1,4,4,3],[1,0,4,0,0]],"style":{"players":["./bin/yo-2021-03-06","bin/play-rate"]},"turn":31}