{"players":[{"card":"Artemis","tokens":[[1,1],[2,2]]},{"card":"Atlas","tokens":[[2,4],[4,3]]}],"spaces":[[0,0,0,0,0],[0,0,0,0,0],[0,0,0,0,0],[0,0,0,0,0],[0,0,0,0,0]],"style":{"players":["./bin/yo-2021-03-06","bin/play-rate"]},"turn":0}
{"players":[{"card":"Atlas","tokens":[[2,4],[4,3]]},{"card":"Artemis","tokens":[[2,2],[3,2]]}],"spaces":[[0,0,0,0,0],[1,0,0,0,0],[0,0,0,0,0],[0,0,0,0,0],[0,0,0,0,0]],"style":{"players":["./bin/yo-2021-03-06","bin/play-rate"]},"turn":1}
{"players":[{"card":"Artemis","tokens":[[2,2],[3,2]]},{"card":"Atlas","tokens":[[2,3],[4,3]]}],"spaces":[[0,0,0,4,0],[1,0,0,0,0],[0,0,0,0,0],[0,0,0,0,0],[0,0,0,0,0]],"style":{"players":["./bin/yo-2021-03-06","bin/play-rate"]},"turn":2}
{"players":[{"card":"Atlas","tokens":[[2,3],[4,3]]},{"card":"Artemis","tokens":[[2,1],[2,2]]}],"spaces":[[1,0,0,4,0],[1,0,0,0,0],[0,0,0,0,0],[0,0,0,0,0],[0,0,0,0,0]],"style":{"players":["./bin/yo-2021-03-06","bin/play-rate"]},"turn":3}
{"players":[{"card":"Artemis","tokens":[[2,1],[2,2]]},{"card":"Atlas","tokens":[[2,3],[4,2]]}],"spaces":[[1,0,0,4,0],[1,0,0,0,0],[0,0,0,0,0],[0,0,0,0,0],[0,0,1,0,0]],"style":{"players":["./bin/yo-2021-03-06","bin/play-rate"]},"turn":4}
{"players":[{"card":"Atlas","tokens":[[2,3],[4,2]]},{"card":"Artemis","tokens":[[1,2],[2,2]]}],"spaces":[[2,0,0,4,0],[1,0,0,0,0],[0,0,0,0,0],[0,0,0,0,0],[0,0,1,0,0]],"style":{"players":["./bin/yo-2021-03-06","bin/play-rate"]},"turn":5}
{"players":[{"card":"Artemis","tokens":[[1,2],[2,2]]},{"card":"Atlas","tokens":[[2,3],[5,3]]}],"spaces":[[2,0,0,4,0],[1,0,0,0,0],[0,0,0,0,0],[0,0,0,1,0],[0,0,1,0,0]],"style":{"players":["./bin/yo-2021-03-06","bin/play-rate"]},"turn":6}
{"players":[{"card":"Atlas","tokens":[[2,3],[5,3]]},{"card":"Artemis","tokens":[[1,2],[4,3]]}],"spaces":[[2,0,0,4,0],[1,0,0,0,0],[0,0,0,0,0],[0,0,0,2,0],[0,0,1,0,0]],"style":{"players":["./bin/yo-2021-03-06","bin/play-rate"]},"turn":7}
{"players":[{"card":"Artemis","tokens":[[1,2],[4,3]]},{"card":"Atlas","tokens":[[2,3],[4,4]]}],"spaces":[[2,0,0,4,0],[1,0,0,0,0],[0,0,0,4,0],[0,0,0,2,0],[0,0,1,0,0]],"style":{"players":["./bin/yo-2021-03-06","bin/play-rate"]},"turn":8}
{"players":[{"card":"Atlas","tokens":[[2,3],[4,4]]},{"card":"Artemis","tokens":[[1,2],[2,2]]}],"spaces":[[3,0,0,4,0],[1,0,0,0,0],[0,0,0,4,0],[0,0,0,2,0],[0,0,1,0,0]],"style":{"players":["./bin/yo-2021-03-06","bin/play-rate"]},"turn":9}
{"players":[{"card":"Artemis","tokens":[[1,2],[2,2]]},{"card":"Atlas","tokens":[[3,2],[4,4]]}],"spaces":[[3,0,0,4,0],[1,0,0,0,0],[0,0,0,4,0],[4,0,0,2,0],[0,0,1,0,0]],"style":{"players":["./bin/yo-2021-03-06","bin/play-rate"]},"turn":10}
{"players":[{"card":"Atlas","tokens":[[3,2],[4,4]]},{"card":"Artemis","tokens":[[2,2],[3,1]]}],"spaces":[[3,0,0,4,0],[2,0,0,0,0],[0,0,0,4,0],[4,0,0,2,0],[0,0,1,0,0]],"style":{"players":["./bin/yo-2021-03-06","bin/play-rate"]},"turn":11}
{"players":[{"card":"Artemis","tokens":[[2,2],[3,1]]},{"card":"Atlas","tokens":[[2,3],[4,4]]}],"spaces":[[3,0,0,4,0],[2,0,0,0,0],[0,0,4,4,0],[4,0,0,2,0],[0,0,1,0,0]],"style":{"players":["./bin/yo-2021-03-06","bin/play-rate"]},"turn":12}
{"players":[{"card":"Atlas","tokens":[[2,3],[4,4]]},{"card":"Artemis","tokens":[[2,2],[5,3]]}],"spaces":[[3,0,0,4,0],[2,0,0,0,0],[0,0,4,4,0],[4,0,0,2,0],[0,1,1,0,0]],"style":{"players":["./bin/yo-2021-03-06","bin/play-rate"]},"turn":13}
{"players":[{"card":"Artemis","tokens":[[2,2],[5,3]]},{"card":"Atlas","tokens":[[2,4],[4,4]]}],"spaces":[[3,0,0,4,0],[2,0,0,0,1],[0,0,4,4,0],[4,0,0,2,0],[0,1,1,0,0]],"style":{"players":["./bin/yo-2021-03-06","bin/play-rate"]},"turn":14}
{"players":[{"card":"Atlas","tokens":[[2,4],[4,4]]},{"card":"Artemis","tokens":[[3,1],[5,3]]}],"spaces":[[3,0,0,4,0],[3,0,0,0,1],[0,0,4,4,0],[4,0,0,2,0],[0,1,1,0,0]],"style":{"players":["./bin/yo-2021-03-06","bin/play-rate"]},"turn":15}
{"players":[{"card":"Artemis","tokens":[[3,1],[5,3]]},{"card":"Atlas","tokens":[[2,5],[4,4]]}],"spaces":[[3,0,0,4,0],[3,0,0,1,1],[0,0,4,4,0],[4,0,0,2,0],[0,1,1,0,0]],"style":{"players":["./bin/yo-2021-03-06","bin/play-rate"]},"turn":16}
{"players":[{"card":"Atlas","tokens":[[2,5],[4,4]]},{"card":"Artemis","tokens":[[4,3],[5,3]]}],"spaces":[[3,0,0,4,0],[3,0,0,1,1],[0,0,4,4,0],[4,0,0,2,0],[0,2,1,0,0]],"style":{"players":["./bin/yo-2021-03-06","bin/play-rate"]},"turn":17}
{"players":[{"card":"Artemis","tokens":[[4,3],[5,3]]},{"card":"Atlas","tokens":[[2,4],[4,4]]}],"spaces":[[3,0,0,4,0],[3,0,0,1,2],[0,0,4,4,0],[4,0,0,2,0],[0,2,1,0,0]],"style":{"players":["./bin/yo-2021-03-06","bin/play-rate"]},"turn":18}
{"players":[{"card":"Atlas","tokens":[[2,4],[4,4]]},{"card":"Artemis","tokens":[[5,1],[5,3]]}],"spaces":[[3,0,0,4,0],[3,0,0,1,2],[0,0,4,4,0],[4,0,0,2,0],[0,3,1,0,0]],"style":{"players":["./bin/yo-2021-03-06","bin/play-rate"]},"turn":19}
{"players":[{"card":"Artemis","tokens":[[5,1],[5,3]]},{"card":"Atlas","tokens":[[2,5],[4,4]]}],"spaces":[[3,0,0,4,0],[3,0,0,2,2],[0,0,4,4,0],[4,0,0,2,0],[0,3,1,0,0]],"style":{"players":["./bin/yo-2021-03-06","bin/play-rate"]},"turn":20}
{"players":[{"card":"Atlas","tokens":[[2,5],[4,4]]},{"card":"Artemis","tokens":[[3,1],[5,3]]}],"spaces":[[3,0,0,4,0],[4,0,0,2,2],[0,0,4,4,0],[4,0,0,2,0],[0,3,1,0,0]],"style":{"players":["./bin/yo-2021-03-06","bin/play-rate"]},"turn":21}
{"players":[{"card":"Artemis","tokens":[[3,1],[5,3]]},{"card":"Atlas","tokens":[[2,4],[4,4]]}],"spaces":[[3,0,0,4,0],[4,0,0,2,3],[0,0,4,4,0],[4,0,0,2,0],[0,3,1,0,0]],"style":{"players":["./bin/yo-2021-03-06","bin/play-rate"]},"turn":22}
{"players":[{"card":"Atlas","tokens":[[2,4],[4,4]]},{"card":"Artemis","tokens":[[1,2],[5,3]]}],"spaces":[[4,0,0,4,0],[4,0,0,2,3],[0,0,4,4,0],[4,0,0,2,0],[0,3,1,0,0]],"style":{"players":["./bin/yo-2021-03-06","bin/play-rate"]},"turn":23}
{"players":[{"card":"Artemis","tokens":[[1,2],[5,3]]},{"card":"Atlas","tokens":[[2,5],[4,4]]}],"spaces":[[4,0,0,4,0],[4,0,0,2,3],[0,0,4,4,0],[4,0,0,2,0],[0,3,1,0,0]],"style":{"players":["./bin/yo-2021-03-06","bin/play-rate"]},"turn":24}