{"players":[{"card":"Artemis","tokens":[[2,2],[3,4]]},{"card":"Demeter","tokens":[[2,3],[4,3]]}],"spaces":[[0,0,0,0,0],[0,0,0,0,0],[0,0,0,0,0],[0,0,0,0,0],[0,0,0,0,0]],"style":{"players":["bin/play-rate","./bin/yo-2021-03-06"]},"turn":0}
{"players":[{"card":"Demeter","tokens":[[2,3],[4,3]]},{"card":"Artemis","tokens":[[3,4],[4,2]]}],"spaces":[[0,0,0,0,0],[0,0,0,0,0],[1,0,0,0,0],[0,0,0,0,0],[0,0,0,0,0]],"style":{"players":["bin/play-rate","./bin/yo-2021-03-06"]},"turn":1}
{"players":[{"card":"Artemis","tokens":[[3,4],[4,2]]},{"card":"Demeter","tokens":[[3,2],[4,3]]}],"spaces":[[0,0,0,0,0],[1,1,0,0,0],[1,0,0,0,0],[0,0,0,0,0],[0,0,0,0,0]],"style":{"players":["bin/play-rate","./bin/yo-2021-03-06"]},"turn":2}
{"players":[{"card":"Demeter","tokens":[[3,2],[4,3]]},{"card":"Artemis","tokens":[[2,2],[3,4]]}],"spaces":[[0,0,0,0,0],[1,1,0,0,0],[1,0,1,0,0],[0,0,0,0,0],[0,0,0,0,0]],"style":{"players":["bin/play-rate","./bin/yo-2021-03-06"]},"turn":3}
{"players":[{"card":"Artemis","tokens":[[2,2],[3,4]]},{"card":"Demeter","tokens":[[3,2],[3,3]]}],"spaces":[[0,0,0,0,0],[1,1,1,0,0],[1,0,1,0,0],[0,0,1,0,0],[0,0,0,0,0]],"style":{"players":["bin/play-rate","./bin/yo-2021-03-06"]},"turn":4}
{"players":[{"card":"Demeter","tokens":[[3,2],[3,3]]},{"card":"Artemis","tokens":[[2,2],[4,3]]}],"spaces":[[0,0,0,0,0],[1,1,1,0,0],[1,0,1,1,0],[0,0,1,0,0],[0,0,0,0,0]],"style":{"players":["bin/play-rate","./bin/yo-2021-03-06"]},"turn":5}
{"players":[{"card":"Artemis","tokens":[[2,2],[4,3]]},{"card":"Demeter","tokens":[[2,1],[3,3]]}],"spaces":[[1,1,0,0,0],[1,1,1,0,0],[1,0,1,1,0],[0,0,1,0,0],[0,0,0,0,0]],"style":{"players":["bin/play-rate","./bin/yo-2021-03-06"]},"turn":6}
{"players":[{"card":"Demeter","tokens":[[2,1],[3,3]]},{"card":"Artemis","tokens":[[2,2],[3,4]]}],"spaces":[[1,1,0,0,0],[1,1,1,0,0],[1,0,1,1,0],[0,0,1,0,1],[0,0,0,0,0]],"style":{"players":["bin/play-rate","./bin/yo-2021-03-06"]},"turn":7}
{"players":[{"card":"Artemis","tokens":[[2,2],[3,4]]},{"card":"Demeter","tokens":[[2,1],[4,3]]}],"spaces":[[1,1,0,0,0],[1,1,1,0,0],[1,0,1,1,0],[0,0,1,0,1],[0,1,0,1,0]],"style":{"players":["bin/play-rate","./bin/yo-2021-03-06"]},"turn":8}
{"players":[{"card":"Demeter","tokens":[[2,1],[4,3]]},{"card":"Artemis","tokens":[[2,2],[3,3]]}],"spaces":[[1,1,0,0,0],[1,1,2,0,0],[1,0,1,1,0],[0,0,1,0,1],[0,1,0,1,0]],"style":{"players":["bin/play-rate","./bin/yo-2021-03-06"]},"turn":9}
{"players":[{"card":"Artemis","tokens":[[2,2],[3,3]]},{"card":"Demeter","tokens":[[2,1],[3,4]]}],"spaces":[[1,1,0,0,0],[1,1,2,0,0],[1,0,1,1,0],[0,0,2,0,2],[0,1,0,1,0]],"style":{"players":["bin/play-rate","./bin/yo-2021-03-06"]},"turn":10}
{"players":[{"card":"Demeter","tokens":[[2,1],[3,4]]},{"card":"Artemis","tokens":[[2,2],[4,3]]}],"spaces":[[1,1,0,0,0],[1,1,2,0,0],[1,1,1,1,0],[0,0,2,0,2],[0,1,0,1,0]],"style":{"players":["bin/play-rate","./bin/yo-2021-03-06"]},"turn":11}
{"players":[{"card":"Artemis","tokens":[[2,2],[4,3]]},{"card":"Demeter","tokens":[[2,1],[4,5]]}],"spaces":[[1,1,0,0,0],[1,1,2,0,0],[1,1,1,1,0],[0,0,2,0,2],[0,1,0,1,1]],"style":{"players":["bin/play-rate","./bin/yo-2021-03-06"]},"turn":12}
{"players":[{"card":"Demeter","tokens":[[2,1],[4,5]]},{"card":"Artemis","tokens":[[2,3],[4,3]]}],"spaces":[[1,1,0,0,0],[1,1,2,0,0],[1,1,1,2,0],[0,0,2,0,2],[0,1,0,1,1]],"style":{"players":["bin/play-rate","./bin/yo-2021-03-06"]},"turn":13}
{"players":[{"card":"Artemis","tokens":[[2,3],[4,3]]},{"card":"Demeter","tokens":[[2,1],[3,4]]}],"spaces":[[1,1,0,0,0],[1,1,2,0,0],[1,1,2,2,0],[0,0,2,0,3],[0,1,0,1,1]],"style":{"players":["bin/play-rate","./bin/yo-2021-03-06"]},"turn":14}
{"players":[{"card":"Demeter","tokens":[[2,1],[3,4]]},{"card":"Artemis","tokens":[[2,3],[5,4]]}],"spaces":[[1,1,0,0,0],[1,1,2,0,0],[1,1,2,2,0],[0,0,2,0,4],[0,1,0,1,1]],"style":{"players":["bin/play-rate","./bin/yo-2021-03-06"]},"turn":15}
{"players":[{"card":"Artemis","tokens":[[2,3],[5,4]]},{"card":"Demeter","tokens":[[3,2],[3,4]]}],"spaces":[[1,1,0,0,0],[2,1,2,0,0],[2,1,2,2,0],[0,0,2,0,4],[0,1,0,1,1]],"style":{"players":["bin/play-rate","./bin/yo-2021-03-06"]},"turn":16}
{"players":[{"card":"Demeter","tokens":[[3,2],[3,4]]},{"card":"Artemis","tokens":[[2,3],[4,3]]}],"spaces":[[1,1,0,0,0],[2,1,2,0,0],[2,1,2,2,0],[0,0,2,0,4],[0,1,0,2,1]],"style":{"players":["bin/play-rate","./bin/yo-2021-03-06"]},"turn":17}
{"players":[{"card":"Artemis","tokens":[[2,3],[4,3]]},{"card":"Demeter","tokens":[[2,1],[3,4]]}],"spaces":[[1,2,0,0,0],[2,1,2,0,0],[3,1,2,2,0],[0,0,2,0,4],[0,1,0,2,1]],"style":{"players":["bin/play-rate","./bin/yo-2021-03-06"]},"turn":18}
{"players":[{"card":"Demeter","tokens":[[2,1],[3,4]]},{"card":"Artemis","tokens":[[2,2],[4,3]]}],"spaces":[[1,2,0,0,0],[2,1,2,0,0],[4,1,2,2,0],[0,0,2,0,4],[0,1,0,2,1]],"style":{"players":["bin/play-rate","./bin/yo-2021-03-06"]},"turn":19}
{"players":[{"card":"Artemis","tokens":[[2,2],[4,3]]},{"card":"Demeter","tokens":[[1,2],[3,4]]}],"spaces":[[1,2,1,0,0],[3,1,2,0,0],[4,1,2,2,0],[0,0,2,0,4],[0,1,0,2,1]],"style":{"players":["bin/play-rate","./bin/yo-2021-03-06"]},"turn":20}
{"players":[{"card":"Demeter","tokens":[[1,2],[3,4]]},{"card":"Artemis","tokens":[[3,2],[4,3]]}],"spaces":[[1,2,1,0,0],[4,1,2,0,0],[4,1,2,2,0],[0,0,2,0,4],[0,1,0,2,1]],"style":{"players":["bin/play-rate","./bin/yo-2021-03-06"]},"turn":21}
{"players":[{"card":"Artemis","tokens":[[3,2],[4,3]]},{"card":"Demeter","tokens":[[2,3],[3,4]]}],"spaces":[[1,3,1,0,0],[4,1,2,1,0],[4,1,2,2,0],[0,0,2,0,4],[0,1,0,2,1]],"style":{"players":["bin/play-rate","./bin/yo-2021-03-06"]},"turn":22}
{"players":[{"card":"Demeter","tokens":[[2,3],[3,4]]},{"card":"Artemis","tokens":[[2,2],[4,3]]}],"spaces":[[1,4,1,0,0],[4,1,2,1,0],[4,1,2,2,0],[0,0,2,0,4],[0,1,0,2,1]],"style":{"players":["bin/play-rate","./bin/yo-2021-03-06"]},"turn":23}
{"players":[{"card":"Artemis","tokens":[[2,2],[4,3]]},{"card":"Demeter","tokens":[[2,3],[3,3]]}],"spaces":[[1,4,1,0,0],[4,1,2,1,0],[4,1,2,2,0],[0,1,2,1,4],[0,1,0,2,1]],"style":{"players":["bin/play-rate","./bin/yo-2021-03-06"]},"turn":24}
{"players":[{"card":"Demeter","tokens":[[2,3],[3,3]]},{"card":"Artemis","tokens":[[2,4],[4,3]]}],"spaces":[[1,4,2,0,0],[4,1,2,1,0],[4,1,2,2,0],[0,1,2,1,4],[0,1,0,2,1]],"style":{"players":["bin/play-rate","./bin/yo-2021-03-06"]},"turn":25}
{"players":[{"card":"Artemis","tokens":[[2,4],[4,3]]},{"card":"Demeter","tokens":[[2,2],[2,3]]}],"spaces":[[1,4,3,0,0],[4,1,2,1,0],[4,1,2,2,0],[0,1,2,1,4],[0,1,0,2,1]],"style":{"players":["bin/play-rate","./bin/yo-2021-03-06"]},"turn":26}
{"players":[{"card":"Demeter","tokens":[[2,2],[2,3]]},{"card":"Artemis","tokens":[[1,4],[4,3]]}],"spaces":[[1,4,4,0,0],[4,1,2,1,0],[4,1,2,2,0],[0,1,2,1,4],[0,1,0,2,1]],"style":{"players":["bin/play-rate","./bin/yo-2021-03-06"]},"turn":27}
{"players":[{"card":"Artemis","tokens":[[1,4],[4,3]]},{"card":"Demeter","tokens":[[2,3],[3,3]]}],"spaces":[[1,4,4,0,0],[4,2,2,2,0],[4,1,2,2,0],[0,1,2,1,4],[0,1,0,2,1]],"style":{"players":["bin/play-rate","./bin/yo-2021-03-06"]},"turn":28}
{"players":[{"card":"Demeter","tokens":[[2,3],[3,3]]},{"card":"Artemis","tokens":[[1,4],[2,2]]}],"spaces":[[2,4,4,0,0],[4,2,2,2,0],[4,1,2,2,0],[0,1,2,1,4],[0,1,0,2,1]],"style":{"players":["bin/play-rate","./bin/yo-2021-03-06"]},"turn":29}
{"players":[{"card":"Artemis","tokens":[[1,4],[2,2]]},{"card":"Demeter","tokens":[[3,2],[3,3]]}],"spaces":[[2,4,4,0,0],[4,2,2,2,0],[4,1,2,2,0],[0,2,3,1,4],[0,1,0,2,1]],"style":{"players":["bin/play-rate","./bin/yo-2021-03-06"]},"turn":30}
{"players":[{"card":"Demeter","tokens":[[3,2],[3,3]]},{"card":"Artemis","tokens":[[1,4],[3,4]]}],"spaces":[[2,4,4,0,0],[4,2,2,2,0],[4,1,2,2,0],[0,2,4,1,4],[0,1,0,2,1]],"style":{"players":["bin/play-rate","./bin/yo-2021-03-06"]},"turn":31}
{"players":[{"card":"Artemis","tokens":[[1,4],[3,4]]},{"card":"Demeter","tokens":[[2,2],[3,3]]}],"spaces":[[3,4,4,0,0],[4,2,2,2,0],[4,2,2,2,0],[0,2,4,1,4],[0,1,0,2,1]],"style":{"players":["bin/play-rate","./bin/yo-2021-03-06"]},"turn":32}
{"players":[{"card":"Demeter","tokens":[[2,2],[3,3]]},{"card":"Artemis","tokens":[[1,4],[2,4]]}],"spaces":[[3,4,4,0,0],[4,2,2,2,0],[4,2,2,2,1],[0,2,4,1,4],[0,1,0,2,1]],"style":{"players":["bin/play-rate","./bin/yo-2021-03-06"]},"turn":33}
{"players":[{"card":"Artemis","tokens":[[1,4],[2,4]]},{"card":"Demeter","tokens":[[1,1],[3,3]]}],"spaces":[[3,4,4,0,0],[4,2,2,2,0],[4,2,2,2,1],[0,2,4,1,4],[0,1,0,2,1]],"style":{"players":["bin/play-rate","./bin/yo-2021-03-06"]},"turn":34}