{"players":[{"card":"Hephastus","tokens":[[2,4],[4,3]]},{"card":"Artemis","tokens":[[3,2],[3,4]]}],"spaces":[[0,0,0,0,0],[0,0,0,0,0],[0,0,0,0,0],[0,0,0,0,0],[0,0,0,0,0]],"style":{"players":["bin/play-rate","./bin/yo-2021-03-06"]},"turn":0}
{"players":[{"card":"Artemis","tokens":[[3,2],[3,4]]},{"card":"Hephastus","tokens":[[2,4],[3,3]]}],"spaces":[[0,0,0,0,0],[0,0,2,0,0],[0,0,0,0,0],[0,0,0,0,0],[0,0,0,0,0]],"style":{"players":["bin/play-rate","./bin/yo-2021-03-06"]},"turn":1}
{"players":[{"card":"Hephastus","tokens":[[2,4],[3,3]]},{"card":"Artemis","tokens":[[2,2],[3,4]]}],"spaces":[[0,1,0,0,0],[0,0,2,0,0],[0,0,0,0,0],[0,0,0,0,0],[0,0,0,0,0]],"style":{"players":["bin/play-rate","./bin/yo-2021-03-06"]},"turn":2}
{"players":[{"card":"Artemis","tokens":[[2,2],[3,4]]},{"card":"Hephastus","tokens":[[2,4],[3,2]]}],"spaces":[[0,1,0,0,0],[0,0,3,0,0],[0,0,0,0,0],[0,0,0,0,0],[0,0,0,0,0]],"style":{"players":["bin/play-rate","./bin/yo-2021-03-06"]},"turn":3}
{"players":[{"card":"Hephastus","tokens":[[2,4],[3,2]]},{"card":"Artemis","tokens":[[1,1],[3,4]]}],"spaces":[[0,2,0,0,0],[0,0,3,0,0],[0,0,0,0,0],[0,0,0,0,0],[0,0,0,0,0]],"style":{"players":["bin/play-rate","./bin/yo-2021-03-06"]},"turn":4}
{"players":[{"card":"Artemis","tokens":[[1,1],[3,4]]},{"card":"Hephastus","tokens":[[2,4],[4,3]]}],"spaces":[[0,2,0,0,0],[0,0,3,0,0],[0,0,0,0,0],[0,0,0,1,0],[0,0,0,0,0]],"style":{"players":["bin/play-rate","./bin/yo-2021-03-06"]},"turn":5}
{"players":[{"card":"Hephastus","tokens":[[2,4],[4,3]]},{"card":"Artemis","tokens":[[3,3],[3,4]]}],"spaces":[[0,2,0,0,0],[0,0,3,0,0],[0,0,0,0,0],[0,0,0,2,0],[0,0,0,0,0]],"style":{"players":["bin/play-rate","./bin/yo-2021-03-06"]},"turn":6}
{"players":[{"card":"Artemis","tokens":[[3,3],[3,4]]},{"card":"Hephastus","tokens":[[2,4],[3,2]]}],"spaces":[[0,2,0,0,0],[0,0,3,0,0],[2,0,0,0,0],[0,0,0,2,0],[0,0,0,0,0]],"style":{"players":["bin/play-rate","./bin/yo-2021-03-06"]},"turn":7}
{"players":[{"card":"Hephastus","tokens":[[2,4],[3,2]]},{"card":"Artemis","tokens":[[3,3],[4,2]]}],"spaces":[[0,2,0,0,0],[0,0,3,0,0],[3,0,0,0,0],[0,0,0,2,0],[0,0,0,0,0]],"style":{"players":["bin/play-rate","./bin/yo-2021-03-06"]},"turn":8}
{"players":[{"card":"Artemis","tokens":[[3,3],[4,2]]},{"card":"Hephastus","tokens":[[2,4],[4,3]]}],"spaces":[[0,2,0,0,0],[0,0,3,0,0],[3,0,0,2,0],[0,0,0,2,0],[0,0,0,0,0]],"style":{"players":["bin/play-rate","./bin/yo-2021-03-06"]},"turn":9}
{"players":[{"card":"Hephastus","tokens":[[2,4],[4,3]]},{"card":"Artemis","tokens":[[3,3],[5,4]]}],"spaces":[[0,2,0,0,0],[0,0,3,0,0],[3,0,0,2,0],[0,0,0,3,0],[0,0,0,0,0]],"style":{"players":["bin/play-rate","./bin/yo-2021-03-06"]},"turn":10}
{"players":[{"card":"Artemis","tokens":[[3,3],[5,4]]},{"card":"Hephastus","tokens":[[2,4],[3,2]]}],"spaces":[[0,2,0,0,0],[1,0,3,0,0],[3,0,0,2,0],[0,0,0,3,0],[0,0,0,0,0]],"style":{"players":["bin/play-rate","./bin/yo-2021-03-06"]},"turn":11}
{"players":[{"card":"Hephastus","tokens":[[2,4],[3,2]]},{"card":"Artemis","tokens":[[2,1],[5,4]]}],"spaces":[[0,3,0,0,0],[1,0,3,0,0],[3,0,0,2,0],[0,0,0,3,0],[0,0,0,0,0]],"style":{"players":["bin/play-rate","./bin/yo-2021-03-06"]},"turn":12}
{"players":[{"card":"Artemis","tokens":[[2,1],[5,4]]},{"card":"Hephastus","tokens":[[2,4],[4,3]]}],"spaces":[[0,3,0,0,0],[1,0,3,0,0],[3,0,0,2,0],[0,0,0,3,0],[0,0,2,0,0]],"style":{"players":["bin/play-rate","./bin/yo-2021-03-06"]},"turn":13}
{"players":[{"card":"Hephastus","tokens":[[2,4],[4,3]]},{"card":"Artemis","tokens":[[2,1],[3,5]]}],"spaces":[[0,3,0,0,0],[1,0,3,0,0],[3,0,0,3,0],[0,0,0,3,0],[0,0,2,0,0]],"style":{"players":["bin/play-rate","./bin/yo-2021-03-06"]},"turn":14}
{"players":[{"card":"Artemis","tokens":[[2,1],[3,5]]},{"card":"Hephastus","tokens":[[2,4],[3,2]]}],"spaces":[[0,3,0,0,0],[1,0,3,0,0],[3,0,0,3,0],[0,0,1,3,0],[0,0,2,0,0]],"style":{"players":["bin/play-rate","./bin/yo-2021-03-06"]},"turn":15}
{"players":[{"card":"Hephastus","tokens":[[2,4],[3,2]]},{"card":"Artemis","tokens":[[2,1],[5,4]]}],"spaces":[[0,3,0,0,0],[1,0,3,0,0],[3,0,0,3,0],[0,0,1,3,0],[0,0,3,0,0]],"style":{"players":["bin/play-rate","./bin/yo-2021-03-06"]},"turn":16}
{"players":[{"card":"Artemis","tokens":[[2,1],[5,4]]},{"card":"Hephastus","tokens":[[2,4],[4,3]]}],"spaces":[[0,3,0,0,0],[1,0,3,0,0],[3,0,0,3,0],[0,0,1,3,0],[0,1,3,0,0]],"style":{"players":["bin/play-rate","./bin/yo-2021-03-06"]},"turn":17}
{"players":[{"card":"Hephastus","tokens":[[2,4],[4,3]]},{"card":"Artemis","tokens":[[3,2],[5,4]]}],"spaces":[[0,3,0,0,0],[2,0,3,0,0],[3,0,0,3,0],[0,0,1,3,0],[0,1,3,0,0]],"style":{"players":["bin/play-rate","./bin/yo-2021-03-06"]},"turn":18}
{"players":[{"card":"Artemis","tokens":[[3,2],[5,4]]},{"card":"Hephastus","tokens":[[1,3],[4,3]]}],"spaces":[[0,3,0,0,0],[2,0,4,0,0],[3,0,0,3,0],[0,0,1,3,0],[0,1,3,0,0]],"style":{"players":["bin/play-rate","./bin/yo-2021-03-06"]},"turn":19}
{"players":[{"card":"Hephastus","tokens":[[1,3],[4,3]]},{"card":"Artemis","tokens":[[2,2],[5,4]]}],"spaces":[[1,3,0,0,0],[2,0,4,0,0],[3,0,0,3,0],[0,0,1,3,0],[0,1,3,0,0]],"style":{"players":["bin/play-rate","./bin/yo-2021-03-06"]},"turn":20}
{"players":[{"card":"Artemis","tokens":[[2,2],[5,4]]},{"card":"Hephastus","tokens":[[2,4],[4,3]]}],"spaces":[[1,3,1,0,0],[2,0,4,0,0],[3,0,0,3,0],[0,0,1,3,0],[0,1,3,0,0]],"style":{"players":["bin/play-rate","./bin/yo-2021-03-06"]},"turn":21}
{"players":[{"card":"Hephastus","tokens":[[2,4],[4,3]]},{"card":"Artemis","tokens":[[2,1],[5,4]]}],"spaces":[[2,3,1,0,0],[2,0,4,0,0],[3,0,0,3,0],[0,0,1,3,0],[0,1,3,0,0]],"style":{"players":["bin/play-rate","./bin/yo-2021-03-06"]},"turn":22}
{"players":[{"card":"Artemis","tokens":[[2,1],[5,4]]},{"card":"Hephastus","tokens":[[2,4],[3,3]]}],"spaces":[[2,3,1,0,0],[2,0,4,0,0],[3,0,0,3,0],[0,2,1,3,0],[0,1,3,0,0]],"style":{"players":["bin/play-rate","./bin/yo-2021-03-06"]},"turn":23}
{"players":[{"card":"Hephastus","tokens":[[2,4],[3,3]]},{"card":"Artemis","tokens":[[1,2],[5,4]]}],"spaces":[[2,3,1,0,0],[2,0,4,0,0],[3,0,0,3,0],[0,2,1,3,0],[0,1,3,0,0]],"style":{"players":["bin/play-rate","./bin/yo-2021-03-06"]},"turn":24}