{"players":[{"card":"Artemis","tokens":[[1,5],[2,4]]},{"card":"Hephastus","tokens":[[2,2],[4,3]]}],"spaces":[[0,0,0,0,0],[0,0,0,0,0],[0,0,0,0,0],[0,0,0,0,0],[0,0,0,0,0]],"style":{"players":["./bin/yo-2021-03-06","bin/play-rate"]},"turn":0}
{"players":[{"card":"Hephastus","tokens":[[2,2],[4,3]]},{"card":"Artemis","tokens":[[1,4],[2,4]]}],"spaces":[[0,0,0,0,1],[0,0,0,0,0],[0,0,0,0,0],[0,0,0,0,0],[0,0,0,0,0]],"style":{"players":["./bin/yo-2021-03-06","bin/play-rate"]},"turn":1}
{"players":[{"card":"Artemis","tokens":[[1,4],[2,4]]},{"card":"Hephastus","tokens":[[2,2],[3,4]]}],"spaces":[[0,0,0,0,1],[0,0,2,0,0],[0,0,0,0,0],[0,0,0,0,0],[0,0,0,0,0]],"style":{"players":["./bin/yo-2021-03-06","bin/play-rate"]},"turn":2}
{"players":[{"card":"Hephastus","tokens":[[2,2],[3,4]]},{"card":"Artemis","tokens":[[2,4],[2,5]]}],"spaces":[[0,0,0,0,2],[0,0,2,0,0],[0,0,0,0,0],[0,0,0,0,0],[0,0,0,0,0]],"style":{"players":["./bin/yo-2021-03-06","bin/play-rate"]},"turn":3}
{"players":[{"card":"Artemis","tokens":[[2,4],[2,5]]},{"card":"Hephastus","tokens":[[2,2],[4,3]]}],"spaces":[[0,0,0,0,2],[0,0,2,0,0],[0,0,0,0,0],[0,0,0,0,0],[0,1,0,0,0]],"style":{"players":["./bin/yo-2021-03-06","bin/play-rate"]},"turn":4}
{"players":[{"card":"Hephastus","tokens":[[2,2],[4,3]]},{"card":"Artemis","tokens":[[1,4],[2,4]]}],"spaces":[[0,0,0,0,3],[0,0,2,0,0],[0,0,0,0,0],[0,0,0,0,0],[0,1,0,0,0]],"style":{"players":["./bin/yo-2021-03-06","bin/play-rate"]},"turn":5}
{"players":[{"card":"Artemis","tokens":[[1,4],[2,4]]},{"card":"Hephastus","tokens":[[2,2],[5,2]]}],"spaces":[[0,0,0,0,3],[0,0,2,0,0],[0,0,0,0,0],[2,0,0,0,0],[0,1,0,0,0]],"style":{"players":["./bin/yo-2021-03-06","bin/play-rate"]},"turn":6}
{"players":[{"card":"Hephastus","tokens":[[2,2],[5,2]]},{"card":"Artemis","tokens":[[1,4],[3,2]]}],"spaces":[[0,0,0,0,3],[0,0,2,0,0],[0,0,0,0,0],[3,0,0,0,0],[0,1,0,0,0]],"style":{"players":["./bin/yo-2021-03-06","bin/play-rate"]},"turn":7}
{"players":[{"card":"Artemis","tokens":[[1,4],[3,2]]},{"card":"Hephastus","tokens":[[3,3],[5,2]]}],"spaces":[[0,0,0,0,3],[0,0,2,0,0],[0,0,0,0,0],[3,2,0,0,0],[0,1,0,0,0]],"style":{"players":["./bin/yo-2021-03-06","bin/play-rate"]},"turn":8}
{"players":[{"card":"Hephastus","tokens":[[3,3],[5,2]]},{"card":"Artemis","tokens":[[1,4],[4,3]]}],"spaces":[[0,0,0,0,3],[0,0,2,0,0],[0,0,0,0,0],[3,3,0,0,0],[0,1,0,0,0]],"style":{"players":["./bin/yo-2021-03-06","bin/play-rate"]},"turn":9}
{"players":[{"card":"Artemis","tokens":[[1,4],[4,3]]},{"card":"Hephastus","tokens":[[4,4],[5,2]]}],"spaces":[[0,0,0,0,3],[0,0,2,0,0],[0,0,0,0,0],[3,3,0,0,0],[0,1,2,0,0]],"style":{"players":["./bin/yo-2021-03-06","bin/play-rate"]},"turn":10}
{"players":[{"card":"Hephastus","tokens":[[4,4],[5,2]]},{"card":"Artemis","tokens":[[1,4],[5,4]]}],"spaces":[[0,0,0,0,3],[0,0,2,0,0],[0,0,0,0,0],[3,3,0,0,0],[0,1,3,0,0]],"style":{"players":["./bin/yo-2021-03-06","bin/play-rate"]},"turn":11}
{"players":[{"card":"Artemis","tokens":[[1,4],[5,4]]},{"card":"Hephastus","tokens":[[3,3],[5,2]]}],"spaces":[[0,0,0,0,3],[0,0,2,0,0],[0,2,0,0,0],[3,3,0,0,0],[0,1,3,0,0]],"style":{"players":["./bin/yo-2021-03-06","bin/play-rate"]},"turn":12}
{"players":[{"card":"Hephastus","tokens":[[3,3],[5,2]]},{"card":"Artemis","tokens":[[2,4],[5,4]]}],"spaces":[[0,0,0,1,3],[0,0,2,0,0],[0,2,0,0,0],[3,3,0,0,0],[0,1,3,0,0]],"style":{"players":["./bin/yo-2021-03-06","bin/play-rate"]},"turn":13}
{"players":[{"card":"Artemis","tokens":[[2,4],[5,4]]},{"card":"Hephastus","tokens":[[2,2],[5,2]]}],"spaces":[[0,0,0,1,3],[0,0,3,0,0],[0,2,0,0,0],[3,3,0,0,0],[0,1,3,0,0]],"style":{"players":["./bin/yo-2021-03-06","bin/play-rate"]},"turn":14}
{"players":[{"card":"Hephastus","tokens":[[2,2],[5,2]]},{"card":"Artemis","tokens":[[2,4],[3,4]]}],"spaces":[[0,0,0,1,3],[0,0,3,0,1],[0,2,0,0,0],[3,3,0,0,0],[0,1,3,0,0]],"style":{"players":["./bin/yo-2021-03-06","bin/play-rate"]},"turn":15}
{"players":[{"card":"Artemis","tokens":[[2,4],[3,4]]},{"card":"Hephastus","tokens":[[3,3],[5,2]]}],"spaces":[[0,0,0,1,3],[0,0,3,0,1],[0,2,0,0,0],[3,3,2,0,0],[0,1,3,0,0]],"style":{"players":["./bin/yo-2021-03-06","bin/play-rate"]},"turn":16}
{"players":[{"card":"Hephastus","tokens":[[3,3],[5,2]]},{"card":"Artemis","tokens":[[2,4],[2,5]]}],"spaces":[[0,0,0,2,3],[0,0,3,0,1],[0,2,0,0,0],[3,3,2,0,0],[0,1,3,0,0]],"style":{"players":["./bin/yo-2021-03-06","bin/play-rate"]},"turn":17}
{"players":[{"card":"Artemis","tokens":[[2,4],[2,5]]},{"card":"Hephastus","tokens":[[4,4],[5,2]]}],"spaces":[[0,0,0,2,3],[0,0,3,0,1],[0,2,0,0,0],[3,3,2,0,0],[0,1,3,0,2]],"style":{"players":["./bin/yo-2021-03-06","bin/play-rate"]},"turn":18}
{"players":[{"card":"Hephastus","tokens":[[4,4],[5,2]]},{"card":"Artemis","tokens":[[1,5],[2,4]]}],"spaces":[[0,0,0,2,3],[0,0,3,0,1],[0,2,0,0,0],[3,3,2,0,0],[0,1,3,0,2]],"style":{"players":["./bin/yo-2021-03-06","bin/play-rate"]},"turn":19}