{"players":[{"card":"Artemis","tokens":[[1,1],[2,2]]},{"card":"Minotaur","tokens":[[3,4],[4,2]]}],"spaces":[[0,0,0,0,0],[0,0,0,0,0],[0,0,0,0,0],[0,0,0,0,0],[0,0,0,0,0]],"style":{"players":["./bin/yo-2021-03-06","bin/play-rate"]},"turn":0}
{"players":[{"card":"Minotaur","tokens":[[3,4],[4,2]]},{"card":"Artemis","tokens":[[2,2],[3,2]]}],"spaces":[[0,0,0,0,0],[1,0,0,0,0],[0,0,0,0,0],[0,0,0,0,0],[0,0,0,0,0]],"style":{"players":["./bin/yo-2021-03-06","bin/play-rate"]},"turn":1}
{"players":[{"card":"Artemis","tokens":[[2,2],[3,2]]},{"card":"Minotaur","tokens":[[2,3],[4,2]]}],"spaces":[[0,0,0,1,0],[1,0,0,0,0],[0,0,0,0,0],[0,0,0,0,0],[0,0,0,0,0]],"style":{"players":["./bin/yo-2021-03-06","bin/play-rate"]},"turn":2}
{"players":[{"card":"Minotaur","tokens":[[2,3],[4,2]]},{"card":"Artemis","tokens":[[2,2],[2,4]]}],"spaces":[[0,0,0,2,0],[1,0,0,0,0],[0,0,0,0,0],[0,0,0,0,0],[0,0,0,0,0]],"style":{"players":["./bin/yo-2021-03-06","bin/play-rate"]},"turn":3}
{"players":[{"card":"Artemis","tokens":[[2,2],[2,4]]},{"card":"Minotaur","tokens":[[3,4],[4,2]]}],"spaces":[[0,0,0,2,0],[1,0,0,0,0],[0,0,0,0,0],[0,0,0,1,0],[0,0,0,0,0]],"style":{"players":["./bin/yo-2021-03-06","bin/play-rate"]},"turn":4}
{"players":[{"card":"Minotaur","tokens":[[3,4],[4,2]]},{"card":"Artemis","tokens":[[2,4],[4,3]]}],"spaces":[[0,0,0,2,0],[1,0,0,0,0],[0,0,0,0,0],[0,0,0,2,0],[0,0,0,0,0]],"style":{"players":["./bin/yo-2021-03-06","bin/play-rate"]},"turn":5}
{"players":[{"card":"Artemis","tokens":[[2,4],[4,3]]},{"card":"Minotaur","tokens":[[3,2],[3,4]]}],"spaces":[[0,0,0,2,0],[1,0,0,0,0],[0,0,0,0,0],[0,1,0,2,0],[0,0,0,0,0]],"style":{"players":["./bin/yo-2021-03-06","bin/play-rate"]},"turn":6}
{"players":[{"card":"Minotaur","tokens":[[3,2],[3,4]]},{"card":"Artemis","tokens":[[1,2],[4,3]]}],"spaces":[[0,0,0,2,0],[2,0,0,0,0],[0,0,0,0,0],[0,1,0,2,0],[0,0,0,0,0]],"style":{"players":["./bin/yo-2021-03-06","bin/play-rate"]},"turn":7}
{"players":[{"card":"Artemis","tokens":[[1,2],[4,3]]},{"card":"Minotaur","tokens":[[3,4],[4,2]]}],"spaces":[[0,0,0,2,0],[2,0,0,0,0],[0,0,0,0,0],[0,1,0,2,0],[1,0,0,0,0]],"style":{"players":["./bin/yo-2021-03-06","bin/play-rate"]},"turn":8}
{"players":[{"card":"Minotaur","tokens":[[3,4],[4,2]]},{"card":"Artemis","tokens":[[1,2],[5,1]]}],"spaces":[[0,0,0,2,0],[2,0,0,0,0],[0,0,0,0,0],[1,1,0,2,0],[1,0,0,0,0]],"style":{"players":["./bin/yo-2021-03-06","bin/play-rate"]},"turn":9}
{"players":[{"card":"Artemis","tokens":[[1,2],[5,1]]},{"card":"Minotaur","tokens":[[2,3],[4,2]]}],"spaces":[[0,0,0,2,0],[2,0,0,1,0],[0,0,0,0,0],[1,1,0,2,0],[1,0,0,0,0]],"style":{"players":["./bin/yo-2021-03-06","bin/play-rate"]},"turn":10}
{"players":[{"card":"Minotaur","tokens":[[2,3],[4,2]]},{"card":"Artemis","tokens":[[2,2],[5,1]]}],"spaces":[[0,0,0,2,0],[3,0,0,1,0],[0,0,0,0,0],[1,1,0,2,0],[1,0,0,0,0]],"style":{"players":["./bin/yo-2021-03-06","bin/play-rate"]},"turn":11}
{"players":[{"card":"Artemis","tokens":[[2,2],[5,1]]},{"card":"Minotaur","tokens":[[2,4],[4,2]]}],"spaces":[[0,0,0,2,0],[3,0,0,1,0],[0,0,0,1,0],[1,1,0,2,0],[1,0,0,0,0]],"style":{"players":["./bin/yo-2021-03-06","bin/play-rate"]},"turn":12}
{"players":[{"card":"Minotaur","tokens":[[2,4],[4,2]]},{"card":"Artemis","tokens":[[1,3],[5,1]]}],"spaces":[[0,0,0,3,0],[3,0,0,1,0],[0,0,0,1,0],[1,1,0,2,0],[1,0,0,0,0]],"style":{"players":["./bin/yo-2021-03-06","bin/play-rate"]},"turn":13}
{"players":[{"card":"Artemis","tokens":[[1,3],[5,1]]},{"card":"Minotaur","tokens":[[3,4],[4,2]]}],"spaces":[[0,0,0,3,0],[3,0,1,1,0],[0,0,0,1,0],[1,1,0,2,0],[1,0,0,0,0]],"style":{"players":["./bin/yo-2021-03-06","bin/play-rate"]},"turn":14}
{"players":[{"card":"Minotaur","tokens":[[3,4],[4,2]]},{"card":"Artemis","tokens":[[1,3],[5,2]]}],"spaces":[[0,0,0,3,0],[3,0,1,1,0],[0,0,0,1,0],[1,1,0,2,0],[2,0,0,0,0]],"style":{"players":["./bin/yo-2021-03-06","bin/play-rate"]},"turn":15}
{"players":[{"card":"Artemis","tokens":[[1,3],[5,2]]},{"card":"Minotaur","tokens":[[4,2],[4,4]]}],"spaces":[[0,0,0,3,0],[3,0,1,1,0],[0,0,0,1,0],[1,1,0,2,0],[2,0,1,0,0]],"style":{"players":["./bin/yo-2021-03-06","bin/play-rate"]},"turn":16}
{"players":[{"card":"Minotaur","tokens":[[4,2],[4,4]]},{"card":"Artemis","tokens":[[2,3],[5,2]]}],"spaces":[[0,0,0,3,0],[3,0,1,2,0],[0,0,0,1,0],[1,1,0,2,0],[2,0,1,0,0]],"style":{"players":["./bin/yo-2021-03-06","bin/play-rate"]},"turn":17}
{"players":[{"card":"Artemis","tokens":[[2,3],[5,2]]},{"card":"Minotaur","tokens":[[3,3],[4,4]]}],"spaces":[[0,0,0,3,0],[3,0,1,3,0],[0,0,0,1,0],[1,1,0,2,0],[2,0,1,0,0]],"style":{"players":["./bin/yo-2021-03-06","bin/play-rate"]},"turn":18}
{"players":[{"card":"Minotaur","tokens":[[3,3],[4,4]]},{"card":"Artemis","tokens":[[4,1],[5,2]]}],"spaces":[[0,0,0,3,0],[3,0,1,3,0],[0,0,0,1,0],[1,2,0,2,0],[2,0,1,0,0]],"style":{"players":["./bin/yo-2021-03-06","bin/play-rate"]},"turn":19}
{"players":[{"card":"Artemis","tokens":[[4,1],[5,2]]},{"card":"Minotaur","tokens":[[2,3],[4,4]]}],"spaces":[[0,0,0,3,0],[3,0,1,3,0],[0,0,0,2,0],[1,2,0,2,0],[2,0,1,0,0]],"style":{"players":["./bin/yo-2021-03-06","bin/play-rate"]},"turn":20}
{"players":[{"card":"Minotaur","tokens":[[2,3],[4,4]]},{"card":"Artemis","tokens":[[4,1],[4,2]]}],"spaces":[[0,0,0,3,0],[3,0,1,3,0],[0,0,0,2,0],[1,2,0,2,0],[3,0,1,0,0]],"style":{"players":["./bin/yo-2021-03-06","bin/play-rate"]},"turn":21}
{"players":[{"card":"Artemis","tokens":[[4,1],[4,2]]},{"card":"Minotaur","tokens":[[3,2],[4,4]]}],"spaces":[[0,0,0,3,0],[3,0,2,3,0],[0,0,0,2,0],[1,2,0,2,0],[3,0,1,0,0]],"style":{"players":["./bin/yo-2021-03-06","bin/play-rate"]},"turn":22}
{"players":[{"card":"Minotaur","tokens":[[3,2],[4,4]]},{"card":"Artemis","tokens":[[4,1],[5,1]]}],"spaces":[[0,0,0,3,0],[3,0,2,3,0],[0,0,0,2,0],[1,2,0,2,0],[3,0,1,0,0]],"style":{"players":["./bin/yo-2021-03-06","bin/play-rate"]},"turn":23}