{"players":[{"card":"Minotaur","tokens":[[3,2],[4,4]]},{"card":"Artemis","tokens":[[2,3],[4,3]]}],"spaces":[[0,0,0,0,0],[0,0,0,0,0],[0,0,0,0,0],[0,0,0,0,0],[0,0,0,0,0]],"style":{"players":["bin/play-rate","./bin/yo-2021-03-06"]},"turn":0}
{"players":[{"card":"Artemis","tokens":[[1,4],[4,3]]},{"card":"Minotaur","tokens":[[2,3],[4,4]]}],"spaces":[[0,1,0,0,0],[0,0,0,0,0],[0,0,0,0,0],[0,0,0,0,0],[0,0,0,0,0]],"style":{"players":["bin/play-rate","./bin/yo-2021-03-06"]},"turn":1}
{"players":[{"card":"Minotaur","tokens":[[2,3],[4,4]]},{"card":"Artemis","tokens":[[2,2],[4,3]]}],"spaces":[[0,2,0,0,0],[0,0,0,0,0],[0,0,0,0,0],[0,0,0,0,0],[0,0,0,0,0]],"style":{"players":["bin/play-rate","./bin/yo-2021-03-06"]},"turn":2}
{"players":[{"card":"Artemis","tokens":[[2,2],[4,3]]},{"card":"Minotaur","tokens":[[3,2],[4,4]]}],"spaces":[[0,2,0,0,0],[0,0,0,0,0],[0,0,1,0,0],[0,0,0,0,0],[0,0,0,0,0]],"style":{"players":["bin/play-rate","./bin/yo-2021-03-06"]},"turn":3}
{"players":[{"card":"Minotaur","tokens":[[3,2],[4,4]]},{"card":"Artemis","tokens":[[2,2],[2,3]]}],"spaces":[[0,2,0,0,0],[0,0,0,0,0],[0,0,2,0,0],[0,0,0,0,0],[0,0,0,0,0]],"style":{"players":["bin/play-rate","./bin/yo-2021-03-06"]},"turn":4}
{"players":[{"card":"Artemis","tokens":[[2,2],[2,3]]},{"card":"Minotaur","tokens":[[3,2],[3,4]]}],"spaces":[[0,2,0,0,0],[0,0,0,0,0],[0,0,2,0,0],[0,0,0,1,0],[0,0,0,0,0]],"style":{"players":["bin/play-rate","./bin/yo-2021-03-06"]},"turn":5}
{"players":[{"card":"Minotaur","tokens":[[3,2],[3,4]]},{"card":"Artemis","tokens":[[2,2],[3,5]]}],"spaces":[[0,2,0,0,0],[0,0,0,0,0],[0,0,2,0,0],[0,0,0,2,0],[0,0,0,0,0]],"style":{"players":["bin/play-rate","./bin/yo-2021-03-06"]},"turn":6}
{"players":[{"card":"Artemis","tokens":[[2,2],[3,5]]},{"card":"Minotaur","tokens":[[3,4],[4,2]]}],"spaces":[[0,2,0,0,0],[0,0,0,0,0],[0,0,2,0,0],[0,0,0,2,0],[0,1,0,0,0]],"style":{"players":["bin/play-rate","./bin/yo-2021-03-06"]},"turn":7}
{"players":[{"card":"Minotaur","tokens":[[3,4],[4,2]]},{"card":"Artemis","tokens":[[2,2],[4,5]]}],"spaces":[[0,2,0,0,0],[0,0,0,0,0],[0,0,2,0,0],[0,0,0,2,0],[0,1,0,0,1]],"style":{"players":["bin/play-rate","./bin/yo-2021-03-06"]},"turn":8}
{"players":[{"card":"Artemis","tokens":[[2,2],[4,5]]},{"card":"Minotaur","tokens":[[3,4],[4,3]]}],"spaces":[[0,2,0,0,0],[0,0,0,0,0],[0,0,2,0,0],[0,0,0,3,0],[0,1,0,0,1]],"style":{"players":["bin/play-rate","./bin/yo-2021-03-06"]},"turn":9}
{"players":[{"card":"Minotaur","tokens":[[3,4],[4,3]]},{"card":"Artemis","tokens":[[2,1],[4,5]]}],"spaces":[[0,3,0,0,0],[0,0,0,0,0],[0,0,2,0,0],[0,0,0,3,0],[0,1,0,0,1]],"style":{"players":["bin/play-rate","./bin/yo-2021-03-06"]},"turn":10}
{"players":[{"card":"Artemis","tokens":[[2,1],[4,5]]},{"card":"Minotaur","tokens":[[2,4],[4,3]]}],"spaces":[[0,3,0,0,0],[0,0,0,0,0],[0,0,2,0,1],[0,0,0,3,0],[0,1,0,0,1]],"style":{"players":["bin/play-rate","./bin/yo-2021-03-06"]},"turn":11}
{"players":[{"card":"Minotaur","tokens":[[2,4],[4,3]]},{"card":"Artemis","tokens":[[4,2],[4,5]]}],"spaces":[[0,3,0,0,0],[0,0,0,0,0],[0,0,2,0,1],[0,0,0,3,0],[0,2,0,0,1]],"style":{"players":["bin/play-rate","./bin/yo-2021-03-06"]},"turn":12}
{"players":[{"card":"Artemis","tokens":[[4,2],[4,5]]},{"card":"Minotaur","tokens":[[3,5],[4,3]]}],"spaces":[[0,3,0,0,0],[0,0,0,0,1],[0,0,2,0,1],[0,0,0,3,0],[0,2,0,0,1]],"style":{"players":["bin/play-rate","./bin/yo-2021-03-06"]},"turn":13}
{"players":[{"card":"Minotaur","tokens":[[3,5],[4,3]]},{"card":"Artemis","tokens":[[2,4],[4,2]]}],"spaces":[[0,3,0,0,0],[0,0,1,0,1],[0,0,2,0,1],[0,0,0,3,0],[0,2,0,0,1]],"style":{"players":["bin/play-rate","./bin/yo-2021-03-06"]},"turn":14}
{"players":[{"card":"Artemis","tokens":[[2,4],[4,2]]},{"card":"Minotaur","tokens":[[3,2],[3,5]]}],"spaces":[[0,3,0,0,0],[0,0,2,0,1],[0,0,2,0,1],[0,0,0,3,0],[0,2,0,0,1]],"style":{"players":["bin/play-rate","./bin/yo-2021-03-06"]},"turn":15}
{"players":[{"card":"Minotaur","tokens":[[3,2],[3,5]]},{"card":"Artemis","tokens":[[2,2],[2,4]]}],"spaces":[[0,3,1,0,0],[0,0,2,0,1],[0,0,2,0,1],[0,0,0,3,0],[0,2,0,0,1]],"style":{"players":["bin/play-rate","./bin/yo-2021-03-06"]},"turn":16}
{"players":[{"card":"Artemis","tokens":[[2,2],[2,4]]},{"card":"Minotaur","tokens":[[3,5],[4,3]]}],"spaces":[[0,3,1,0,0],[0,0,2,0,1],[0,0,2,0,1],[0,1,0,3,0],[0,2,0,0,1]],"style":{"players":["bin/play-rate","./bin/yo-2021-03-06"]},"turn":17}
{"players":[{"card":"Minotaur","tokens":[[3,5],[4,3]]},{"card":"Artemis","tokens":[[2,3],[2,4]]}],"spaces":[[0,3,1,0,0],[0,0,2,0,1],[0,0,3,0,1],[0,1,0,3,0],[0,2,0,0,1]],"style":{"players":["bin/play-rate","./bin/yo-2021-03-06"]},"turn":18}
{"players":[{"card":"Artemis","tokens":[[2,3],[2,4]]},{"card":"Minotaur","tokens":[[3,5],[5,4]]}],"spaces":[[0,3,1,0,0],[0,0,2,0,1],[0,0,3,0,1],[0,1,1,3,0],[0,2,0,0,1]],"style":{"players":["bin/play-rate","./bin/yo-2021-03-06"]},"turn":19}
{"players":[{"card":"Minotaur","tokens":[[3,5],[5,4]]},{"card":"Artemis","tokens":[[1,2],[2,4]]}],"spaces":[[0,3,1,0,0],[0,0,2,0,1],[0,0,3,0,1],[0,1,1,3,0],[0,2,0,0,1]],"style":{"players":["bin/play-rate","./bin/yo-2021-03-06"]},"turn":20}