{"players":[{"card":"Artemis","tokens":[[4,4],[5,5]]},{"card":"Minotaur","tokens":[[2,2],[4,3]]}],"spaces":[[0,0,0,0,0],[0,0,0,0,0],[0,0,0,0,0],[0,0,0,0,0],[0,0,0,0,0]],"style":{"players":["./bin/yo-2021-03-06","bin/play-rate"]},"turn":0}
{"players":[{"card":"Minotaur","tokens":[[2,2],[4,3]]},{"card":"Artemis","tokens":[[4,4],[4,5]]}],"spaces":[[0,0,0,0,0],[0,0,0,0,0],[0,0,0,0,0],[0,0,0,0,0],[0,0,0,0,1]],"style":{"players":["./bin/yo-2021-03-06","bin/play-rate"]},"turn":1}
{"players":[{"card":"Artemis","tokens":[[4,4],[4,5]]},{"card":"Minotaur","tokens":[[2,2],[3,4]]}],"spaces":[[0,0,0,0,0],[0,0,1,0,0],[0,0,0,0,0],[0,0,0,0,0],[0,0,0,0,1]],"style":{"players":["./bin/yo-2021-03-06","bin/play-rate"]},"turn":2}
{"players":[{"card":"Minotaur","tokens":[[2,2],[3,4]]},{"card":"Artemis","tokens":[[3,2],[4,5]]}],"spaces":[[0,0,0,0,0],[0,0,2,0,0],[0,0,0,0,0],[0,0,0,0,0],[0,0,0,0,1]],"style":{"players":["./bin/yo-2021-03-06","bin/play-rate"]},"turn":3}
{"players":[{"card":"Artemis","tokens":[[3,2],[4,5]]},{"card":"Minotaur","tokens":[[2,2],[4,3]]}],"spaces":[[0,0,0,0,0],[0,0,2,0,0],[0,0,0,0,0],[0,0,0,0,0],[0,1,0,0,1]],"style":{"players":["./bin/yo-2021-03-06","bin/play-rate"]},"turn":4}
{"players":[{"card":"Minotaur","tokens":[[2,2],[4,3]]},{"card":"Artemis","tokens":[[4,5],[5,1]]}],"spaces":[[0,0,0,0,0],[0,0,2,0,0],[0,0,0,0,0],[0,0,0,0,0],[0,2,0,0,1]],"style":{"players":["./bin/yo-2021-03-06","bin/play-rate"]},"turn":5}
{"players":[{"card":"Artemis","tokens":[[4,5],[5,1]]},{"card":"Minotaur","tokens":[[2,2],[3,4]]}],"spaces":[[0,0,0,0,0],[0,0,2,0,1],[0,0,0,0,0],[0,0,0,0,0],[0,2,0,0,1]],"style":{"players":["./bin/yo-2021-03-06","bin/play-rate"]},"turn":6}
{"players":[{"card":"Minotaur","tokens":[[2,2],[3,4]]},{"card":"Artemis","tokens":[[4,3],[5,1]]}],"spaces":[[0,0,0,0,0],[0,0,2,0,1],[0,0,0,0,0],[0,0,0,0,0],[0,3,0,0,1]],"style":{"players":["./bin/yo-2021-03-06","bin/play-rate"]},"turn":7}
{"players":[{"card":"Artemis","tokens":[[4,3],[5,1]]},{"card":"Minotaur","tokens":[[2,2],[2,5]]}],"spaces":[[0,0,0,0,1],[0,0,2,0,1],[0,0,0,0,0],[0,0,0,0,0],[0,3,0,0,1]],"style":{"players":["./bin/yo-2021-03-06","bin/play-rate"]},"turn":8}
{"players":[{"card":"Minotaur","tokens":[[2,2],[2,5]]},{"card":"Artemis","tokens":[[4,5],[5,1]]}],"spaces":[[0,0,0,0,1],[0,0,2,0,1],[0,0,0,0,0],[0,0,0,0,0],[0,3,0,0,2]],"style":{"players":["./bin/yo-2021-03-06","bin/play-rate"]},"turn":9}
{"players":[{"card":"Artemis","tokens":[[4,5],[5,1]]},{"card":"Minotaur","tokens":[[2,5],[3,3]]}],"spaces":[[0,0,0,0,1],[0,1,2,0,1],[0,0,0,0,0],[0,0,0,0,0],[0,3,0,0,2]],"style":{"players":["./bin/yo-2021-03-06","bin/play-rate"]},"turn":10}
{"players":[{"card":"Minotaur","tokens":[[2,5],[3,3]]},{"card":"Artemis","tokens":[[4,4],[5,1]]}],"spaces":[[0,0,0,0,1],[0,1,2,0,1],[0,0,0,0,0],[0,0,0,0,0],[0,3,0,0,3]],"style":{"players":["./bin/yo-2021-03-06","bin/play-rate"]},"turn":11}
{"players":[{"card":"Artemis","tokens":[[4,4],[5,1]]},{"card":"Minotaur","tokens":[[2,2],[2,5]]}],"spaces":[[0,0,0,0,1],[1,1,2,0,1],[0,0,0,0,0],[0,0,0,0,0],[0,3,0,0,3]],"style":{"players":["./bin/yo-2021-03-06","bin/play-rate"]},"turn":12}
{"players":[{"card":"Minotaur","tokens":[[2,2],[2,5]]},{"card":"Artemis","tokens":[[2,4],[5,1]]}],"spaces":[[0,0,0,0,2],[1,1,2,0,1],[0,0,0,0,0],[0,0,0,0,0],[0,3,0,0,3]],"style":{"players":["./bin/yo-2021-03-06","bin/play-rate"]},"turn":13}
{"players":[{"card":"Artemis","tokens":[[2,4],[5,1]]},{"card":"Minotaur","tokens":[[2,3],[2,5]]}],"spaces":[[0,0,0,0,2],[1,2,2,0,1],[0,0,0,0,0],[0,0,0,0,0],[0,3,0,0,3]],"style":{"players":["./bin/yo-2021-03-06","bin/play-rate"]},"turn":14}
{"players":[{"card":"Minotaur","tokens":[[2,3],[2,5]]},{"card":"Artemis","tokens":[[1,4],[5,1]]}],"spaces":[[0,0,0,0,3],[1,2,2,0,1],[0,0,0,0,0],[0,0,0,0,0],[0,3,0,0,3]],"style":{"players":["./bin/yo-2021-03-06","bin/play-rate"]},"turn":15}
{"players":[{"card":"Artemis","tokens":[[1,4],[5,1]]},{"card":"Minotaur","tokens":[[2,2],[2,5]]}],"spaces":[[0,0,0,0,3],[1,2,2,0,1],[1,0,0,0,0],[0,0,0,0,0],[0,3,0,0,3]],"style":{"players":["./bin/yo-2021-03-06","bin/play-rate"]},"turn":16}
{"players":[{"card":"Minotaur","tokens":[[2,2],[2,5]]},{"card":"Artemis","tokens":[[1,4],[3,3]]}],"spaces":[[0,0,0,0,3],[1,2,2,0,1],[1,0,0,1,0],[0,0,0,0,0],[0,3,0,0,3]],"style":{"players":["./bin/yo-2021-03-06","bin/play-rate"]},"turn":17}
{"players":[{"card":"Artemis","tokens":[[1,4],[3,3]]},{"card":"Minotaur","tokens":[[2,2],[3,4]]}],"spaces":[[0,0,0,0,3],[1,2,2,0,2],[1,0,0,1,0],[0,0,0,0,0],[0,3,0,0,3]],"style":{"players":["./bin/yo-2021-03-06","bin/play-rate"]},"turn":18}
{"players":[{"card":"Minotaur","tokens":[[2,2],[3,4]]},{"card":"Artemis","tokens":[[3,3],[3,5]]}],"spaces":[[0,0,0,0,3],[1,2,2,0,3],[1,0,0,1,0],[0,0,0,0,0],[0,3,0,0,3]],"style":{"players":["./bin/yo-2021-03-06","bin/play-rate"]},"turn":19}
{"players":[{"card":"Artemis","tokens":[[3,3],[3,5]]},{"card":"Minotaur","tokens":[[2,2],[2,3]]}],"spaces":[[0,0,0,0,3],[1,2,2,0,3],[1,0,0,2,0],[0,0,0,0,0],[0,3,0,0,3]],"style":{"players":["./bin/yo-2021-03-06","bin/play-rate"]},"turn":20}
{"players":[{"card":"Minotaur","tokens":[[2,2],[2,3]]},{"card":"Artemis","tokens":[[2,4],[3,3]]}],"spaces":[[0,0,0,0,3],[1,2,2,0,4],[1,0,0,2,0],[0,0,0,0,0],[0,3,0,0,3]],"style":{"players":["./bin/yo-2021-03-06","bin/play-rate"]},"turn":21}
{"players":[{"card":"Artemis","tokens":[[2,4],[3,3]]},{"card":"Minotaur","tokens":[[2,2],[3,4]]}],"spaces":[[0,0,0,0,3],[1,2,2,0,4],[1,0,0,2,0],[0,0,0,1,0],[0,3,0,0,3]],"style":{"players":["./bin/yo-2021-03-06","bin/play-rate"]},"turn":22}
{"players":[{"card":"Minotaur","tokens":[[2,2],[3,4]]},{"card":"Artemis","tokens":[[1,2],[3,3]]}],"spaces":[[0,0,1,0,3],[1,2,2,0,4],[1,0,0,2,0],[0,0,0,1,0],[0,3,0,0,3]],"style":{"players":["./bin/yo-2021-03-06","bin/play-rate"]},"turn":23}
{"players":[{"card":"Artemis","tokens":[[1,2],[3,3]]},{"card":"Minotaur","tokens":[[2,3],[3,4]]}],"spaces":[[0,0,1,0,3],[1,3,2,0,4],[1,0,0,2,0],[0,0,0,1,0],[0,3,0,0,3]],"style":{"players":["./bin/yo-2021-03-06","bin/play-rate"]},"turn":24}
{"players":[{"card":"Minotaur","tokens":[[2,3],[3,4]]},{"card":"Artemis","tokens":[[3,1],[3,3]]}],"spaces":[[0,0,1,0,3],[1,4,2,0,4],[1,0,0,2,0],[0,0,0,1,0],[0,3,0,0,3]],"style":{"players":["./bin/yo-2021-03-06","bin/play-rate"]},"turn":25}
{"players":[{"card":"Artemis","tokens":[[3,1],[3,3]]},{"card":"Minotaur","tokens":[[2,3],[4,4]]}],"spaces":[[0,0,1,0,3],[1,4,2,0,4],[1,0,0,2,0],[0,0,0,1,0],[0,3,0,0,4]],"style":{"players":["./bin/yo-2021-03-06","bin/play-rate"]},"turn":26}
{"players":[{"card":"Minotaur","tokens":[[2,3],[4,4]]},{"card":"Artemis","tokens":[[3,2],[3,3]]}],"spaces":[[0,0,1,0,3],[1,4,2,0,4],[2,0,0,2,0],[0,0,0,1,0],[0,3,0,0,4]],"style":{"players":["./bin/yo-2021-03-06","bin/play-rate"]},"turn":27}
{"players":[{"card":"Artemis","tokens":[[3,2],[3,3]]},{"card":"Minotaur","tokens":[[2,3],[3,4]]}],"spaces":[[0,0,1,0,3],[1,4,2,0,4],[2,0,0,2,0],[0,0,0,2,0],[0,3,0,0,4]],"style":{"players":["./bin/yo-2021-03-06","bin/play-rate"]},"turn":28}
{"players":[{"card":"Minotaur","tokens":[[2,3],[3,4]]},{"card":"Artemis","tokens":[[3,1],[3,3]]}],"spaces":[[0,0,1,0,3],[2,4,2,0,4],[2,0,0,2,0],[0,0,0,2,0],[0,3,0,0,4]],"style":{"players":["./bin/yo-2021-03-06","bin/play-rate"]},"turn":29}
{"players":[{"card":"Artemis","tokens":[[3,1],[3,3]]},{"card":"Minotaur","tokens":[[2,3],[4,4]]}],"spaces":[[0,0,1,0,3],[2,4,2,0,4],[2,0,0,2,0],[0,0,0,2,0],[0,3,1,0,4]],"style":{"players":["./bin/yo-2021-03-06","bin/play-rate"]},"turn":30}
{"players":[{"card":"Minotaur","tokens":[[2,3],[4,4]]},{"card":"Artemis","tokens":[[3,1],[5,3]]}],"spaces":[[0,0,1,0,3],[2,4,2,0,4],[2,0,0,2,0],[0,1,0,2,0],[0,3,1,0,4]],"style":{"players":["./bin/yo-2021-03-06","bin/play-rate"]},"turn":31}
{"players":[{"card":"Artemis","tokens":[[3,1],[5,3]]},{"card":"Minotaur","tokens":[[2,3],[3,4]]}],"spaces":[[0,0,1,0,3],[2,4,2,0,4],[2,0,0,2,0],[0,1,0,3,0],[0,3,1,0,4]],"style":{"players":["./bin/yo-2021-03-06","bin/play-rate"]},"turn":32}
{"players":[{"card":"Minotaur","tokens":[[2,3],[3,4]]},{"card":"Artemis","tokens":[[3,1],[3,3]]}],"spaces":[[0,0,1,0,3],[2,4,2,0,4],[2,0,0,2,0],[0,1,0,4,0],[0,3,1,0,4]],"style":{"players":["./bin/yo-2021-03-06","bin/play-rate"]},"turn":33}
{"players":[{"card":"Artemis","tokens":[[3,1],[3,3]]},{"card":"Minotaur","tokens":[[1,3],[3,4]]}],"spaces":[[0,1,1,0,3],[2,4,2,0,4],[2,0,0,2,0],[0,1,0,4,0],[0,3,1,0,4]],"style":{"players":["./bin/yo-2021-03-06","bin/play-rate"]},"turn":34}
{"players":[{"card":"Minotaur","tokens":[[1,3],[3,4]]},{"card":"Artemis","tokens":[[2,1],[3,3]]}],"spaces":[[0,1,1,0,3],[2,4,2,0,4],[3,0,0,2,0],[0,1,0,4,0],[0,3,1,0,4]],"style":{"players":["./bin/yo-2021-03-06","bin/play-rate"]},"turn":35}
{"players":[{"card":"Artemis","tokens":[[2,1],[3,3]]},{"card":"Minotaur","tokens":[[1,3],[4,5]]}],"spaces":[[0,1,1,0,3],[2,4,2,0,4],[3,0,0,2,1],[0,1,0,4,0],[0,3,1,0,4]],"style":{"players":["./bin/yo-2021-03-06","bin/play-rate"]},"turn":36}
{"players":[{"card":"Minotaur","tokens":[[1,3],[4,5]]},{"card":"Artemis","tokens":[[3,1],[3,3]]}],"spaces":[[0,1,1,0,3],[2,4,2,0,4],[3,0,0,2,1],[0,1,0,4,0],[0,3,1,0,4]],"style":{"players":["./bin/yo-2021-03-06","bin/play-rate"]},"turn":37}