{"players":[{"card":"Pan","tokens":[[4,2],[5,1]]},{"card":"Artemis","tokens":[[3,2],[4,4]]}],"spaces":[[0,0,0,0,0],[0,0,0,0,0],[0,0,0,0,0],[0,0,0,0,0],[0,0,0,0,0]],"style":{"players":["./bin/yo-2021-03-06","bin/play-rate"]},"turn":0}
{"players":[{"card":"Artemis","tokens":[[3,2],[4,4]]},{"card":"Pan","tokens":[[4,2],[5,2]]}],"spaces":[[0,0,0,0,0],[0,0,0,0,0],[0,0,0,0,0],[1,0,0,0,0],[0,0,0,0,0]],"style":{"players":["./bin/yo-2021-03-06","bin/play-rate"]},"turn":1}
{"players":[{"card":"Pan","tokens":[[4,2],[5,2]]},{"card":"Artemis","tokens":[[4,1],[4,4]]}],"spaces":[[0,0,0,0,0],[0,0,0,0,0],[0,0,0,0,0],[1,0,0,0,0],[1,0,0,0,0]],"style":{"players":["./bin/yo-2021-03-06","bin/play-rate"]},"turn":2}
{"players":[{"card":"Artemis","tokens":[[4,1],[4,4]]},{"card":"Pan","tokens":[[4,2],[5,1]]}],"spaces":[[0,0,0,0,0],[0,0,0,0,0],[0,0,0,0,0],[1,0,0,0,0],[1,1,0,0,0]],"style":{"players":["./bin/yo-2021-03-06","bin/play-rate"]},"turn":3}
{"players":[{"card":"Pan","tokens":[[4,2],[5,1]]},{"card":"Artemis","tokens":[[2,2],[4,1]]}],"spaces":[[0,0,0,0,0],[0,0,1,0,0],[0,0,0,0,0],[1,0,0,0,0],[1,1,0,0,0]],"style":{"players":["./bin/yo-2021-03-06","bin/play-rate"]},"turn":4}
{"players":[{"card":"Artemis","tokens":[[2,2],[4,1]]},{"card":"Pan","tokens":[[4,2],[5,2]]}],"spaces":[[0,0,0,0,0],[0,0,1,0,0],[0,0,0,0,0],[1,0,0,0,0],[2,1,0,0,0]],"style":{"players":["./bin/yo-2021-03-06","bin/play-rate"]},"turn":5}
{"players":[{"card":"Pan","tokens":[[4,2],[5,2]]},{"card":"Artemis","tokens":[[2,3],[4,1]]}],"spaces":[[0,0,0,0,0],[0,1,1,0,0],[0,0,0,0,0],[1,0,0,0,0],[2,1,0,0,0]],"style":{"players":["./bin/yo-2021-03-06","bin/play-rate"]},"turn":6}
{"players":[{"card":"Artemis","tokens":[[2,3],[4,1]]},{"card":"Pan","tokens":[[4,2],[5,1]]}],"spaces":[[0,0,0,0,0],[0,1,1,0,0],[0,0,0,0,0],[1,0,0,0,0],[2,2,0,0,0]],"style":{"players":["./bin/yo-2021-03-06","bin/play-rate"]},"turn":7}
{"players":[{"card":"Pan","tokens":[[4,2],[5,1]]},{"card":"Artemis","tokens":[[2,3],[5,2]]}],"spaces":[[0,0,0,0,0],[0,1,1,0,0],[0,0,0,0,0],[1,0,0,0,0],[2,2,1,0,0]],"style":{"players":["./bin/yo-2021-03-06","bin/play-rate"]},"turn":8}
{"players":[{"card":"Artemis","tokens":[[2,3],[5,2]]},{"card":"Pan","tokens":[[3,2],[5,1]]}],"spaces":[[0,0,0,0,0],[0,1,1,0,0],[0,0,0,0,0],[2,0,0,0,0],[2,2,1,0,0]],"style":{"players":["./bin/yo-2021-03-06","bin/play-rate"]},"turn":9}
{"players":[{"card":"Pan","tokens":[[3,2],[5,1]]},{"card":"Artemis","tokens":[[2,3],[4,1]]}],"spaces":[[0,0,0,0,0],[0,1,1,0,0],[0,0,0,0,0],[2,1,0,0,0],[2,2,1,0,0]],"style":{"players":["./bin/yo-2021-03-06","bin/play-rate"]},"turn":10}
{"players":[{"card":"Artemis","tokens":[[2,3],[4,1]]},{"card":"Pan","tokens":[[3,2],[5,2]]}],"spaces":[[0,0,0,0,0],[0,1,1,0,0],[0,0,0,0,0],[2,2,0,0,0],[2,2,1,0,0]],"style":{"players":["./bin/yo-2021-03-06","bin/play-rate"]},"turn":11}
{"players":[{"card":"Pan","tokens":[[3,2],[5,2]]},{"card":"Artemis","tokens":[[2,3],[4,2]]}],"spaces":[[0,0,0,0,0],[0,1,1,0,0],[0,0,0,0,0],[2,2,1,0,0],[2,2,1,0,0]],"style":{"players":["./bin/yo-2021-03-06","bin/play-rate"]},"turn":12}
{"players":[{"card":"Artemis","tokens":[[2,3],[4,2]]},{"card":"Pan","tokens":[[4,3],[5,2]]}],"spaces":[[0,0,0,0,0],[0,1,1,0,0],[0,0,0,0,0],[2,2,1,0,0],[2,2,2,0,0]],"style":{"players":["./bin/yo-2021-03-06","bin/play-rate"]},"turn":13}
{"players":[{"card":"Pan","tokens":[[4,3],[5,2]]},{"card":"Artemis","tokens":[[2,2],[4,2]]}],"spaces":[[0,0,0,0,0],[0,1,2,0,0],[0,0,0,0,0],[2,2,1,0,0],[2,2,2,0,0]],"style":{"players":["./bin/yo-2021-03-06","bin/play-rate"]},"turn":14}
{"players":[{"card":"Artemis","tokens":[[2,2],[4,2]]},{"card":"Pan","tokens":[[5,2],[5,3]]}],"spaces":[[0,0,0,0,0],[0,1,2,0,0],[0,0,0,0,0],[2,2,2,0,0],[2,2,2,0,0]],"style":{"players":["./bin/yo-2021-03-06","bin/play-rate"]},"turn":15}
{"players":[{"card":"Pan","tokens":[[5,2],[5,3]]},{"card":"Artemis","tokens":[[4,2],[4,4]]}],"spaces":[[0,0,0,0,0],[0,1,2,0,0],[0,0,0,0,0],[2,2,2,0,0],[2,2,2,1,0]],"style":{"players":["./bin/yo-2021-03-06","bin/play-rate"]},"turn":16}
{"players":[{"card":"Artemis","tokens":[[4,2],[4,4]]},{"card":"Pan","tokens":[[4,3],[5,3]]}],"spaces":[[0,0,0,0,0],[0,1,2,0,0],[0,0,0,0,0],[2,2,2,0,0],[2,2,2,2,0]],"style":{"players":["./bin/yo-2021-03-06","bin/play-rate"]},"turn":17}
{"players":[{"card":"Pan","tokens":[[4,3],[5,3]]},{"card":"Artemis","tokens":[[4,4],[5,1]]}],"spaces":[[0,0,0,0,0],[0,1,2,0,0],[0,0,0,0,0],[3,2,2,0,0],[2,2,2,2,0]],"style":{"players":["./bin/yo-2021-03-06","bin/play-rate"]},"turn":18}
{"players":[{"card":"Artemis","tokens":[[4,4],[5,1]]},{"card":"Pan","tokens":[[3,2],[5,3]]}],"spaces":[[0,0,0,0,0],[0,1,2,0,0],[0,0,0,0,0],[3,2,2,0,0],[2,2,2,2,0]],"style":{"players":["./bin/yo-2021-03-06","bin/play-rate"]},"turn":19}