{"players":[{"card":"Pan","tokens":[[2,4],[4,3]]},{"card":"Artemis","tokens":[[3,2],[3,4]]}],"spaces":[[0,0,0,0,0],[0,0,0,0,0],[0,0,0,0,0],[0,0,0,0,0],[0,0,0,0,0]],"style":{"players":["bin/play-rate","./bin/yo-2021-03-06"]},"turn":0}
{"players":[{"card":"Artemis","tokens":[[3,2],[3,4]]},{"card":"Pan","tokens":[[2,4],[4,4]]}],"spaces":[[0,0,0,0,0],[0,0,0,0,0],[0,0,0,0,0],[0,0,0,0,1],[0,0,0,0,0]],"style":{"players":["bin/play-rate","./bin/yo-2021-03-06"]},"turn":1}
{"players":[{"card":"Pan","tokens":[[2,4],[4,4]]},{"card":"Artemis","tokens":[[3,2],[3,5]]}],"spaces":[[0,0,0,0,0],[0,0,0,0,0],[0,0,0,0,0],[0,0,0,0,2],[0,0,0,0,0]],"style":{"players":["bin/play-rate","./bin/yo-2021-03-06"]},"turn":2}
{"players":[{"card":"Artemis","tokens":[[3,2],[3,5]]},{"card":"Pan","tokens":[[2,3],[4,4]]}],"spaces":[[0,0,0,0,0],[0,1,0,0,0],[0,0,0,0,0],[0,0,0,0,2],[0,0,0,0,0]],"style":{"players":["bin/play-rate","./bin/yo-2021-03-06"]},"turn":3}
{"players":[{"card":"Pan","tokens":[[2,3],[4,4]]},{"card":"Artemis","tokens":[[3,3],[3,5]]}],"spaces":[[0,0,0,0,0],[0,2,0,0,0],[0,0,0,0,0],[0,0,0,0,2],[0,0,0,0,0]],"style":{"players":["bin/play-rate","./bin/yo-2021-03-06"]},"turn":4}
{"players":[{"card":"Artemis","tokens":[[3,3],[3,5]]},{"card":"Pan","tokens":[[3,2],[4,4]]}],"spaces":[[0,0,0,0,0],[0,2,0,0,0],[0,0,0,0,0],[1,0,0,0,2],[0,0,0,0,0]],"style":{"players":["bin/play-rate","./bin/yo-2021-03-06"]},"turn":5}
{"players":[{"card":"Pan","tokens":[[3,2],[4,4]]},{"card":"Artemis","tokens":[[3,5],[4,2]]}],"spaces":[[0,0,0,0,0],[0,2,0,0,0],[0,0,0,0,0],[2,0,0,0,2],[0,0,0,0,0]],"style":{"players":["bin/play-rate","./bin/yo-2021-03-06"]},"turn":6}
{"players":[{"card":"Artemis","tokens":[[3,5],[4,2]]},{"card":"Pan","tokens":[[2,3],[4,4]]}],"spaces":[[0,0,0,1,0],[0,2,0,0,0],[0,0,0,0,0],[2,0,0,0,2],[0,0,0,0,0]],"style":{"players":["bin/play-rate","./bin/yo-2021-03-06"]},"turn":7}
{"players":[{"card":"Pan","tokens":[[2,3],[4,4]]},{"card":"Artemis","tokens":[[3,2],[3,5]]}],"spaces":[[0,0,0,1,0],[0,2,0,0,0],[0,0,0,0,0],[3,0,0,0,2],[0,0,0,0,0]],"style":{"players":["bin/play-rate","./bin/yo-2021-03-06"]},"turn":8}
{"players":[{"card":"Artemis","tokens":[[3,2],[3,5]]},{"card":"Pan","tokens":[[1,4],[4,4]]}],"spaces":[[0,0,0,1,1],[0,2,0,0,0],[0,0,0,0,0],[3,0,0,0,2],[0,0,0,0,0]],"style":{"players":["bin/play-rate","./bin/yo-2021-03-06"]},"turn":9}
{"players":[{"card":"Pan","tokens":[[1,4],[4,4]]},{"card":"Artemis","tokens":[[3,2],[3,3]]}],"spaces":[[0,0,0,1,1],[0,3,0,0,0],[0,0,0,0,0],[3,0,0,0,2],[0,0,0,0,0]],"style":{"players":["bin/play-rate","./bin/yo-2021-03-06"]},"turn":10}
{"players":[{"card":"Artemis","tokens":[[3,2],[3,3]]},{"card":"Pan","tokens":[[1,4],[3,5]]}],"spaces":[[0,0,0,1,1],[0,3,0,0,1],[0,0,0,0,0],[3,0,0,0,2],[0,0,0,0,0]],"style":{"players":["bin/play-rate","./bin/yo-2021-03-06"]},"turn":11}
{"players":[{"card":"Pan","tokens":[[1,4],[3,5]]},{"card":"Artemis","tokens":[[2,5],[3,2]]}],"spaces":[[0,0,0,1,1],[0,3,0,0,1],[0,0,0,1,0],[3,0,0,0,2],[0,0,0,0,0]],"style":{"players":["bin/play-rate","./bin/yo-2021-03-06"]},"turn":12}
{"players":[{"card":"Artemis","tokens":[[2,5],[3,2]]},{"card":"Pan","tokens":[[1,4],[3,4]]}],"spaces":[[0,0,0,1,1],[0,3,0,0,1],[0,0,0,1,0],[3,0,0,0,3],[0,0,0,0,0]],"style":{"players":["bin/play-rate","./bin/yo-2021-03-06"]},"turn":13}
{"players":[{"card":"Pan","tokens":[[1,4],[3,4]]},{"card":"Artemis","tokens":[[1,3],[2,5]]}],"spaces":[[0,0,0,1,1],[0,3,0,1,1],[0,0,0,1,0],[3,0,0,0,3],[0,0,0,0,0]],"style":{"players":["bin/play-rate","./bin/yo-2021-03-06"]},"turn":14}
{"players":[{"card":"Artemis","tokens":[[1,3],[2,5]]},{"card":"Pan","tokens":[[2,4],[3,4]]}],"spaces":[[0,0,0,2,1],[0,3,0,1,1],[0,0,0,1,0],[3,0,0,0,3],[0,0,0,0,0]],"style":{"players":["bin/play-rate","./bin/yo-2021-03-06"]},"turn":15}
{"players":[{"card":"Pan","tokens":[[2,4],[3,4]]},{"card":"Artemis","tokens":[[2,3],[2,5]]}],"spaces":[[0,0,0,3,1],[0,3,0,1,1],[0,0,0,1,0],[3,0,0,0,3],[0,0,0,0,0]],"style":{"players":["bin/play-rate","./bin/yo-2021-03-06"]},"turn":16}
{"players":[{"card":"Artemis","tokens":[[2,3],[2,5]]},{"card":"Pan","tokens":[[2,4],[4,3]]}],"spaces":[[0,0,0,3,1],[0,3,0,1,1],[0,0,0,1,0],[3,0,0,0,3],[0,0,0,1,0]],"style":{"players":["bin/play-rate","./bin/yo-2021-03-06"]},"turn":17}
{"players":[{"card":"Pan","tokens":[[2,4],[4,3]]},{"card":"Artemis","tokens":[[2,5],[4,4]]}],"spaces":[[0,0,0,3,1],[0,3,0,1,1],[0,0,0,1,0],[3,0,0,0,3],[0,0,0,2,0]],"style":{"players":["bin/play-rate","./bin/yo-2021-03-06"]},"turn":18}
{"players":[{"card":"Artemis","tokens":[[2,5],[4,4]]},{"card":"Pan","tokens":[[2,4],[3,4]]}],"spaces":[[0,0,0,3,1],[0,3,0,1,1],[0,0,0,1,1],[3,0,0,0,3],[0,0,0,2,0]],"style":{"players":["bin/play-rate","./bin/yo-2021-03-06"]},"turn":19}
{"players":[{"card":"Pan","tokens":[[2,4],[3,4]]},{"card":"Artemis","tokens":[[2,5],[4,3]]}],"spaces":[[0,0,0,3,1],[0,3,0,1,1],[0,0,0,1,1],[3,0,0,0,3],[0,0,0,3,0]],"style":{"players":["bin/play-rate","./bin/yo-2021-03-06"]},"turn":20}
{"players":[{"card":"Artemis","tokens":[[2,5],[4,3]]},{"card":"Pan","tokens":[[1,5],[3,4]]}],"spaces":[[0,0,0,4,1],[0,3,0,1,1],[0,0,0,1,1],[3,0,0,0,3],[0,0,0,3,0]],"style":{"players":["bin/play-rate","./bin/yo-2021-03-06"]},"turn":21}
{"players":[{"card":"Pan","tokens":[[1,5],[3,4]]},{"card":"Artemis","tokens":[[2,3],[2,5]]}],"spaces":[[0,0,1,4,1],[0,3,0,1,1],[0,0,0,1,1],[3,0,0,0,3],[0,0,0,3,0]],"style":{"players":["bin/play-rate","./bin/yo-2021-03-06"]},"turn":22}
{"players":[{"card":"Artemis","tokens":[[2,3],[2,5]]},{"card":"Pan","tokens":[[2,4],[3,4]]}],"spaces":[[0,0,2,4,1],[0,3,0,1,1],[0,0,0,1,1],[3,0,0,0,3],[0,0,0,3,0]],"style":{"players":["bin/play-rate","./bin/yo-2021-03-06"]},"turn":23}
{"players":[{"card":"Pan","tokens":[[2,4],[3,4]]},{"card":"Artemis","tokens":[[1,2],[2,5]]}],"spaces":[[0,0,3,4,1],[0,3,0,1,1],[0,0,0,1,1],[3,0,0,0,3],[0,0,0,3,0]],"style":{"players":["bin/play-rate","./bin/yo-2021-03-06"]},"turn":24}
{"players":[{"card":"Artemis","tokens":[[1,2],[2,5]]},{"card":"Pan","tokens":[[2,4],[3,5]]}],"spaces":[[0,0,3,4,1],[0,3,0,1,1],[0,0,0,1,1],[3,0,0,1,3],[0,0,0,3,0]],"style":{"players":["bin/play-rate","./bin/yo-2021-03-06"]},"turn":25}
{"players":[{"card":"Pan","tokens":[[2,4],[3,5]]},{"card":"Artemis","tokens":[[2,3],[2,5]]}],"spaces":[[0,1,3,4,1],[0,3,0,1,1],[0,0,0,1,1],[3,0,0,1,3],[0,0,0,3,0]],"style":{"players":["bin/play-rate","./bin/yo-2021-03-06"]},"turn":26}
{"players":[{"card":"Artemis","tokens":[[2,3],[2,5]]},{"card":"Pan","tokens":[[2,4],[4,4]]}],"spaces":[[0,1,3,4,1],[0,3,0,1,1],[0,0,0,1,1],[3,0,0,1,4],[0,0,0,3,0]],"style":{"players":["bin/play-rate","./bin/yo-2021-03-06"]},"turn":27}
{"players":[{"card":"Pan","tokens":[[2,4],[4,4]]},{"card":"Artemis","tokens":[[2,5],[3,4]]}],"spaces":[[0,1,3,4,1],[0,3,0,1,1],[0,0,0,1,2],[3,0,0,1,4],[0,0,0,3,0]],"style":{"players":["bin/play-rate","./bin/yo-2021-03-06"]},"turn":28}
{"players":[{"card":"Artemis","tokens":[[2,5],[3,4]]},{"card":"Pan","tokens":[[2,3],[4,4]]}],"spaces":[[0,1,3,4,1],[0,3,0,1,1],[0,1,0,1,2],[3,0,0,1,4],[0,0,0,3,0]],"style":{"players":["bin/play-rate","./bin/yo-2021-03-06"]},"turn":29}
{"players":[{"card":"Pan","tokens":[[2,3],[4,4]]},{"card":"Artemis","tokens":[[2,4],[3,4]]}],"spaces":[[0,1,3,4,1],[0,3,0,1,1],[0,1,0,1,3],[3,0,0,1,4],[0,0,0,3,0]],"style":{"players":["bin/play-rate","./bin/yo-2021-03-06"]},"turn":30}
{"players":[{"card":"Artemis","tokens":[[2,4],[3,4]]},{"card":"Pan","tokens":[[3,2],[4,4]]}],"spaces":[[0,1,3,4,1],[0,3,0,1,1],[1,1,0,1,3],[3,0,0,1,4],[0,0,0,3,0]],"style":{"players":["bin/play-rate","./bin/yo-2021-03-06"]},"turn":31}
{"players":[{"card":"Pan","tokens":[[3,2],[4,4]]},{"card":"Artemis","tokens":[[1,5],[3,4]]}],"spaces":[[0,1,3,4,1],[0,3,0,1,2],[1,1,0,1,3],[3,0,0,1,4],[0,0,0,3,0]],"style":{"players":["bin/play-rate","./bin/yo-2021-03-06"]},"turn":32}
{"players":[{"card":"Artemis","tokens":[[1,5],[3,4]]},{"card":"Pan","tokens":[[3,2],[5,3]]}],"spaces":[[0,1,3,4,1],[0,3,0,1,2],[1,1,0,1,3],[3,1,0,1,4],[0,0,0,3,0]],"style":{"players":["bin/play-rate","./bin/yo-2021-03-06"]},"turn":33}
{"players":[{"card":"Pan","tokens":[[3,2],[5,3]]},{"card":"Artemis","tokens":[[3,4],[3,5]]}],"spaces":[[0,1,3,4,1],[0,3,0,1,2],[1,1,0,1,3],[3,1,0,1,4],[0,0,0,3,0]],"style":{"players":["bin/play-rate","./bin/yo-2021-03-06"]},"turn":34}