{"players":[{"card":"Prometheus","tokens":[[1,5],[2,4]]},{"card":"Artemis","tokens":[[2,3],[4,2]]}],"spaces":[[0,0,0,0,0],[0,0,0,0,0],[0,0,0,0,0],[0,0,0,0,0],[0,0,0,0,0]],"style":{"players":["./bin/yo-2021-03-06","bin/play-rate"]},"turn":0}
{"players":[{"card":"Artemis","tokens":[[2,3],[4,2]]},{"card":"Prometheus","tokens":[[1,5],[3,3]]}],"spaces":[[0,0,0,0,0],[0,0,0,0,0],[0,1,0,1,0],[0,0,0,0,0],[0,0,0,0,0]],"style":{"players":["./bin/yo-2021-03-06","bin/play-rate"]},"turn":1}
{"players":[{"card":"Prometheus","tokens":[[1,5],[3,3]]},{"card":"Artemis","tokens":[[3,4],[4,2]]}],"spaces":[[0,0,0,0,0],[0,0,0,0,0],[0,1,0,1,0],[0,0,0,0,1],[0,0,0,0,0]],"style":{"players":["./bin/yo-2021-03-06","bin/play-rate"]},"turn":2}
{"players":[{"card":"Artemis","tokens":[[3,4],[4,2]]},{"card":"Prometheus","tokens":[[1,5],[4,4]]}],"spaces":[[0,0,0,0,0],[0,0,0,1,0],[0,1,0,1,1],[0,0,0,0,1],[0,0,0,0,0]],"style":{"players":["./bin/yo-2021-03-06","bin/play-rate"]},"turn":3}
{"players":[{"card":"Prometheus","tokens":[[1,5],[4,4]]},{"card":"Artemis","tokens":[[2,4],[3,4]]}],"spaces":[[0,0,0,0,0],[0,0,1,1,0],[0,1,0,1,1],[0,0,0,0,1],[0,0,0,0,0]],"style":{"players":["./bin/yo-2021-03-06","bin/play-rate"]},"turn":4}
{"players":[{"card":"Artemis","tokens":[[2,4],[3,4]]},{"card":"Prometheus","tokens":[[1,5],[3,3]]}],"spaces":[[0,0,0,0,0],[0,0,1,1,0],[0,1,0,1,1],[0,0,1,1,1],[0,0,0,0,0]],"style":{"players":["./bin/yo-2021-03-06","bin/play-rate"]},"turn":5}
{"players":[{"card":"Prometheus","tokens":[[1,5],[3,3]]},{"card":"Artemis","tokens":[[2,4],[4,3]]}],"spaces":[[0,0,0,0,0],[0,0,1,1,0],[0,1,0,1,1],[0,0,1,1,1],[0,1,0,0,0]],"style":{"players":["./bin/yo-2021-03-06","bin/play-rate"]},"turn":6}
{"players":[{"card":"Artemis","tokens":[[2,4],[4,3]]},{"card":"Prometheus","tokens":[[1,5],[3,4]]}],"spaces":[[0,0,0,0,0],[0,0,1,1,0],[0,1,1,1,1],[0,0,1,1,1],[0,1,0,0,0]],"style":{"players":["./bin/yo-2021-03-06","bin/play-rate"]},"turn":7}
{"players":[{"card":"Prometheus","tokens":[[1,5],[3,4]]},{"card":"Artemis","tokens":[[2,4],[3,2]]}],"spaces":[[0,0,0,0,0],[0,0,1,1,0],[0,1,1,1,1],[0,0,2,1,1],[0,1,0,0,0]],"style":{"players":["./bin/yo-2021-03-06","bin/play-rate"]},"turn":8}
{"players":[{"card":"Artemis","tokens":[[2,4],[3,2]]},{"card":"Prometheus","tokens":[[1,5],[4,3]]}],"spaces":[[0,0,0,0,0],[0,0,1,1,0],[0,1,1,1,1],[0,0,2,1,1],[0,2,0,0,0]],"style":{"players":["./bin/yo-2021-03-06","bin/play-rate"]},"turn":9}
{"players":[{"card":"Prometheus","tokens":[[1,5],[4,3]]},{"card":"Artemis","tokens":[[2,4],[3,3]]}],"spaces":[[0,0,0,0,0],[0,0,1,1,0],[0,2,1,1,1],[0,0,2,1,1],[0,2,0,0,0]],"style":{"players":["./bin/yo-2021-03-06","bin/play-rate"]},"turn":10}
{"players":[{"card":"Artemis","tokens":[[2,4],[3,3]]},{"card":"Prometheus","tokens":[[1,5],[3,2]]}],"spaces":[[0,0,0,0,0],[0,0,1,1,0],[0,2,1,1,1],[0,0,3,1,1],[0,2,0,0,0]],"style":{"players":["./bin/yo-2021-03-06","bin/play-rate"]},"turn":11}
{"players":[{"card":"Prometheus","tokens":[[1,5],[3,2]]},{"card":"Artemis","tokens":[[2,4],[4,4]]}],"spaces":[[0,0,0,0,0],[0,0,1,1,0],[0,2,1,1,1],[0,0,4,1,1],[0,2,0,0,0]],"style":{"players":["./bin/yo-2021-03-06","bin/play-rate"]},"turn":12}
{"players":[{"card":"Artemis","tokens":[[2,4],[4,4]]},{"card":"Prometheus","tokens":[[1,5],[3,3]]}],"spaces":[[0,0,0,0,0],[0,0,1,1,0],[0,3,2,1,1],[0,0,4,1,1],[0,2,0,0,0]],"style":{"players":["./bin/yo-2021-03-06","bin/play-rate"]},"turn":13}
{"players":[{"card":"Prometheus","tokens":[[1,5],[3,3]]},{"card":"Artemis","tokens":[[2,3],[2,4]]}],"spaces":[[0,0,0,0,0],[0,0,1,1,0],[0,4,2,1,1],[0,0,4,1,1],[0,2,0,0,0]],"style":{"players":["./bin/yo-2021-03-06","bin/play-rate"]},"turn":14}
{"players":[{"card":"Artemis","tokens":[[2,3],[2,4]]},{"card":"Prometheus","tokens":[[1,5],[4,4]]}],"spaces":[[0,0,0,0,0],[0,0,1,1,0],[0,4,2,1,1],[0,0,4,2,1],[0,2,1,0,0]],"style":{"players":["./bin/yo-2021-03-06","bin/play-rate"]},"turn":15}
{"players":[{"card":"Prometheus","tokens":[[1,5],[4,4]]},{"card":"Artemis","tokens":[[2,4],[3,3]]}],"spaces":[[0,0,0,0,0],[0,0,2,1,0],[0,4,2,1,1],[0,0,4,2,1],[0,2,1,0,0]],"style":{"players":["./bin/yo-2021-03-06","bin/play-rate"]},"turn":16}
{"players":[{"card":"Artemis","tokens":[[2,4],[3,3]]},{"card":"Prometheus","tokens":[[1,5],[5,3]]}],"spaces":[[0,0,0,0,0],[0,0,2,1,0],[0,4,2,1,1],[0,0,4,2,1],[0,3,2,0,0]],"style":{"players":["./bin/yo-2021-03-06","bin/play-rate"]},"turn":17}
{"players":[{"card":"Prometheus","tokens":[[1,5],[5,3]]},{"card":"Artemis","tokens":[[2,4],[4,2]]}],"spaces":[[0,0,0,0,0],[0,0,2,1,0],[0,4,2,1,1],[0,0,4,2,1],[0,4,2,0,0]],"style":{"players":["./bin/yo-2021-03-06","bin/play-rate"]},"turn":18}
{"players":[{"card":"Artemis","tokens":[[2,4],[4,2]]},{"card":"Prometheus","tokens":[[1,5],[4,4]]}],"spaces":[[0,0,0,0,0],[0,0,2,1,0],[0,4,2,1,1],[0,0,4,2,1],[0,4,3,1,0]],"style":{"players":["./bin/yo-2021-03-06","bin/play-rate"]},"turn":19}
{"players":[{"card":"Prometheus","tokens":[[1,5],[4,4]]},{"card":"Artemis","tokens":[[1,2],[4,2]]}],"spaces":[[1,0,0,0,0],[0,0,2,1,0],[0,4,2,1,1],[0,0,4,2,1],[0,4,3,1,0]],"style":{"players":["./bin/yo-2021-03-06","bin/play-rate"]},"turn":20}
{"players":[{"card":"Artemis","tokens":[[1,2],[4,2]]},{"card":"Prometheus","tokens":[[1,5],[5,3]]}],"spaces":[[1,0,0,0,0],[0,0,2,1,0],[0,4,2,1,1],[0,0,4,2,1],[0,4,3,1,0]],"style":{"players":["./bin/yo-2021-03-06","bin/play-rate"]},"turn":21}