{"players":[{"card":"Atlas","tokens":[[1,1],[2,2]]},{"card":"Demeter","tokens":[[2,3],[4,4]]}],"spaces":[[0,0,0,0,0],[0,0,0,0,0],[0,0,0,0,0],[0,0,0,0,0],[0,0,0,0,0]],"style":{"players":["./bin/yo-2021-03-06","bin/play-rate"]},"turn":0}
{"players":[{"card":"Demeter","tokens":[[2,3],[4,4]]},{"card":"Atlas","tokens":[[1,2],[2,2]]}],"spaces":[[1,0,0,0,0],[0,0,0,0,0],[0,0,0,0,0],[0,0,0,0,0],[0,0,0,0,0]],"style":{"players":["./bin/yo-2021-03-06","bin/play-rate"]},"turn":1}
{"players":[{"card":"Atlas","tokens":[[1,2],[2,2]]},{"card":"Demeter","tokens":[[3,2],[4,4]]}],"spaces":[[1,0,0,0,0],[0,0,0,0,0],[0,0,0,0,0],[0,1,1,0,0],[0,0,0,0,0]],"style":{"players":["./bin/yo-2021-03-06","bin/play-rate"]},"turn":2}
{"players":[{"card":"Demeter","tokens":[[3,2],[4,4]]},{"card":"Atlas","tokens":[[1,2],[3,1]]}],"spaces":[[1,0,0,0,0],[0,0,0,0,0],[0,0,0,0,0],[0,4,1,0,0],[0,0,0,0,0]],"style":{"players":["./bin/yo-2021-03-06","bin/play-rate"]},"turn":3}
{"players":[{"card":"Atlas","tokens":[[1,2],[3,1]]},{"card":"Demeter","tokens":[[3,2],[4,3]]}],"spaces":[[1,0,0,0,0],[0,0,0,0,0],[0,0,1,0,0],[0,4,1,0,0],[0,0,0,1,0]],"style":{"players":["./bin/yo-2021-03-06","bin/play-rate"]},"turn":4}
{"players":[{"card":"Demeter","tokens":[[3,2],[4,3]]},{"card":"Atlas","tokens":[[2,3],[3,1]]}],"spaces":[[1,0,0,1,0],[0,0,0,0,0],[0,0,1,0,0],[0,4,1,0,0],[0,0,0,1,0]],"style":{"players":["./bin/yo-2021-03-06","bin/play-rate"]},"turn":5}
{"players":[{"card":"Atlas","tokens":[[2,3],[3,1]]},{"card":"Demeter","tokens":[[3,3],[4,3]]}],"spaces":[[1,0,0,1,0],[0,0,0,0,0],[0,0,1,0,0],[0,4,1,1,0],[0,0,0,1,0]],"style":{"players":["./bin/yo-2021-03-06","bin/play-rate"]},"turn":6}
{"players":[{"card":"Demeter","tokens":[[3,3],[4,3]]},{"card":"Atlas","tokens":[[3,1],[3,4]]}],"spaces":[[1,0,0,1,0],[0,0,0,0,0],[0,0,1,0,0],[0,4,1,4,0],[0,0,0,1,0]],"style":{"players":["./bin/yo-2021-03-06","bin/play-rate"]},"turn":7}
{"players":[{"card":"Atlas","tokens":[[3,1],[3,4]]},{"card":"Demeter","tokens":[[3,3],[5,4]]}],"spaces":[[1,0,0,1,0],[0,0,0,0,0],[0,0,1,0,0],[0,4,2,4,1],[0,0,0,1,0]],"style":{"players":["./bin/yo-2021-03-06","bin/play-rate"]},"turn":8}
{"players":[{"card":"Demeter","tokens":[[3,3],[5,4]]},{"card":"Atlas","tokens":[[3,2],[3,4]]}],"spaces":[[1,0,0,1,0],[0,0,0,0,0],[0,0,1,0,0],[0,4,4,4,1],[0,0,0,1,0]],"style":{"players":["./bin/yo-2021-03-06","bin/play-rate"]},"turn":9}
{"players":[{"card":"Atlas","tokens":[[3,2],[3,4]]},{"card":"Demeter","tokens":[[3,3],[4,5]]}],"spaces":[[1,0,0,1,0],[0,0,0,0,0],[0,0,1,0,0],[0,4,4,4,1],[0,0,0,2,0]],"style":{"players":["./bin/yo-2021-03-06","bin/play-rate"]},"turn":10}
{"players":[{"card":"Demeter","tokens":[[3,3],[4,5]]},{"card":"Atlas","tokens":[[2,4],[3,2]]}],"spaces":[[1,0,0,1,0],[0,0,0,0,0],[0,0,1,0,1],[0,4,4,4,1],[0,0,0,2,0]],"style":{"players":["./bin/yo-2021-03-06","bin/play-rate"]},"turn":11}
{"players":[{"card":"Atlas","tokens":[[2,4],[3,2]]},{"card":"Demeter","tokens":[[3,3],[5,4]]}],"spaces":[[1,0,0,1,0],[0,0,0,0,0],[0,0,1,0,1],[0,4,4,4,1],[0,0,1,2,0]],"style":{"players":["./bin/yo-2021-03-06","bin/play-rate"]},"turn":12}
{"players":[{"card":"Demeter","tokens":[[3,3],[5,4]]},{"card":"Atlas","tokens":[[3,2],[3,4]]}],"spaces":[[1,0,0,1,0],[0,0,0,4,0],[0,0,1,0,1],[0,4,4,4,1],[0,0,1,2,0]],"style":{"players":["./bin/yo-2021-03-06","bin/play-rate"]},"turn":13}
{"players":[{"card":"Atlas","tokens":[[3,2],[3,4]]},{"card":"Demeter","tokens":[[3,3],[4,5]]}],"spaces":[[1,0,0,1,0],[0,0,0,4,0],[0,0,1,0,2],[0,4,4,4,1],[0,0,1,2,1]],"style":{"players":["./bin/yo-2021-03-06","bin/play-rate"]},"turn":14}
{"players":[{"card":"Demeter","tokens":[[3,3],[4,5]]},{"card":"Atlas","tokens":[[2,5],[3,2]]}],"spaces":[[1,0,0,1,0],[0,0,0,4,0],[0,0,1,0,3],[0,4,4,4,1],[0,0,1,2,1]],"style":{"players":["./bin/yo-2021-03-06","bin/play-rate"]},"turn":15}
{"players":[{"card":"Atlas","tokens":[[2,5],[3,2]]},{"card":"Demeter","tokens":[[3,3],[5,4]]}],"spaces":[[1,0,0,1,0],[0,0,0,4,0],[0,0,1,0,3],[0,4,4,4,2],[0,0,2,2,1]],"style":{"players":["./bin/yo-2021-03-06","bin/play-rate"]},"turn":16}
{"players":[{"card":"Demeter","tokens":[[3,3],[5,4]]},{"card":"Atlas","tokens":[[1,4],[3,2]]}],"spaces":[[1,0,4,1,0],[0,0,0,4,0],[0,0,1,0,3],[0,4,4,4,2],[0,0,2,2,1]],"style":{"players":["./bin/yo-2021-03-06","bin/play-rate"]},"turn":17}
{"players":[{"card":"Atlas","tokens":[[1,4],[3,2]]},{"card":"Demeter","tokens":[[3,3],[5,3]]}],"spaces":[[1,0,4,1,0],[0,0,0,4,0],[0,0,1,0,3],[0,4,4,4,2],[0,0,2,3,1]],"style":{"players":["./bin/yo-2021-03-06","bin/play-rate"]},"turn":18}
{"players":[{"card":"Demeter","tokens":[[3,3],[5,3]]},{"card":"Atlas","tokens":[[1,4],[2,1]]}],"spaces":[[1,4,4,1,0],[0,0,0,4,0],[0,0,1,0,3],[0,4,4,4,2],[0,0,2,3,1]],"style":{"players":["./bin/yo-2021-03-06","bin/play-rate"]},"turn":19}
{"players":[{"card":"Atlas","tokens":[[1,4],[2,1]]},{"card":"Demeter","tokens":[[3,3],[5,4]]}],"spaces":[[1,4,4,1,0],[0,0,0,4,0],[0,0,1,0,3],[0,4,4,4,2],[0,0,2,3,1]],"style":{"players":["./bin/yo-2021-03-06","bin/play-rate"]},"turn":20}