{"players":[{"card":"Demeter","tokens":[[2,3],[4,2]]},{"card":"Atlas","tokens":[[3,2],[3,4]]}],"spaces":[[0,0,0,0,0],[0,0,0,0,0],[0,0,0,0,0],[0,0,0,0,0],[0,0,0,0,0]],"style":{"players":["bin/play-rate","./bin/yo-2021-03-06"]},"turn":0}
{"players":[{"card":"Atlas","tokens":[[3,2],[3,4]]},{"card":"Demeter","tokens":[[2,2],[4,2]]}],"spaces":[[0,1,0,0,0],[0,0,0,0,0],[0,0,0,0,0],[0,0,0,0,0],[0,0,0,0,0]],"style":{"players":["bin/play-rate","./bin/yo-2021-03-06"]},"turn":1}
{"players":[{"card":"Demeter","tokens":[[2,2],[4,2]]},{"card":"Atlas","tokens":[[2,3],[3,2]]}],"spaces":[[0,4,0,0,0],[0,0,0,0,0],[0,0,0,0,0],[0,0,0,0,0],[0,0,0,0,0]],"style":{"players":["bin/play-rate","./bin/yo-2021-03-06"]},"turn":2}
{"players":[{"card":"Atlas","tokens":[[2,3],[3,2]]},{"card":"Demeter","tokens":[[2,2],[4,3]]}],"spaces":[[0,4,0,0,0],[0,0,0,0,0],[0,0,0,0,0],[0,0,0,1,0],[0,0,1,0,0]],"style":{"players":["bin/play-rate","./bin/yo-2021-03-06"]},"turn":3}
{"players":[{"card":"Demeter","tokens":[[2,2],[4,3]]},{"card":"Atlas","tokens":[[3,2],[3,3]]}],"spaces":[[0,4,0,0,0],[0,0,0,0,0],[0,0,0,0,0],[0,0,0,4,0],[0,0,1,0,0]],"style":{"players":["bin/play-rate","./bin/yo-2021-03-06"]},"turn":4}
{"players":[{"card":"Atlas","tokens":[[3,2],[3,3]]},{"card":"Demeter","tokens":[[2,2],[5,3]]}],"spaces":[[0,4,0,0,0],[0,0,0,0,0],[0,0,0,0,0],[0,0,0,4,0],[0,1,1,0,0]],"style":{"players":["bin/play-rate","./bin/yo-2021-03-06"]},"turn":5}
{"players":[{"card":"Demeter","tokens":[[2,2],[5,3]]},{"card":"Atlas","tokens":[[2,4],[3,2]]}],"spaces":[[0,4,0,0,0],[0,0,0,0,1],[0,0,0,0,0],[0,0,0,4,0],[0,1,1,0,0]],"style":{"players":["bin/play-rate","./bin/yo-2021-03-06"]},"turn":6}
{"players":[{"card":"Atlas","tokens":[[2,4],[3,2]]},{"card":"Demeter","tokens":[[2,2],[5,2]]}],"spaces":[[0,4,0,0,0],[0,0,0,0,1],[0,0,0,0,0],[1,0,0,4,0],[1,1,1,0,0]],"style":{"players":["bin/play-rate","./bin/yo-2021-03-06"]},"turn":7}
{"players":[{"card":"Demeter","tokens":[[2,2],[5,2]]},{"card":"Atlas","tokens":[[2,4],[4,1]]}],"spaces":[[0,4,0,0,0],[0,0,0,0,1],[0,0,0,0,0],[1,0,0,4,0],[4,1,1,0,0]],"style":{"players":["bin/play-rate","./bin/yo-2021-03-06"]},"turn":8}
{"players":[{"card":"Atlas","tokens":[[2,4],[4,1]]},{"card":"Demeter","tokens":[[3,3],[5,2]]}],"spaces":[[0,4,0,0,0],[0,1,0,0,1],[0,0,0,0,0],[1,0,1,4,0],[4,1,1,0,0]],"style":{"players":["bin/play-rate","./bin/yo-2021-03-06"]},"turn":9}
{"players":[{"card":"Demeter","tokens":[[3,3],[5,2]]},{"card":"Atlas","tokens":[[2,4],[4,2]]}],"spaces":[[0,4,0,0,0],[0,1,0,0,1],[0,0,0,0,0],[1,0,4,4,0],[4,1,1,0,0]],"style":{"players":["bin/play-rate","./bin/yo-2021-03-06"]},"turn":10}
{"players":[{"card":"Atlas","tokens":[[2,4],[4,2]]},{"card":"Demeter","tokens":[[2,2],[5,2]]}],"spaces":[[0,4,1,0,0],[0,1,0,0,1],[1,0,0,0,0],[1,0,4,4,0],[4,1,1,0,0]],"style":{"players":["bin/play-rate","./bin/yo-2021-03-06"]},"turn":11}
{"players":[{"card":"Demeter","tokens":[[2,2],[5,2]]},{"card":"Atlas","tokens":[[2,4],[4,1]]}],"spaces":[[0,4,1,0,0],[0,1,0,0,1],[1,0,0,0,0],[1,4,4,4,0],[4,1,1,0,0]],"style":{"players":["bin/play-rate","./bin/yo-2021-03-06"]},"turn":12}
{"players":[{"card":"Atlas","tokens":[[2,4],[4,1]]},{"card":"Demeter","tokens":[[2,2],[5,3]]}],"spaces":[[0,4,1,0,0],[0,1,0,0,1],[1,0,0,0,0],[1,4,4,4,0],[4,1,1,1,0]],"style":{"players":["bin/play-rate","./bin/yo-2021-03-06"]},"turn":13}
{"players":[{"card":"Demeter","tokens":[[2,2],[5,3]]},{"card":"Atlas","tokens":[[2,3],[4,1]]}],"spaces":[[0,4,1,0,0],[0,1,0,0,1],[1,0,0,1,0],[1,4,4,4,0],[4,1,1,1,0]],"style":{"players":["bin/play-rate","./bin/yo-2021-03-06"]},"turn":14}
{"players":[{"card":"Atlas","tokens":[[2,3],[4,1]]},{"card":"Demeter","tokens":[[2,2],[5,2]]}],"spaces":[[0,4,1,0,0],[0,1,0,0,1],[1,0,0,1,0],[1,4,4,4,0],[4,1,2,1,0]],"style":{"players":["bin/play-rate","./bin/yo-2021-03-06"]},"turn":15}
{"players":[{"card":"Demeter","tokens":[[2,2],[5,2]]},{"card":"Atlas","tokens":[[3,4],[4,1]]}],"spaces":[[0,4,1,0,0],[0,1,0,0,2],[1,0,0,1,0],[1,4,4,4,0],[4,1,2,1,0]],"style":{"players":["bin/play-rate","./bin/yo-2021-03-06"]},"turn":16}
{"players":[{"card":"Atlas","tokens":[[3,4],[4,1]]},{"card":"Demeter","tokens":[[2,2],[5,3]]}],"spaces":[[0,4,1,0,0],[0,1,0,0,2],[1,0,0,1,0],[1,4,4,4,0],[4,1,2,2,0]],"style":{"players":["bin/play-rate","./bin/yo-2021-03-06"]},"turn":17}
{"players":[{"card":"Demeter","tokens":[[2,2],[5,3]]},{"card":"Atlas","tokens":[[2,5],[4,1]]}],"spaces":[[0,4,1,0,0],[0,1,0,0,2],[1,0,0,2,0],[1,4,4,4,0],[4,1,2,2,0]],"style":{"players":["bin/play-rate","./bin/yo-2021-03-06"]},"turn":18}
{"players":[{"card":"Atlas","tokens":[[2,5],[4,1]]},{"card":"Demeter","tokens":[[2,2],[5,4]]}],"spaces":[[0,4,1,0,0],[0,1,0,0,2],[1,0,0,2,0],[1,4,4,4,0],[4,1,3,2,1]],"style":{"players":["bin/play-rate","./bin/yo-2021-03-06"]},"turn":19}
{"players":[{"card":"Demeter","tokens":[[2,2],[5,4]]},{"card":"Atlas","tokens":[[2,5],[5,2]]}],"spaces":[[0,4,1,0,0],[0,1,0,0,2],[1,0,0,2,0],[1,4,4,4,0],[4,1,4,2,1]],"style":{"players":["bin/play-rate","./bin/yo-2021-03-06"]},"turn":20}
{"players":[{"card":"Atlas","tokens":[[2,5],[5,2]]},{"card":"Demeter","tokens":[[3,3],[5,4]]}],"spaces":[[0,4,1,0,0],[0,2,0,0,2],[1,1,0,2,0],[1,4,4,4,0],[4,1,4,2,1]],"style":{"players":["bin/play-rate","./bin/yo-2021-03-06"]},"turn":21}
{"players":[{"card":"Demeter","tokens":[[3,3],[5,4]]},{"card":"Atlas","tokens":[[2,5],[4,1]]}],"spaces":[[0,4,1,0,0],[0,2,0,0,2],[2,1,0,2,0],[1,4,4,4,0],[4,1,4,2,1]],"style":{"players":["bin/play-rate","./bin/yo-2021-03-06"]},"turn":22}
{"players":[{"card":"Atlas","tokens":[[2,5],[4,1]]},{"card":"Demeter","tokens":[[3,2],[5,4]]}],"spaces":[[0,4,1,0,0],[1,2,0,0,2],[3,1,0,2,0],[1,4,4,4,0],[4,1,4,2,1]],"style":{"players":["bin/play-rate","./bin/yo-2021-03-06"]},"turn":23}
{"players":[{"card":"Demeter","tokens":[[3,2],[5,4]]},{"card":"Atlas","tokens":[[3,4],[4,1]]}],"spaces":[[0,4,1,0,0],[1,2,0,0,3],[3,1,0,2,0],[1,4,4,4,0],[4,1,4,2,1]],"style":{"players":["bin/play-rate","./bin/yo-2021-03-06"]},"turn":24}
{"players":[{"card":"Atlas","tokens":[[3,4],[4,1]]},{"card":"Demeter","tokens":[[2,1],[5,4]]}],"spaces":[[0,4,1,0,0],[1,3,0,0,3],[4,1,0,2,0],[1,4,4,4,0],[4,1,4,2,1]],"style":{"players":["bin/play-rate","./bin/yo-2021-03-06"]},"turn":25}
{"players":[{"card":"Demeter","tokens":[[2,1],[5,4]]},{"card":"Atlas","tokens":[[2,5],[4,1]]}],"spaces":[[0,4,1,0,0],[1,3,0,0,3],[4,1,0,2,0],[1,4,4,4,0],[4,1,4,2,1]],"style":{"players":["bin/play-rate","./bin/yo-2021-03-06"]},"turn":26}