{"players":[{"card":"Atlas","tokens":[[1,1],[2,2]]},{"card":"Hephastus","tokens":[[3,4],[4,2]]}],"spaces":[[0,0,0,0,0],[0,0,0,0,0],[0,0,0,0,0],[0,0,0,0,0],[0,0,0,0,0]],"style":{"players":["./bin/yo-2021-03-06","bin/play-rate"]},"turn":0}
{"players":[{"card":"Hephastus","tokens":[[3,4],[4,2]]},{"card":"Atlas","tokens":[[2,1],[2,2]]}],"spaces":[[1,0,0,0,0],[0,0,0,0,0],[0,0,0,0,0],[0,0,0,0,0],[0,0,0,0,0]],"style":{"players":["./bin/yo-2021-03-06","bin/play-rate"]},"turn":1}
{"players":[{"card":"Atlas","tokens":[[2,1],[2,2]]},{"card":"Hephastus","tokens":[[2,3],[4,2]]}],"spaces":[[1,0,0,0,0],[0,0,0,1,0],[0,0,0,0,0],[0,0,0,0,0],[0,0,0,0,0]],"style":{"players":["./bin/yo-2021-03-06","bin/play-rate"]},"turn":2}
{"players":[{"card":"Hephastus","tokens":[[2,3],[4,2]]},{"card":"Atlas","tokens":[[1,3],[2,1]]}],"spaces":[[1,0,0,0,0],[0,0,0,4,0],[0,0,0,0,0],[0,0,0,0,0],[0,0,0,0,0]],"style":{"players":["./bin/yo-2021-03-06","bin/play-rate"]},"turn":3}
{"players":[{"card":"Atlas","tokens":[[1,3],[2,1]]},{"card":"Hephastus","tokens":[[3,4],[4,2]]}],"spaces":[[1,0,0,0,0],[0,0,0,4,0],[0,0,0,0,0],[0,0,0,1,0],[0,0,0,0,0]],"style":{"players":["./bin/yo-2021-03-06","bin/play-rate"]},"turn":4}
{"players":[{"card":"Hephastus","tokens":[[3,4],[4,2]]},{"card":"Atlas","tokens":[[2,1],[2,2]]}],"spaces":[[1,1,0,0,0],[0,0,0,4,0],[0,0,0,0,0],[0,0,0,1,0],[0,0,0,0,0]],"style":{"players":["./bin/yo-2021-03-06","bin/play-rate"]},"turn":5}
{"players":[{"card":"Atlas","tokens":[[2,1],[2,2]]},{"card":"Hephastus","tokens":[[4,2],[4,4]]}],"spaces":[[1,1,0,0,0],[0,0,0,4,0],[0,0,0,0,0],[0,0,0,1,2],[0,0,0,0,0]],"style":{"players":["./bin/yo-2021-03-06","bin/play-rate"]},"turn":6}
{"players":[{"card":"Hephastus","tokens":[[4,2],[4,4]]},{"card":"Atlas","tokens":[[1,2],[2,2]]}],"spaces":[[2,1,0,0,0],[0,0,0,4,0],[0,0,0,0,0],[0,0,0,1,2],[0,0,0,0,0]],"style":{"players":["./bin/yo-2021-03-06","bin/play-rate"]},"turn":7}
{"players":[{"card":"Atlas","tokens":[[1,2],[2,2]]},{"card":"Hephastus","tokens":[[4,2],[4,5]]}],"spaces":[[2,1,0,0,0],[0,0,0,4,0],[0,0,0,0,0],[0,0,0,1,2],[0,0,0,2,0]],"style":{"players":["./bin/yo-2021-03-06","bin/play-rate"]},"turn":8}
{"players":[{"card":"Hephastus","tokens":[[4,2],[4,5]]},{"card":"Atlas","tokens":[[1,2],[3,3]]}],"spaces":[[2,1,0,0,0],[0,0,1,4,0],[0,0,0,0,0],[0,0,0,1,2],[0,0,0,2,0]],"style":{"players":["./bin/yo-2021-03-06","bin/play-rate"]},"turn":9}
{"players":[{"card":"Atlas","tokens":[[1,2],[3,3]]},{"card":"Hephastus","tokens":[[4,2],[5,4]]}],"spaces":[[2,1,0,0,0],[0,0,1,4,0],[0,0,0,0,0],[0,0,0,3,2],[0,0,0,2,0]],"style":{"players":["./bin/yo-2021-03-06","bin/play-rate"]},"turn":10}
{"players":[{"card":"Hephastus","tokens":[[4,2],[5,4]]},{"card":"Atlas","tokens":[[1,2],[3,4]]}],"spaces":[[2,1,0,0,0],[0,0,1,4,0],[0,0,0,0,0],[0,0,0,4,2],[0,0,0,2,0]],"style":{"players":["./bin/yo-2021-03-06","bin/play-rate"]},"turn":11}
{"players":[{"card":"Atlas","tokens":[[1,2],[3,4]]},{"card":"Hephastus","tokens":[[3,3],[5,4]]}],"spaces":[[2,1,0,0,0],[0,0,3,4,0],[0,0,0,0,0],[0,0,0,4,2],[0,0,0,2,0]],"style":{"players":["./bin/yo-2021-03-06","bin/play-rate"]},"turn":12}
{"players":[{"card":"Hephastus","tokens":[[3,3],[5,4]]},{"card":"Atlas","tokens":[[1,1],[3,4]]}],"spaces":[[2,2,0,0,0],[0,0,3,4,0],[0,0,0,0,0],[0,0,0,4,2],[0,0,0,2,0]],"style":{"players":["./bin/yo-2021-03-06","bin/play-rate"]},"turn":13}
{"players":[{"card":"Atlas","tokens":[[1,1],[3,4]]},{"card":"Hephastus","tokens":[[3,3],[4,5]]}],"spaces":[[2,2,0,0,0],[0,0,3,4,0],[0,0,0,0,0],[0,0,0,4,2],[0,0,0,3,0]],"style":{"players":["./bin/yo-2021-03-06","bin/play-rate"]},"turn":14}
{"players":[{"card":"Hephastus","tokens":[[3,3],[4,5]]},{"card":"Atlas","tokens":[[1,1],[4,3]]}],"spaces":[[2,2,0,0,0],[0,0,3,4,0],[0,0,0,0,0],[0,0,0,4,2],[0,0,0,4,0]],"style":{"players":["./bin/yo-2021-03-06","bin/play-rate"]},"turn":15}
{"players":[{"card":"Atlas","tokens":[[1,1],[4,3]]},{"card":"Hephastus","tokens":[[4,2],[4,5]]}],"spaces":[[2,2,0,0,0],[0,0,3,4,0],[0,0,0,0,0],[0,0,0,4,2],[0,0,1,4,0]],"style":{"players":["./bin/yo-2021-03-06","bin/play-rate"]},"turn":16}
{"players":[{"card":"Hephastus","tokens":[[4,2],[4,5]]},{"card":"Atlas","tokens":[[1,2],[4,3]]}],"spaces":[[3,2,0,0,0],[0,0,3,4,0],[0,0,0,0,0],[0,0,0,4,2],[0,0,1,4,0]],"style":{"players":["./bin/yo-2021-03-06","bin/play-rate"]},"turn":17}
{"players":[{"card":"Atlas","tokens":[[1,2],[4,3]]},{"card":"Hephastus","tokens":[[4,5],[5,2]]}],"spaces":[[3,2,0,0,0],[0,0,3,4,0],[0,0,0,0,0],[0,2,0,4,2],[0,0,1,4,0]],"style":{"players":["./bin/yo-2021-03-06","bin/play-rate"]},"turn":18}
{"players":[{"card":"Hephastus","tokens":[[4,5],[5,2]]},{"card":"Atlas","tokens":[[1,1],[4,3]]}],"spaces":[[3,2,0,0,0],[0,0,3,4,0],[0,0,0,0,0],[0,2,0,4,2],[0,0,1,4,0]],"style":{"players":["./bin/yo-2021-03-06","bin/play-rate"]},"turn":19}