{"players":[{"card":"Minotaur","tokens":[[2,4],[4,3]]},{"card":"Atlas","tokens":[[3,2],[3,4]]}],"spaces":[[0,0,0,0,0],[0,0,0,0,0],[0,0,0,0,0],[0,0,0,0,0],[0,0,0,0,0]],"style":{"players":["bin/play-rate","./bin/yo-2021-03-06"]},"turn":0}
{"players":[{"card":"Atlas","tokens":[[2,1],[3,4]]},{"card":"Minotaur","tokens":[[2,4],[3,2]]}],"spaces":[[0,0,0,0,0],[0,0,0,0,0],[0,0,0,0,0],[0,1,0,0,0],[0,0,0,0,0]],"style":{"players":["bin/play-rate","./bin/yo-2021-03-06"]},"turn":1}
{"players":[{"card":"Minotaur","tokens":[[2,4],[3,2]]},{"card":"Atlas","tokens":[[2,1],[3,3]]}],"spaces":[[0,0,0,0,0],[0,0,0,0,0],[0,0,0,0,0],[0,4,0,0,0],[0,0,0,0,0]],"style":{"players":["bin/play-rate","./bin/yo-2021-03-06"]},"turn":2}
{"players":[{"card":"Atlas","tokens":[[2,1],[3,3]]},{"card":"Minotaur","tokens":[[2,4],[4,3]]}],"spaces":[[0,0,0,0,0],[0,0,0,0,0],[0,0,0,0,0],[0,4,0,0,0],[0,0,0,1,0]],"style":{"players":["bin/play-rate","./bin/yo-2021-03-06"]},"turn":3}
{"players":[{"card":"Minotaur","tokens":[[2,4],[4,3]]},{"card":"Atlas","tokens":[[2,1],[2,2]]}],"spaces":[[1,0,0,0,0],[0,0,0,0,0],[0,0,0,0,0],[0,4,0,0,0],[0,0,0,1,0]],"style":{"players":["bin/play-rate","./bin/yo-2021-03-06"]},"turn":4}
{"players":[{"card":"Atlas","tokens":[[2,1],[2,2]]},{"card":"Minotaur","tokens":[[2,4],[5,4]]}],"spaces":[[1,0,0,0,0],[0,0,0,0,0],[0,0,0,0,0],[0,4,0,0,1],[0,0,0,1,0]],"style":{"players":["bin/play-rate","./bin/yo-2021-03-06"]},"turn":5}
{"players":[{"card":"Minotaur","tokens":[[2,4],[5,4]]},{"card":"Atlas","tokens":[[2,1],[3,3]]}],"spaces":[[1,0,0,0,0],[0,1,0,0,0],[0,0,0,0,0],[0,4,0,0,1],[0,0,0,1,0]],"style":{"players":["bin/play-rate","./bin/yo-2021-03-06"]},"turn":6}
{"players":[{"card":"Atlas","tokens":[[2,1],[3,3]]},{"card":"Minotaur","tokens":[[2,4],[4,5]]}],"spaces":[[1,0,0,0,0],[0,1,0,0,0],[0,0,0,0,0],[0,4,0,0,1],[0,0,0,2,0]],"style":{"players":["bin/play-rate","./bin/yo-2021-03-06"]},"turn":7}
{"players":[{"card":"Minotaur","tokens":[[2,4],[4,5]]},{"card":"Atlas","tokens":[[2,2],[3,3]]}],"spaces":[[2,0,0,0,0],[0,1,0,0,0],[0,0,0,0,0],[0,4,0,0,1],[0,0,0,2,0]],"style":{"players":["bin/play-rate","./bin/yo-2021-03-06"]},"turn":8}
{"players":[{"card":"Atlas","tokens":[[2,2],[3,3]]},{"card":"Minotaur","tokens":[[2,4],[5,4]]}],"spaces":[[2,0,0,0,0],[0,1,0,0,0],[0,0,0,0,0],[0,4,0,0,2],[0,0,0,2,0]],"style":{"players":["bin/play-rate","./bin/yo-2021-03-06"]},"turn":9}
{"players":[{"card":"Minotaur","tokens":[[2,4],[5,4]]},{"card":"Atlas","tokens":[[2,2],[3,4]]}],"spaces":[[2,0,0,0,0],[0,1,0,0,0],[0,0,0,0,0],[0,4,0,0,4],[0,0,0,2,0]],"style":{"players":["bin/play-rate","./bin/yo-2021-03-06"]},"turn":10}
{"players":[{"card":"Atlas","tokens":[[2,2],[3,4]]},{"card":"Minotaur","tokens":[[3,3],[5,4]]}],"spaces":[[2,0,0,0,0],[0,1,1,0,0],[0,0,0,0,0],[0,4,0,0,4],[0,0,0,2,0]],"style":{"players":["bin/play-rate","./bin/yo-2021-03-06"]},"turn":11}
{"players":[{"card":"Minotaur","tokens":[[3,3],[5,4]]},{"card":"Atlas","tokens":[[1,1],[3,4]]}],"spaces":[[2,0,0,0,0],[0,2,1,0,0],[0,0,0,0,0],[0,4,0,0,4],[0,0,0,2,0]],"style":{"players":["bin/play-rate","./bin/yo-2021-03-06"]},"turn":12}
{"players":[{"card":"Atlas","tokens":[[1,1],[3,4]]},{"card":"Minotaur","tokens":[[2,3],[5,4]]}],"spaces":[[2,0,0,0,0],[0,2,1,0,0],[0,0,1,0,0],[0,4,0,0,4],[0,0,0,2,0]],"style":{"players":["bin/play-rate","./bin/yo-2021-03-06"]},"turn":13}
{"players":[{"card":"Minotaur","tokens":[[2,3],[5,4]]},{"card":"Atlas","tokens":[[1,1],[3,3]]}],"spaces":[[2,0,0,0,0],[0,3,1,0,0],[0,0,1,0,0],[0,4,0,0,4],[0,0,0,2,0]],"style":{"players":["bin/play-rate","./bin/yo-2021-03-06"]},"turn":14}
{"players":[{"card":"Atlas","tokens":[[1,1],[4,3]]},{"card":"Minotaur","tokens":[[3,3],[5,4]]}],"spaces":[[2,0,0,0,0],[0,4,1,0,0],[0,0,1,0,0],[0,4,0,0,4],[0,0,0,2,0]],"style":{"players":["bin/play-rate","./bin/yo-2021-03-06"]},"turn":15}
{"players":[{"card":"Minotaur","tokens":[[3,3],[5,4]]},{"card":"Atlas","tokens":[[1,1],[3,2]]}],"spaces":[[2,0,0,0,0],[0,4,1,0,0],[4,0,1,0,0],[0,4,0,0,4],[0,0,0,2,0]],"style":{"players":["bin/play-rate","./bin/yo-2021-03-06"]},"turn":16}
{"players":[{"card":"Atlas","tokens":[[1,1],[3,2]]},{"card":"Minotaur","tokens":[[2,3],[5,4]]}],"spaces":[[2,0,0,0,0],[0,4,1,0,0],[4,0,2,0,0],[0,4,0,0,4],[0,0,0,2,0]],"style":{"players":["bin/play-rate","./bin/yo-2021-03-06"]},"turn":17}
{"players":[{"card":"Minotaur","tokens":[[2,3],[5,4]]},{"card":"Atlas","tokens":[[1,1],[4,1]]}],"spaces":[[2,0,0,0,0],[0,4,1,0,0],[4,0,2,0,0],[0,4,0,0,4],[1,0,0,2,0]],"style":{"players":["bin/play-rate","./bin/yo-2021-03-06"]},"turn":18}
{"players":[{"card":"Atlas","tokens":[[1,1],[4,1]]},{"card":"Minotaur","tokens":[[3,3],[5,4]]}],"spaces":[[2,0,0,0,0],[0,4,1,1,0],[4,0,2,0,0],[0,4,0,0,4],[1,0,0,2,0]],"style":{"players":["bin/play-rate","./bin/yo-2021-03-06"]},"turn":19}
{"players":[{"card":"Minotaur","tokens":[[3,3],[5,4]]},{"card":"Atlas","tokens":[[1,1],[3,2]]}],"spaces":[[2,0,0,0,0],[0,4,4,1,0],[4,0,2,0,0],[0,4,0,0,4],[1,0,0,2,0]],"style":{"players":["bin/play-rate","./bin/yo-2021-03-06"]},"turn":20}
{"players":[{"card":"Atlas","tokens":[[1,1],[3,2]]},{"card":"Minotaur","tokens":[[2,4],[5,4]]}],"spaces":[[2,0,0,0,0],[0,4,4,1,0],[4,0,2,0,1],[0,4,0,0,4],[1,0,0,2,0]],"style":{"players":["bin/play-rate","./bin/yo-2021-03-06"]},"turn":21}
{"players":[{"card":"Minotaur","tokens":[[2,4],[5,4]]},{"card":"Atlas","tokens":[[1,1],[4,3]]}],"spaces":[[2,0,0,0,0],[0,4,4,1,0],[4,4,2,0,1],[0,4,0,0,4],[1,0,0,2,0]],"style":{"players":["bin/play-rate","./bin/yo-2021-03-06"]},"turn":22}
{"players":[{"card":"Atlas","tokens":[[1,1],[4,3]]},{"card":"Minotaur","tokens":[[3,3],[5,4]]}],"spaces":[[2,0,0,0,0],[0,4,4,1,0],[4,4,2,0,1],[0,4,0,1,4],[1,0,0,2,0]],"style":{"players":["bin/play-rate","./bin/yo-2021-03-06"]},"turn":23}
{"players":[{"card":"Minotaur","tokens":[[3,3],[5,4]]},{"card":"Atlas","tokens":[[1,1],[3,4]]}],"spaces":[[2,0,0,0,0],[0,4,4,1,1],[4,4,2,0,1],[0,4,0,1,4],[1,0,0,2,0]],"style":{"players":["bin/play-rate","./bin/yo-2021-03-06"]},"turn":24}
{"players":[{"card":"Atlas","tokens":[[1,1],[3,4]]},{"card":"Minotaur","tokens":[[2,4],[5,4]]}],"spaces":[[2,0,0,0,0],[0,4,4,1,1],[4,4,2,0,2],[0,4,0,1,4],[1,0,0,2,0]],"style":{"players":["bin/play-rate","./bin/yo-2021-03-06"]},"turn":25}
{"players":[{"card":"Minotaur","tokens":[[2,4],[5,4]]},{"card":"Atlas","tokens":[[1,1],[4,4]]}],"spaces":[[2,0,0,0,0],[0,4,4,1,1],[4,4,2,1,2],[0,4,0,1,4],[1,0,0,2,0]],"style":{"players":["bin/play-rate","./bin/yo-2021-03-06"]},"turn":26}
{"players":[{"card":"Atlas","tokens":[[1,1],[4,4]]},{"card":"Minotaur","tokens":[[3,3],[5,4]]}],"spaces":[[2,0,0,0,0],[0,4,4,1,1],[4,4,2,1,2],[0,4,1,1,4],[1,0,0,2,0]],"style":{"players":["bin/play-rate","./bin/yo-2021-03-06"]},"turn":27}
{"players":[{"card":"Minotaur","tokens":[[3,3],[5,4]]},{"card":"Atlas","tokens":[[1,1],[3,4]]}],"spaces":[[2,0,0,0,0],[0,4,4,1,2],[4,4,2,1,2],[0,4,1,1,4],[1,0,0,2,0]],"style":{"players":["bin/play-rate","./bin/yo-2021-03-06"]},"turn":28}
{"players":[{"card":"Atlas","tokens":[[1,1],[3,4]]},{"card":"Minotaur","tokens":[[3,3],[4,4]]}],"spaces":[[2,0,0,0,0],[0,4,4,1,2],[4,4,2,1,2],[0,4,1,1,4],[1,0,1,2,0]],"style":{"players":["bin/play-rate","./bin/yo-2021-03-06"]},"turn":29}
{"players":[{"card":"Minotaur","tokens":[[3,3],[4,4]]},{"card":"Atlas","tokens":[[1,1],[3,5]]}],"spaces":[[2,0,0,0,0],[0,4,4,1,3],[4,4,2,1,2],[0,4,1,1,4],[1,0,1,2,0]],"style":{"players":["bin/play-rate","./bin/yo-2021-03-06"]},"turn":30}
{"players":[{"card":"Atlas","tokens":[[1,1],[3,5]]},{"card":"Minotaur","tokens":[[3,3],[3,4]]}],"spaces":[[2,0,0,0,0],[0,4,4,1,4],[4,4,2,1,2],[0,4,1,1,4],[1,0,1,2,0]],"style":{"players":["bin/play-rate","./bin/yo-2021-03-06"]},"turn":31}
{"players":[{"card":"Minotaur","tokens":[[3,3],[3,4]]},{"card":"Atlas","tokens":[[1,1],[4,4]]}],"spaces":[[2,0,0,0,0],[0,4,4,1,4],[4,4,2,1,2],[0,4,1,1,4],[1,0,1,2,4]],"style":{"players":["bin/play-rate","./bin/yo-2021-03-06"]},"turn":32}
{"players":[{"card":"Atlas","tokens":[[1,1],[4,4]]},{"card":"Minotaur","tokens":[[3,3],[3,5]]}],"spaces":[[2,0,0,0,0],[0,4,4,2,4],[4,4,2,1,2],[0,4,1,1,4],[1,0,1,2,4]],"style":{"players":["bin/play-rate","./bin/yo-2021-03-06"]},"turn":33}
{"players":[{"card":"Minotaur","tokens":[[3,3],[3,5]]},{"card":"Atlas","tokens":[[1,1],[3,4]]}],"spaces":[[2,0,0,0,0],[0,4,4,4,4],[4,4,2,1,2],[0,4,1,1,4],[1,0,1,2,4]],"style":{"players":["bin/play-rate","./bin/yo-2021-03-06"]},"turn":34}
{"players":[{"card":"Atlas","tokens":[[1,1],[3,4]]},{"card":"Minotaur","tokens":[[3,3],[4,4]]}],"spaces":[[2,0,0,0,0],[0,4,4,4,4],[4,4,2,1,2],[0,4,1,1,4],[1,0,2,2,4]],"style":{"players":["bin/play-rate","./bin/yo-2021-03-06"]},"turn":35}
{"players":[{"card":"Minotaur","tokens":[[3,3],[4,4]]},{"card":"Atlas","tokens":[[1,1],[4,3]]}],"spaces":[[2,0,0,0,0],[0,4,4,4,4],[4,4,2,1,2],[0,4,1,1,4],[1,4,2,2,4]],"style":{"players":["bin/play-rate","./bin/yo-2021-03-06"]},"turn":36}
{"players":[{"card":"Atlas","tokens":[[1,1],[4,3]]},{"card":"Minotaur","tokens":[[3,3],[5,4]]}],"spaces":[[2,0,0,0,0],[0,4,4,4,4],[4,4,2,1,2],[0,4,1,1,4],[1,4,3,2,4]],"style":{"players":["bin/play-rate","./bin/yo-2021-03-06"]},"turn":37}
{"players":[{"card":"Minotaur","tokens":[[3,3],[5,4]]},{"card":"Atlas","tokens":[[1,1],[4,4]]}],"spaces":[[2,0,0,0,0],[0,4,4,4,4],[4,4,2,1,2],[0,4,1,1,4],[1,4,4,2,4]],"style":{"players":["bin/play-rate","./bin/yo-2021-03-06"]},"turn":38}
{"players":[{"card":"Atlas","tokens":[[1,1],[3,4]]},{"card":"Minotaur","tokens":[[3,3],[4,4]]}],"spaces":[[2,0,0,0,0],[0,4,4,4,4],[4,4,2,2,2],[0,4,1,1,4],[1,4,4,2,4]],"style":{"players":["bin/play-rate","./bin/yo-2021-03-06"]},"turn":39}
{"players":[{"card":"Minotaur","tokens":[[3,3],[4,4]]},{"card":"Atlas","tokens":[[1,1],[4,3]]}],"spaces":[[2,0,0,0,0],[0,4,4,4,4],[4,4,2,4,2],[0,4,1,1,4],[1,4,4,2,4]],"style":{"players":["bin/play-rate","./bin/yo-2021-03-06"]},"turn":40}
{"players":[{"card":"Atlas","tokens":[[1,1],[4,3]]},{"card":"Minotaur","tokens":[[3,3],[5,4]]}],"spaces":[[2,0,0,0,0],[0,4,4,4,4],[4,4,2,4,2],[0,4,1,2,4],[1,4,4,2,4]],"style":{"players":["bin/play-rate","./bin/yo-2021-03-06"]},"turn":41}
{"players":[{"card":"Minotaur","tokens":[[3,3],[5,4]]},{"card":"Atlas","tokens":[[1,1],[4,4]]}],"spaces":[[2,0,0,0,0],[0,4,4,4,4],[4,4,2,4,3],[0,4,1,2,4],[1,4,4,2,4]],"style":{"players":["bin/play-rate","./bin/yo-2021-03-06"]},"turn":42}
{"players":[{"card":"Atlas","tokens":[[1,1],[4,4]]},{"card":"Minotaur","tokens":[[3,3],[4,3]]}],"spaces":[[2,0,0,0,0],[0,4,4,4,4],[4,4,2,4,3],[0,4,1,2,4],[1,4,4,3,4]],"style":{"players":["bin/play-rate","./bin/yo-2021-03-06"]},"turn":43}
{"players":[{"card":"Minotaur","tokens":[[3,3],[4,3]]},{"card":"Atlas","tokens":[[1,1],[3,5]]}],"spaces":[[2,0,0,0,0],[0,4,4,4,4],[4,4,2,4,3],[0,4,1,2,4],[1,4,4,3,4]],"style":{"players":["bin/play-rate","./bin/yo-2021-03-06"]},"turn":44}