{"players":[{"card":"Atlas","tokens":[[4,4],[5,5]]},{"card":"Prometheus","tokens":[[3,4],[4,2]]}],"spaces":[[0,0,0,0,0],[0,0,0,0,0],[0,0,0,0,0],[0,0,0,0,0],[0,0,0,0,0]],"style":{"players":["./bin/yo-2021-03-06","bin/play-rate"]},"turn":0}
{"players":[{"card":"Prometheus","tokens":[[3,4],[4,2]]},{"card":"Atlas","tokens":[[4,4],[4,5]]}],"spaces":[[0,0,0,0,0],[0,0,0,0,0],[0,0,0,0,0],[0,0,0,0,0],[0,0,0,0,1]],"style":{"players":["./bin/yo-2021-03-06","bin/play-rate"]},"turn":1}
{"players":[{"card":"Atlas","tokens":[[4,4],[4,5]]},{"card":"Prometheus","tokens":[[2,3],[4,2]]}],"spaces":[[0,1,0,0,0],[0,0,0,1,0],[0,0,0,0,0],[0,0,0,0,0],[0,0,0,0,1]],"style":{"players":["./bin/yo-2021-03-06","bin/play-rate"]},"turn":2}
{"players":[{"card":"Prometheus","tokens":[[2,3],[4,2]]},{"card":"Atlas","tokens":[[3,3],[4,5]]}],"spaces":[[0,1,0,0,0],[0,0,0,1,0],[0,0,0,0,0],[0,0,0,1,0],[0,0,0,0,1]],"style":{"players":["./bin/yo-2021-03-06","bin/play-rate"]},"turn":3}
{"players":[{"card":"Atlas","tokens":[[3,3],[4,5]]},{"card":"Prometheus","tokens":[[2,4],[4,2]]}],"spaces":[[0,1,1,0,0],[0,0,0,1,0],[0,0,0,0,0],[0,0,0,1,0],[0,0,0,0,1]],"style":{"players":["./bin/yo-2021-03-06","bin/play-rate"]},"turn":4}
{"players":[{"card":"Prometheus","tokens":[[2,4],[4,2]]},{"card":"Atlas","tokens":[[3,3],[4,4]]}],"spaces":[[0,1,1,0,0],[0,0,0,1,0],[0,0,0,0,0],[0,0,0,1,0],[0,0,0,0,2]],"style":{"players":["./bin/yo-2021-03-06","bin/play-rate"]},"turn":5}
{"players":[{"card":"Atlas","tokens":[[3,3],[4,4]]},{"card":"Prometheus","tokens":[[2,4],[4,3]]}],"spaces":[[0,1,1,0,0],[0,0,0,1,0],[1,0,0,0,0],[0,0,0,1,0],[0,0,0,1,2]],"style":{"players":["./bin/yo-2021-03-06","bin/play-rate"]},"turn":6}
{"players":[{"card":"Prometheus","tokens":[[2,4],[4,3]]},{"card":"Atlas","tokens":[[3,3],[5,5]]}],"spaces":[[0,1,1,0,0],[0,0,0,1,0],[1,0,0,0,0],[0,0,0,1,0],[0,0,0,2,2]],"style":{"players":["./bin/yo-2021-03-06","bin/play-rate"]},"turn":7}
{"players":[{"card":"Atlas","tokens":[[3,3],[5,5]]},{"card":"Prometheus","tokens":[[2,4],[4,4]]}],"spaces":[[0,1,1,0,0],[0,0,0,1,0],[1,0,0,0,0],[0,0,0,1,1],[0,0,0,2,2]],"style":{"players":["./bin/yo-2021-03-06","bin/play-rate"]},"turn":8}
{"players":[{"card":"Prometheus","tokens":[[2,4],[4,4]]},{"card":"Atlas","tokens":[[4,3],[5,5]]}],"spaces":[[0,1,1,0,0],[0,0,0,1,0],[1,0,0,0,0],[0,0,0,1,1],[0,0,0,3,2]],"style":{"players":["./bin/yo-2021-03-06","bin/play-rate"]},"turn":9}
{"players":[{"card":"Atlas","tokens":[[4,3],[5,5]]},{"card":"Prometheus","tokens":[[2,4],[4,5]]}],"spaces":[[0,1,1,0,0],[0,0,0,1,0],[1,0,0,0,0],[0,0,0,2,1],[0,0,0,4,2]],"style":{"players":["./bin/yo-2021-03-06","bin/play-rate"]},"turn":10}
{"players":[{"card":"Prometheus","tokens":[[2,4],[4,5]]},{"card":"Atlas","tokens":[[4,3],[4,4]]}],"spaces":[[0,1,1,0,0],[0,0,0,1,0],[1,0,0,0,0],[0,0,0,2,1],[0,0,0,4,3]],"style":{"players":["./bin/yo-2021-03-06","bin/play-rate"]},"turn":11}
{"players":[{"card":"Atlas","tokens":[[4,3],[4,4]]},{"card":"Prometheus","tokens":[[2,4],[3,5]]}],"spaces":[[0,1,1,0,0],[0,0,0,1,1],[1,0,0,0,0],[0,0,0,2,1],[0,0,0,4,4]],"style":{"players":["./bin/yo-2021-03-06","bin/play-rate"]},"turn":12}
{"players":[{"card":"Prometheus","tokens":[[2,4],[3,5]]},{"card":"Atlas","tokens":[[3,4],[4,4]]}],"spaces":[[0,1,1,0,0],[0,0,0,1,1],[1,0,0,0,0],[0,0,0,2,2],[0,0,0,4,4]],"style":{"players":["./bin/yo-2021-03-06","bin/play-rate"]},"turn":13}
{"players":[{"card":"Atlas","tokens":[[3,4],[4,4]]},{"card":"Prometheus","tokens":[[2,4],[2,5]]}],"spaces":[[0,1,1,1,0],[0,0,0,1,1],[1,0,0,0,0],[0,0,0,2,2],[0,0,0,4,4]],"style":{"players":["./bin/yo-2021-03-06","bin/play-rate"]},"turn":14}
{"players":[{"card":"Prometheus","tokens":[[2,4],[2,5]]},{"card":"Atlas","tokens":[[3,4],[4,5]]}],"spaces":[[0,1,1,1,0],[0,0,0,1,1],[1,0,0,0,4],[0,0,0,2,2],[0,0,0,4,4]],"style":{"players":["./bin/yo-2021-03-06","bin/play-rate"]},"turn":15}
{"players":[{"card":"Atlas","tokens":[[3,4],[4,5]]},{"card":"Prometheus","tokens":[[2,5],[3,3]]}],"spaces":[[0,1,1,1,0],[0,0,0,2,1],[1,0,1,0,4],[0,0,0,2,2],[0,0,0,4,4]],"style":{"players":["./bin/yo-2021-03-06","bin/play-rate"]},"turn":16}
{"players":[{"card":"Prometheus","tokens":[[2,5],[3,3]]},{"card":"Atlas","tokens":[[3,4],[4,4]]}],"spaces":[[0,1,1,1,0],[0,0,0,2,1],[1,0,1,0,4],[0,0,0,2,3],[0,0,0,4,4]],"style":{"players":["./bin/yo-2021-03-06","bin/play-rate"]},"turn":17}
{"players":[{"card":"Atlas","tokens":[[3,4],[4,4]]},{"card":"Prometheus","tokens":[[2,5],[4,2]]}],"spaces":[[0,1,1,1,0],[0,0,0,2,1],[1,1,1,0,4],[0,0,1,2,3],[0,0,0,4,4]],"style":{"players":["./bin/yo-2021-03-06","bin/play-rate"]},"turn":18}
{"players":[{"card":"Prometheus","tokens":[[2,5],[4,2]]},{"card":"Atlas","tokens":[[3,4],[4,5]]}],"spaces":[[0,1,1,1,0],[0,0,0,2,1],[1,1,1,0,4],[0,0,1,2,3],[0,0,0,4,4]],"style":{"players":["./bin/yo-2021-03-06","bin/play-rate"]},"turn":19}