{"players":[{"card":"Demeter","tokens":[[1,5],[2,4]]},{"card":"Prometheus","tokens":[[3,4],[4,2]]}],"spaces":[[0,0,0,0,0],[0,0,0,0,0],[0,0,0,0,0],[0,0,0,0,0],[0,0,0,0,0]],"style":{"players":["./bin/yo-2021-03-06","bin/play-rate"]},"turn":0}
{"players":[{"card":"Prometheus","tokens":[[3,4],[4,2]]},{"card":"Demeter","tokens":[[1,4],[2,4]]}],"spaces":[[0,0,1,0,1],[0,0,0,0,0],[0,0,0,0,0],[0,0,0,0,0],[0,0,0,0,0]],"style":{"players":["./bin/yo-2021-03-06","bin/play-rate"]},"turn":1}
{"players":[{"card":"Demeter","tokens":[[1,4],[2,4]]},{"card":"Prometheus","tokens":[[2,3],[4,2]]}],"spaces":[[0,0,2,0,1],[0,0,0,0,0],[0,0,0,0,0],[0,0,0,0,0],[0,0,0,0,0]],"style":{"players":["./bin/yo-2021-03-06","bin/play-rate"]},"turn":2}
{"players":[{"card":"Prometheus","tokens":[[2,3],[4,2]]},{"card":"Demeter","tokens":[[1,4],[3,3]]}],"spaces":[[0,0,2,0,1],[0,0,0,0,0],[0,0,0,0,0],[0,0,0,1,0],[0,0,0,0,0]],"style":{"players":["./bin/yo-2021-03-06","bin/play-rate"]},"turn":3}
{"players":[{"card":"Demeter","tokens":[[1,4],[3,3]]},{"card":"Prometheus","tokens":[[3,4],[4,2]]}],"spaces":[[0,1,2,0,1],[0,0,0,0,0],[0,0,0,0,0],[0,0,0,2,0],[0,0,0,0,0]],"style":{"players":["./bin/yo-2021-03-06","bin/play-rate"]},"turn":4}
{"players":[{"card":"Prometheus","tokens":[[3,4],[4,2]]},{"card":"Demeter","tokens":[[1,4],[2,2]]}],"spaces":[[1,2,2,0,1],[0,0,0,0,0],[0,0,0,0,0],[0,0,0,2,0],[0,0,0,0,0]],"style":{"players":["./bin/yo-2021-03-06","bin/play-rate"]},"turn":5}
{"players":[{"card":"Demeter","tokens":[[1,4],[2,2]]},{"card":"Prometheus","tokens":[[2,3],[4,2]]}],"spaces":[[1,3,2,0,1],[0,0,0,0,0],[0,0,0,0,1],[0,0,0,2,0],[0,0,0,0,0]],"style":{"players":["./bin/yo-2021-03-06","bin/play-rate"]},"turn":6}
{"players":[{"card":"Prometheus","tokens":[[2,3],[4,2]]},{"card":"Demeter","tokens":[[2,2],[2,4]]}],"spaces":[[1,3,3,0,1],[0,0,0,0,1],[0,0,0,0,1],[0,0,0,2,0],[0,0,0,0,0]],"style":{"players":["./bin/yo-2021-03-06","bin/play-rate"]},"turn":7}
{"players":[{"card":"Demeter","tokens":[[2,2],[2,4]]},{"card":"Prometheus","tokens":[[3,4],[4,2]]}],"spaces":[[1,3,3,0,1],[0,0,0,0,2],[0,0,0,0,1],[0,0,0,2,0],[0,0,0,0,0]],"style":{"players":["./bin/yo-2021-03-06","bin/play-rate"]},"turn":8}
{"players":[{"card":"Prometheus","tokens":[[3,4],[4,2]]},{"card":"Demeter","tokens":[[2,2],[3,5]]}],"spaces":[[1,3,3,0,1],[0,0,0,1,2],[0,0,0,0,1],[0,0,0,2,1],[0,0,0,0,0]],"style":{"players":["./bin/yo-2021-03-06","bin/play-rate"]},"turn":9}
{"players":[{"card":"Demeter","tokens":[[2,2],[3,5]]},{"card":"Prometheus","tokens":[[2,4],[4,2]]}],"spaces":[[1,3,3,0,1],[0,0,0,1,2],[0,0,1,0,1],[0,0,0,2,1],[0,0,0,0,0]],"style":{"players":["./bin/yo-2021-03-06","bin/play-rate"]},"turn":10}
{"players":[{"card":"Prometheus","tokens":[[2,4],[4,2]]},{"card":"Demeter","tokens":[[2,2],[2,5]]}],"spaces":[[1,3,3,1,1],[0,0,0,1,2],[0,0,1,1,1],[0,0,0,2,1],[0,0,0,0,0]],"style":{"players":["./bin/yo-2021-03-06","bin/play-rate"]},"turn":11}
{"players":[{"card":"Demeter","tokens":[[2,2],[2,5]]},{"card":"Prometheus","tokens":[[2,4],[3,3]]}],"spaces":[[1,3,3,1,1],[0,0,0,1,2],[0,0,1,1,1],[0,1,0,2,1],[0,0,0,0,0]],"style":{"players":["./bin/yo-2021-03-06","bin/play-rate"]},"turn":12}
{"players":[{"card":"Prometheus","tokens":[[2,4],[3,3]]},{"card":"Demeter","tokens":[[1,1],[2,5]]}],"spaces":[[1,3,3,1,1],[1,1,0,1,2],[0,0,1,1,1],[0,1,0,2,1],[0,0,0,0,0]],"style":{"players":["./bin/yo-2021-03-06","bin/play-rate"]},"turn":13}
{"players":[{"card":"Demeter","tokens":[[1,1],[2,5]]},{"card":"Prometheus","tokens":[[2,4],[4,4]]}],"spaces":[[1,3,3,1,1],[1,1,0,1,2],[0,0,2,1,1],[0,1,0,2,1],[0,0,0,0,0]],"style":{"players":["./bin/yo-2021-03-06","bin/play-rate"]},"turn":14}
{"players":[{"card":"Prometheus","tokens":[[2,4],[4,4]]},{"card":"Demeter","tokens":[[2,2],[2,5]]}],"spaces":[[2,3,3,1,1],[2,1,0,1,2],[0,0,2,1,1],[0,1,0,2,1],[0,0,0,0,0]],"style":{"players":["./bin/yo-2021-03-06","bin/play-rate"]},"turn":15}
{"players":[{"card":"Demeter","tokens":[[2,2],[2,5]]},{"card":"Prometheus","tokens":[[3,3],[4,4]]}],"spaces":[[2,3,3,1,1],[2,1,1,1,2],[0,0,2,1,1],[0,1,0,2,1],[0,0,0,0,0]],"style":{"players":["./bin/yo-2021-03-06","bin/play-rate"]},"turn":16}
{"players":[{"card":"Prometheus","tokens":[[3,3],[4,4]]},{"card":"Demeter","tokens":[[2,1],[2,5]]}],"spaces":[[3,3,3,1,1],[2,2,1,1,2],[0,0,2,1,1],[0,1,0,2,1],[0,0,0,0,0]],"style":{"players":["./bin/yo-2021-03-06","bin/play-rate"]},"turn":17}
{"players":[{"card":"Demeter","tokens":[[2,1],[2,5]]},{"card":"Prometheus","tokens":[[4,2],[4,4]]}],"spaces":[[3,3,3,1,1],[2,2,1,1,2],[0,0,2,1,1],[0,2,1,2,1],[0,0,0,0,0]],"style":{"players":["./bin/yo-2021-03-06","bin/play-rate"]},"turn":18}
{"players":[{"card":"Prometheus","tokens":[[4,2],[4,4]]},{"card":"Demeter","tokens":[[1,1],[2,5]]}],"spaces":[[3,3,3,1,1],[2,2,1,1,2],[0,0,2,1,1],[0,2,1,2,1],[0,0,0,0,0]],"style":{"players":["./bin/yo-2021-03-06","bin/play-rate"]},"turn":19}