{"players":[{"card":"Prometheus","tokens":[[2,2],[3,4]]},{"card":"Hephastus","tokens":[[2,3],[4,3]]}],"spaces":[[0,0,0,0,0],[0,0,0,0,0],[0,0,0,0,0],[0,0,0,0,0],[0,0,0,0,0]],"style":{"players":["bin/play-rate","./bin/yo-2021-03-06"]},"turn":0}
{"players":[{"card":"Hephastus","tokens":[[2,3],[4,3]]},{"card":"Prometheus","tokens":[[2,2],[2,5]]}],"spaces":[[0,0,0,1,0],[0,0,0,0,0],[0,0,1,0,0],[0,0,0,0,0],[0,0,0,0,0]],"style":{"players":["bin/play-rate","./bin/yo-2021-03-06"]},"turn":1}
{"players":[{"card":"Prometheus","tokens":[[2,2],[2,5]]},{"card":"Hephastus","tokens":[[2,3],[3,3]]}],"spaces":[[0,0,0,1,0],[0,0,0,0,0],[0,0,1,0,0],[0,0,2,0,0],[0,0,0,0,0]],"style":{"players":["bin/play-rate","./bin/yo-2021-03-06"]},"turn":2}
{"players":[{"card":"Hephastus","tokens":[[2,3],[3,3]]},{"card":"Prometheus","tokens":[[1,4],[2,2]]}],"spaces":[[0,0,0,1,0],[0,0,0,1,0],[0,0,1,0,0],[0,0,2,0,0],[0,0,0,0,0]],"style":{"players":["bin/play-rate","./bin/yo-2021-03-06"]},"turn":3}
{"players":[{"card":"Prometheus","tokens":[[1,4],[2,2]]},{"card":"Hephastus","tokens":[[2,3],[4,3]]}],"spaces":[[0,0,0,1,0],[0,0,0,1,0],[0,0,1,0,0],[0,0,2,0,0],[0,2,0,0,0]],"style":{"players":["bin/play-rate","./bin/yo-2021-03-06"]},"turn":4}
{"players":[{"card":"Hephastus","tokens":[[2,3],[4,3]]},{"card":"Prometheus","tokens":[[1,4],[3,3]]}],"spaces":[[0,0,0,1,0],[0,0,0,2,0],[0,0,1,0,0],[0,0,2,0,0],[0,2,0,0,0]],"style":{"players":["bin/play-rate","./bin/yo-2021-03-06"]},"turn":5}
{"players":[{"card":"Prometheus","tokens":[[1,4],[3,3]]},{"card":"Hephastus","tokens":[[2,3],[5,2]]}],"spaces":[[0,0,0,1,0],[0,0,0,2,0],[0,0,1,0,0],[0,0,3,0,0],[0,2,0,0,0]],"style":{"players":["bin/play-rate","./bin/yo-2021-03-06"]},"turn":6}
{"players":[{"card":"Hephastus","tokens":[[2,3],[5,2]]},{"card":"Prometheus","tokens":[[1,4],[4,4]]}],"spaces":[[0,0,0,1,0],[0,0,0,2,0],[0,0,1,0,0],[0,0,4,1,0],[0,2,0,0,0]],"style":{"players":["bin/play-rate","./bin/yo-2021-03-06"]},"turn":7}
{"players":[{"card":"Prometheus","tokens":[[1,4],[4,4]]},{"card":"Hephastus","tokens":[[3,3],[5,2]]}],"spaces":[[0,0,0,1,0],[0,0,0,2,0],[0,0,1,0,0],[0,2,4,1,0],[0,2,0,0,0]],"style":{"players":["bin/play-rate","./bin/yo-2021-03-06"]},"turn":8}
{"players":[{"card":"Hephastus","tokens":[[3,3],[5,2]]},{"card":"Prometheus","tokens":[[2,4],[4,4]]}],"spaces":[[0,0,0,1,0],[0,0,1,2,0],[0,0,1,0,0],[0,2,4,1,0],[0,2,0,0,0]],"style":{"players":["bin/play-rate","./bin/yo-2021-03-06"]},"turn":9}
{"players":[{"card":"Prometheus","tokens":[[2,4],[4,4]]},{"card":"Hephastus","tokens":[[3,3],[4,2]]}],"spaces":[[0,0,0,1,0],[0,0,1,2,0],[0,0,1,0,0],[0,2,4,1,0],[2,2,0,0,0]],"style":{"players":["bin/play-rate","./bin/yo-2021-03-06"]},"turn":10}
{"players":[{"card":"Hephastus","tokens":[[3,3],[4,2]]},{"card":"Prometheus","tokens":[[2,3],[4,4]]}],"spaces":[[0,0,0,1,0],[0,0,2,3,0],[0,0,1,0,0],[0,2,4,1,0],[2,2,0,0,0]],"style":{"players":["bin/play-rate","./bin/yo-2021-03-06"]},"turn":11}
{"players":[{"card":"Prometheus","tokens":[[2,3],[4,4]]},{"card":"Hephastus","tokens":[[3,4],[4,2]]}],"spaces":[[0,0,0,1,0],[0,0,2,4,0],[0,0,1,0,0],[0,2,4,1,0],[2,2,0,0,0]],"style":{"players":["bin/play-rate","./bin/yo-2021-03-06"]},"turn":12}
{"players":[{"card":"Hephastus","tokens":[[3,4],[4,2]]},{"card":"Prometheus","tokens":[[3,3],[4,4]]}],"spaces":[[0,0,0,1,0],[0,0,3,4,0],[0,0,2,0,0],[0,2,4,1,0],[2,2,0,0,0]],"style":{"players":["bin/play-rate","./bin/yo-2021-03-06"]},"turn":13}
{"players":[{"card":"Prometheus","tokens":[[3,3],[4,4]]},{"card":"Hephastus","tokens":[[3,2],[3,4]]}],"spaces":[[0,0,0,1,0],[0,0,4,4,0],[0,0,2,0,0],[0,2,4,1,0],[2,2,0,0,0]],"style":{"players":["bin/play-rate","./bin/yo-2021-03-06"]},"turn":14}
{"players":[{"card":"Hephastus","tokens":[[3,2],[3,4]]},{"card":"Prometheus","tokens":[[4,2],[4,4]]}],"spaces":[[0,0,0,1,0],[0,1,4,4,0],[0,0,2,0,0],[0,2,4,1,0],[2,3,0,0,0]],"style":{"players":["bin/play-rate","./bin/yo-2021-03-06"]},"turn":15}
{"players":[{"card":"Prometheus","tokens":[[4,2],[4,4]]},{"card":"Hephastus","tokens":[[3,4],[4,1]]}],"spaces":[[0,0,0,1,0],[0,1,4,4,0],[0,0,2,0,0],[0,2,4,1,0],[2,4,0,0,0]],"style":{"players":["bin/play-rate","./bin/yo-2021-03-06"]},"turn":16}
{"players":[{"card":"Hephastus","tokens":[[3,4],[4,1]]},{"card":"Prometheus","tokens":[[3,3],[4,2]]}],"spaces":[[0,0,0,1,0],[0,1,4,4,0],[0,0,2,0,0],[0,2,4,2,0],[2,4,0,0,0]],"style":{"players":["bin/play-rate","./bin/yo-2021-03-06"]},"turn":17}
{"players":[{"card":"Prometheus","tokens":[[3,3],[4,2]]},{"card":"Hephastus","tokens":[[2,5],[4,1]]}],"spaces":[[0,0,0,3,0],[0,1,4,4,0],[0,0,2,0,0],[0,2,4,2,0],[2,4,0,0,0]],"style":{"players":["bin/play-rate","./bin/yo-2021-03-06"]},"turn":18}
{"players":[{"card":"Hephastus","tokens":[[2,5],[4,1]]},{"card":"Prometheus","tokens":[[4,2],[4,4]]}],"spaces":[[0,0,0,3,0],[0,1,4,4,0],[0,0,2,2,0],[0,2,4,2,0],[2,4,0,0,0]],"style":{"players":["bin/play-rate","./bin/yo-2021-03-06"]},"turn":19}
{"players":[{"card":"Prometheus","tokens":[[4,2],[4,4]]},{"card":"Hephastus","tokens":[[2,5],[3,1]]}],"spaces":[[0,0,0,3,0],[0,3,4,4,0],[0,0,2,2,0],[0,2,4,2,0],[2,4,0,0,0]],"style":{"players":["bin/play-rate","./bin/yo-2021-03-06"]},"turn":20}
{"players":[{"card":"Hephastus","tokens":[[2,5],[3,1]]},{"card":"Prometheus","tokens":[[3,4],[4,2]]}],"spaces":[[0,0,0,3,0],[0,3,4,4,0],[0,0,3,2,0],[0,2,4,3,0],[2,4,0,0,0]],"style":{"players":["bin/play-rate","./bin/yo-2021-03-06"]},"turn":21}
{"players":[{"card":"Prometheus","tokens":[[3,4],[4,2]]},{"card":"Hephastus","tokens":[[2,5],[4,1]]}],"spaces":[[0,0,0,3,0],[0,3,4,4,0],[0,0,3,2,0],[0,2,4,3,0],[3,4,0,0,0]],"style":{"players":["bin/play-rate","./bin/yo-2021-03-06"]},"turn":22}
{"players":[{"card":"Hephastus","tokens":[[2,5],[4,1]]},{"card":"Prometheus","tokens":[[3,4],[5,1]]}],"spaces":[[0,0,0,3,0],[0,3,4,4,0],[0,0,3,2,0],[0,2,4,3,0],[3,4,0,0,0]],"style":{"players":["bin/play-rate","./bin/yo-2021-03-06"]},"turn":23}