{"players":[{"card":"Minotaur","tokens":[[4,4],[5,5]]},{"card":"Pan","tokens":[[2,3],[4,2]]}],"spaces":[[0,0,0,0,0],[0,0,0,0,0],[0,0,0,0,0],[0,0,0,0,0],[0,0,0,0,0]],"style":{"players":["./bin/yo-2021-03-06","bin/play-rate"]},"turn":0}
{"players":[{"card":"Pan","tokens":[[2,3],[4,2]]},{"card":"Minotaur","tokens":[[4,4],[4,5]]}],"spaces":[[0,0,0,0,0],[0,0,0,0,0],[0,0,0,0,0],[0,0,0,0,0],[0,0,0,1,0]],"style":{"players":["./bin/yo-2021-03-06","bin/play-rate"]},"turn":1}
{"players":[{"card":"Minotaur","tokens":[[4,4],[4,5]]},{"card":"Pan","tokens":[[3,4],[4,2]]}],"spaces":[[0,0,0,0,0],[0,0,0,1,0],[0,0,0,0,0],[0,0,0,0,0],[0,0,0,1,0]],"style":{"players":["./bin/yo-2021-03-06","bin/play-rate"]},"turn":2}
{"players":[{"card":"Pan","tokens":[[2,3],[4,2]]},{"card":"Minotaur","tokens":[[3,4],[4,4]]}],"spaces":[[0,0,0,0,0],[0,0,0,2,0],[0,0,0,0,0],[0,0,0,0,0],[0,0,0,1,0]],"style":{"players":["./bin/yo-2021-03-06","bin/play-rate"]},"turn":3}
{"players":[{"card":"Minotaur","tokens":[[3,4],[4,4]]},{"card":"Pan","tokens":[[2,3],[5,3]]}],"spaces":[[0,0,0,0,0],[0,0,0,2,0],[0,0,0,0,0],[0,1,0,0,0],[0,0,0,1,0]],"style":{"players":["./bin/yo-2021-03-06","bin/play-rate"]},"turn":4}
{"players":[{"card":"Pan","tokens":[[2,3],[5,3]]},{"card":"Minotaur","tokens":[[3,4],[4,3]]}],"spaces":[[0,0,0,0,0],[0,0,0,2,0],[0,0,1,0,0],[0,1,0,0,0],[0,0,0,1,0]],"style":{"players":["./bin/yo-2021-03-06","bin/play-rate"]},"turn":5}
{"players":[{"card":"Minotaur","tokens":[[3,4],[4,3]]},{"card":"Pan","tokens":[[2,3],[4,2]]}],"spaces":[[0,0,0,0,0],[0,0,0,2,0],[0,1,1,0,0],[0,1,0,0,0],[0,0,0,1,0]],"style":{"players":["./bin/yo-2021-03-06","bin/play-rate"]},"turn":6}
{"players":[{"card":"Pan","tokens":[[2,3],[4,1]]},{"card":"Minotaur","tokens":[[3,4],[4,2]]}],"spaces":[[0,0,0,0,0],[0,0,0,2,0],[0,1,2,0,0],[0,1,0,0,0],[0,0,0,1,0]],"style":{"players":["./bin/yo-2021-03-06","bin/play-rate"]},"turn":7}
{"players":[{"card":"Minotaur","tokens":[[3,4],[4,2]]},{"card":"Pan","tokens":[[2,3],[3,2]]}],"spaces":[[0,0,0,0,0],[0,1,0,2,0],[0,1,2,0,0],[0,1,0,0,0],[0,0,0,1,0]],"style":{"players":["./bin/yo-2021-03-06","bin/play-rate"]},"turn":8}
{"players":[{"card":"Pan","tokens":[[2,3],[3,2]]},{"card":"Minotaur","tokens":[[3,3],[3,4]]}],"spaces":[[0,0,0,0,0],[0,2,0,2,0],[0,1,2,0,0],[0,1,0,0,0],[0,0,0,1,0]],"style":{"players":["./bin/yo-2021-03-06","bin/play-rate"]},"turn":9}
{"players":[{"card":"Minotaur","tokens":[[3,3],[3,4]]},{"card":"Pan","tokens":[[2,3],[4,2]]}],"spaces":[[0,0,0,0,0],[0,2,0,2,0],[0,1,2,0,0],[1,1,0,0,0],[0,0,0,1,0]],"style":{"players":["./bin/yo-2021-03-06","bin/play-rate"]},"turn":10}
{"players":[{"card":"Pan","tokens":[[1,2],[4,2]]},{"card":"Minotaur","tokens":[[2,3],[3,3]]}],"spaces":[[0,0,0,0,0],[0,2,0,2,0],[0,2,2,0,0],[1,1,0,0,0],[0,0,0,1,0]],"style":{"players":["./bin/yo-2021-03-06","bin/play-rate"]},"turn":11}
{"players":[{"card":"Minotaur","tokens":[[2,3],[3,3]]},{"card":"Pan","tokens":[[1,2],[3,2]]}],"spaces":[[0,0,0,0,0],[0,2,0,2,0],[1,2,2,0,0],[1,1,0,0,0],[0,0,0,1,0]],"style":{"players":["./bin/yo-2021-03-06","bin/play-rate"]},"turn":12}
{"players":[{"card":"Pan","tokens":[[1,2],[3,1]]},{"card":"Minotaur","tokens":[[2,3],[3,2]]}],"spaces":[[0,0,0,0,0],[0,3,0,2,0],[1,2,2,0,0],[1,1,0,0,0],[0,0,0,1,0]],"style":{"players":["./bin/yo-2021-03-06","bin/play-rate"]},"turn":13}
{"players":[{"card":"Minotaur","tokens":[[2,3],[3,2]]},{"card":"Pan","tokens":[[1,3],[3,1]]}],"spaces":[[0,0,0,0,0],[0,4,0,2,0],[1,2,2,0,0],[1,1,0,0,0],[0,0,0,1,0]],"style":{"players":["./bin/yo-2021-03-06","bin/play-rate"]},"turn":14}
{"players":[{"card":"Pan","tokens":[[1,3],[3,1]]},{"card":"Minotaur","tokens":[[3,2],[3,4]]}],"spaces":[[0,0,0,0,0],[0,4,0,3,0],[1,2,2,0,0],[1,1,0,0,0],[0,0,0,1,0]],"style":{"players":["./bin/yo-2021-03-06","bin/play-rate"]},"turn":15}
{"players":[{"card":"Minotaur","tokens":[[3,2],[3,4]]},{"card":"Pan","tokens":[[2,3],[3,1]]}],"spaces":[[0,0,1,0,0],[0,4,0,3,0],[1,2,2,0,0],[1,1,0,0,0],[0,0,0,1,0]],"style":{"players":["./bin/yo-2021-03-06","bin/play-rate"]},"turn":16}
{"players":[{"card":"Pan","tokens":[[2,3],[3,1]]},{"card":"Minotaur","tokens":[[3,3],[3,4]]}],"spaces":[[0,0,1,0,0],[0,4,0,3,0],[1,3,2,0,0],[1,1,0,0,0],[0,0,0,1,0]],"style":{"players":["./bin/yo-2021-03-06","bin/play-rate"]},"turn":17}
{"players":[{"card":"Minotaur","tokens":[[3,3],[3,4]]},{"card":"Pan","tokens":[[1,3],[3,1]]}],"spaces":[[0,0,1,0,0],[0,4,0,4,0],[1,3,2,0,0],[1,1,0,0,0],[0,0,0,1,0]],"style":{"players":["./bin/yo-2021-03-06","bin/play-rate"]},"turn":18}
{"players":[{"card":"Pan","tokens":[[1,3],[3,1]]},{"card":"Minotaur","tokens":[[3,2],[3,4]]}],"spaces":[[0,0,1,0,0],[0,4,0,4,0],[1,3,2,0,0],[1,1,0,0,0],[0,0,0,1,0]],"style":{"players":["./bin/yo-2021-03-06","bin/play-rate"]},"turn":19}