{"players":[{"card":"Minotaur","tokens":[[1,5],[2,4]]},{"card":"Prometheus","tokens":[[2,3],[4,4]]}],"spaces":[[0,0,0,0,0],[0,0,0,0,0],[0,0,0,0,0],[0,0,0,0,0],[0,0,0,0,0]],"style":{"players":["./bin/yo-2021-03-06","bin/play-rate"]},"turn":0}
{"players":[{"card":"Prometheus","tokens":[[2,3],[4,4]]},{"card":"Minotaur","tokens":[[1,4],[2,4]]}],"spaces":[[0,0,0,0,1],[0,0,0,0,0],[0,0,0,0,0],[0,0,0,0,0],[0,0,0,0,0]],"style":{"players":["./bin/yo-2021-03-06","bin/play-rate"]},"turn":1}
{"players":[{"card":"Minotaur","tokens":[[1,4],[2,4]]},{"card":"Prometheus","tokens":[[3,2],[4,4]]}],"spaces":[[0,1,0,0,1],[0,0,0,0,0],[0,0,0,0,0],[1,0,0,0,0],[0,0,0,0,0]],"style":{"players":["./bin/yo-2021-03-06","bin/play-rate"]},"turn":2}
{"players":[{"card":"Prometheus","tokens":[[3,2],[4,4]]},{"card":"Minotaur","tokens":[[1,4],[3,3]]}],"spaces":[[0,1,0,0,1],[0,0,0,1,0],[0,0,0,0,0],[1,0,0,0,0],[0,0,0,0,0]],"style":{"players":["./bin/yo-2021-03-06","bin/play-rate"]},"turn":3}
{"players":[{"card":"Minotaur","tokens":[[1,4],[3,3]]},{"card":"Prometheus","tokens":[[4,1],[4,4]]}],"spaces":[[0,1,0,0,1],[0,0,0,1,0],[0,0,0,0,0],[1,1,0,0,0],[0,0,0,0,0]],"style":{"players":["./bin/yo-2021-03-06","bin/play-rate"]},"turn":4}
{"players":[{"card":"Prometheus","tokens":[[4,1],[4,4]]},{"card":"Minotaur","tokens":[[2,4],[3,3]]}],"spaces":[[0,1,0,0,2],[0,0,0,1,0],[0,0,0,0,0],[1,1,0,0,0],[0,0,0,0,0]],"style":{"players":["./bin/yo-2021-03-06","bin/play-rate"]},"turn":5}
{"players":[{"card":"Minotaur","tokens":[[2,4],[3,3]]},{"card":"Prometheus","tokens":[[4,2],[4,4]]}],"spaces":[[0,1,0,0,2],[0,0,0,1,0],[0,0,0,0,0],[1,1,0,0,0],[2,0,0,0,0]],"style":{"players":["./bin/yo-2021-03-06","bin/play-rate"]},"turn":6}
{"players":[{"card":"Prometheus","tokens":[[4,2],[4,4]]},{"card":"Minotaur","tokens":[[1,5],[3,3]]}],"spaces":[[0,1,0,0,2],[0,0,0,2,0],[0,0,0,0,0],[1,1,0,0,0],[2,0,0,0,0]],"style":{"players":["./bin/yo-2021-03-06","bin/play-rate"]},"turn":7}
{"players":[{"card":"Minotaur","tokens":[[1,5],[3,3]]},{"card":"Prometheus","tokens":[[3,4],[4,2]]}],"spaces":[[0,1,0,0,2],[0,0,0,2,0],[0,0,0,0,1],[1,1,0,0,1],[2,0,0,0,0]],"style":{"players":["./bin/yo-2021-03-06","bin/play-rate"]},"turn":8}
{"players":[{"card":"Prometheus","tokens":[[3,4],[4,2]]},{"card":"Minotaur","tokens":[[2,4],[3,3]]}],"spaces":[[0,1,0,0,3],[0,0,0,2,0],[0,0,0,0,1],[1,1,0,0,1],[2,0,0,0,0]],"style":{"players":["./bin/yo-2021-03-06","bin/play-rate"]},"turn":9}
{"players":[{"card":"Minotaur","tokens":[[2,4],[3,3]]},{"card":"Prometheus","tokens":[[2,5],[4,2]]}],"spaces":[[0,1,0,0,4],[0,0,0,2,0],[0,0,0,0,1],[1,1,0,0,2],[2,0,0,0,0]],"style":{"players":["./bin/yo-2021-03-06","bin/play-rate"]},"turn":10}
{"players":[{"card":"Prometheus","tokens":[[2,5],[4,2]]},{"card":"Minotaur","tokens":[[2,4],[3,4]]}],"spaces":[[0,1,0,0,4],[0,0,0,2,0],[0,0,0,0,2],[1,1,0,0,2],[2,0,0,0,0]],"style":{"players":["./bin/yo-2021-03-06","bin/play-rate"]},"turn":11}
{"players":[{"card":"Minotaur","tokens":[[2,4],[3,4]]},{"card":"Prometheus","tokens":[[2,5],[3,3]]}],"spaces":[[0,1,0,0,4],[0,0,0,2,0],[0,1,1,0,2],[1,1,0,0,2],[2,0,0,0,0]],"style":{"players":["./bin/yo-2021-03-06","bin/play-rate"]},"turn":12}
{"players":[{"card":"Prometheus","tokens":[[2,5],[3,3]]},{"card":"Minotaur","tokens":[[3,4],[3,5]]}],"spaces":[[0,1,0,0,4],[0,0,0,2,0],[0,1,1,0,2],[1,1,0,0,3],[2,0,0,0,0]],"style":{"players":["./bin/yo-2021-03-06","bin/play-rate"]},"turn":13}
{"players":[{"card":"Minotaur","tokens":[[3,4],[3,5]]},{"card":"Prometheus","tokens":[[2,5],[4,4]]}],"spaces":[[0,1,0,0,4],[0,0,0,2,0],[0,1,1,0,2],[1,1,0,1,4],[2,0,0,0,0]],"style":{"players":["./bin/yo-2021-03-06","bin/play-rate"]},"turn":14}
{"players":[{"card":"Prometheus","tokens":[[2,5],[4,4]]},{"card":"Minotaur","tokens":[[3,3],[3,5]]}],"spaces":[[0,1,0,0,4],[0,0,0,2,0],[0,1,1,0,2],[1,2,0,1,4],[2,0,0,0,0]],"style":{"players":["./bin/yo-2021-03-06","bin/play-rate"]},"turn":15}
{"players":[{"card":"Minotaur","tokens":[[3,3],[3,5]]},{"card":"Prometheus","tokens":[[1,4],[4,4]]}],"spaces":[[0,1,0,0,4],[0,0,0,2,1],[0,1,1,1,2],[1,2,0,1,4],[2,0,0,0,0]],"style":{"players":["./bin/yo-2021-03-06","bin/play-rate"]},"turn":16}
{"players":[{"card":"Prometheus","tokens":[[1,4],[4,4]]},{"card":"Minotaur","tokens":[[3,5],[4,2]]}],"spaces":[[0,1,0,0,4],[0,0,0,2,1],[0,1,1,1,2],[1,2,0,1,4],[3,0,0,0,0]],"style":{"players":["./bin/yo-2021-03-06","bin/play-rate"]},"turn":17}
{"players":[{"card":"Minotaur","tokens":[[3,5],[4,2]]},{"card":"Prometheus","tokens":[[1,4],[3,4]]}],"spaces":[[0,1,0,0,4],[0,0,0,2,1],[0,1,1,1,2],[1,2,0,2,4],[3,0,1,0,0]],"style":{"players":["./bin/yo-2021-03-06","bin/play-rate"]},"turn":18}
{"players":[{"card":"Prometheus","tokens":[[1,4],[3,4]]},{"card":"Minotaur","tokens":[[3,5],[5,1]]}],"spaces":[[0,1,0,0,4],[0,0,0,2,1],[0,1,1,1,2],[1,2,0,2,4],[3,0,1,0,0]],"style":{"players":["./bin/yo-2021-03-06","bin/play-rate"]},"turn":19}