{"players":[{"card":"Pan","tokens":[[2,4],[4,3]]},{"card":"Prometheus","tokens":[[3,2],[3,4]]}],"spaces":[[0,0,0,0,0],[0,0,0,0,0],[0,0,0,0,0],[0,0,0,0,0],[0,0,0,0,0]],"style":{"players":["bin/play-rate","./bin/yo-2021-03-06"]},"turn":0}
{"players":[{"card":"Prometheus","tokens":[[3,2],[3,4]]},{"card":"Pan","tokens":[[2,4],[4,4]]}],"spaces":[[0,0,0,0,0],[0,0,0,0,0],[0,0,0,0,0],[0,0,0,0,0],[0,0,0,1,0]],"style":{"players":["bin/play-rate","./bin/yo-2021-03-06"]},"turn":1}
{"players":[{"card":"Pan","tokens":[[2,4],[4,4]]},{"card":"Prometheus","tokens":[[3,4],[4,3]]}],"spaces":[[0,0,0,0,0],[0,0,0,0,0],[0,0,0,0,0],[0,1,0,0,0],[0,0,0,2,0]],"style":{"players":["bin/play-rate","./bin/yo-2021-03-06"]},"turn":2}
{"players":[{"card":"Prometheus","tokens":[[3,4],[4,3]]},{"card":"Pan","tokens":[[2,4],[3,3]]}],"spaces":[[0,0,0,0,0],[0,0,0,0,0],[0,0,0,0,0],[0,2,0,0,0],[0,0,0,2,0]],"style":{"players":["bin/play-rate","./bin/yo-2021-03-06"]},"turn":3}
{"players":[{"card":"Pan","tokens":[[2,4],[3,3]]},{"card":"Prometheus","tokens":[[4,3],[4,4]]}],"spaces":[[0,0,0,0,0],[0,0,0,0,0],[0,0,0,0,0],[0,2,0,0,0],[0,0,1,2,0]],"style":{"players":["bin/play-rate","./bin/yo-2021-03-06"]},"turn":4}
{"players":[{"card":"Prometheus","tokens":[[4,3],[4,4]]},{"card":"Pan","tokens":[[2,4],[3,2]]}],"spaces":[[0,0,0,0,0],[0,1,0,0,0],[0,0,0,0,0],[0,2,0,0,0],[0,0,1,2,0]],"style":{"players":["bin/play-rate","./bin/yo-2021-03-06"]},"turn":5}
{"players":[{"card":"Pan","tokens":[[2,4],[3,2]]},{"card":"Prometheus","tokens":[[3,3],[4,3]]}],"spaces":[[0,0,0,0,0],[0,2,0,0,0],[0,0,0,0,0],[0,2,0,0,0],[0,0,1,2,1]],"style":{"players":["bin/play-rate","./bin/yo-2021-03-06"]},"turn":6}
{"players":[{"card":"Prometheus","tokens":[[3,3],[4,3]]},{"card":"Pan","tokens":[[2,1],[2,4]]}],"spaces":[[0,1,0,0,0],[0,2,0,0,0],[0,0,0,0,0],[0,2,0,0,0],[0,0,1,2,1]],"style":{"players":["bin/play-rate","./bin/yo-2021-03-06"]},"turn":7}
{"players":[{"card":"Pan","tokens":[[2,1],[2,4]]},{"card":"Prometheus","tokens":[[3,3],[4,4]]}],"spaces":[[0,1,0,0,0],[0,2,0,0,0],[0,0,0,0,0],[0,3,0,0,0],[0,0,2,2,1]],"style":{"players":["bin/play-rate","./bin/yo-2021-03-06"]},"turn":8}
{"players":[{"card":"Prometheus","tokens":[[3,3],[4,4]]},{"card":"Pan","tokens":[[1,2],[2,4]]}],"spaces":[[0,1,0,0,0],[0,3,0,0,0],[0,0,0,0,0],[0,3,0,0,0],[0,0,2,2,1]],"style":{"players":["bin/play-rate","./bin/yo-2021-03-06"]},"turn":9}
{"players":[{"card":"Pan","tokens":[[1,2],[2,4]]},{"card":"Prometheus","tokens":[[3,3],[3,4]]}],"spaces":[[0,1,0,0,0],[0,3,0,0,0],[0,0,0,0,2],[0,3,0,0,0],[0,0,2,2,1]],"style":{"players":["bin/play-rate","./bin/yo-2021-03-06"]},"turn":10}
{"players":[{"card":"Prometheus","tokens":[[3,3],[3,4]]},{"card":"Pan","tokens":[[1,2],[2,3]]}],"spaces":[[0,1,0,0,0],[0,4,0,0,0],[0,0,0,0,2],[0,3,0,0,0],[0,0,2,2,1]],"style":{"players":["bin/play-rate","./bin/yo-2021-03-06"]},"turn":11}
{"players":[{"card":"Pan","tokens":[[1,2],[2,3]]},{"card":"Prometheus","tokens":[[3,4],[4,4]]}],"spaces":[[0,1,0,0,0],[0,4,0,0,0],[0,0,0,0,2],[0,4,0,0,1],[0,0,2,2,1]],"style":{"players":["bin/play-rate","./bin/yo-2021-03-06"]},"turn":12}
{"players":[{"card":"Prometheus","tokens":[[3,4],[4,4]]},{"card":"Pan","tokens":[[1,2],[2,4]]}],"spaces":[[0,1,0,0,1],[0,4,0,0,0],[0,0,0,0,2],[0,4,0,0,1],[0,0,2,2,1]],"style":{"players":["bin/play-rate","./bin/yo-2021-03-06"]},"turn":13}
{"players":[{"card":"Pan","tokens":[[1,2],[2,4]]},{"card":"Prometheus","tokens":[[3,4],[4,3]]}],"spaces":[[0,1,0,0,1],[0,4,0,0,0],[0,0,0,0,2],[0,4,0,0,2],[0,0,3,2,1]],"style":{"players":["bin/play-rate","./bin/yo-2021-03-06"]},"turn":14}
{"players":[{"card":"Prometheus","tokens":[[3,4],[4,3]]},{"card":"Pan","tokens":[[1,2],[1,5]]}],"spaces":[[0,1,0,1,1],[0,4,0,0,0],[0,0,0,0,2],[0,4,0,0,2],[0,0,3,2,1]],"style":{"players":["bin/play-rate","./bin/yo-2021-03-06"]},"turn":15}
{"players":[{"card":"Pan","tokens":[[1,2],[1,5]]},{"card":"Prometheus","tokens":[[4,3],[4,4]]}],"spaces":[[0,1,0,1,1],[0,4,0,0,0],[0,0,0,0,3],[0,4,0,0,3],[0,0,3,2,1]],"style":{"players":["bin/play-rate","./bin/yo-2021-03-06"]},"turn":16}
{"players":[{"card":"Prometheus","tokens":[[4,3],[4,4]]},{"card":"Pan","tokens":[[1,2],[1,4]]}],"spaces":[[0,1,0,1,1],[0,4,0,1,0],[0,0,0,0,3],[0,4,0,0,3],[0,0,3,2,1]],"style":{"players":["bin/play-rate","./bin/yo-2021-03-06"]},"turn":17}
{"players":[{"card":"Pan","tokens":[[1,2],[1,4]]},{"card":"Prometheus","tokens":[[4,3],[5,5]]}],"spaces":[[0,1,0,1,1],[0,4,0,1,0],[0,0,0,0,3],[0,4,0,0,4],[0,0,3,2,1]],"style":{"players":["bin/play-rate","./bin/yo-2021-03-06"]},"turn":18}
{"players":[{"card":"Prometheus","tokens":[[4,3],[5,5]]},{"card":"Pan","tokens":[[1,2],[2,4]]}],"spaces":[[0,1,0,2,1],[0,4,0,1,0],[0,0,0,0,3],[0,4,0,0,4],[0,0,3,2,1]],"style":{"players":["bin/play-rate","./bin/yo-2021-03-06"]},"turn":19}
{"players":[{"card":"Pan","tokens":[[1,2],[2,4]]},{"card":"Prometheus","tokens":[[4,3],[5,4]]}],"spaces":[[0,1,0,2,1],[0,4,0,1,0],[0,0,0,0,3],[0,4,0,0,4],[0,0,3,2,2]],"style":{"players":["bin/play-rate","./bin/yo-2021-03-06"]},"turn":20}
{"players":[{"card":"Prometheus","tokens":[[4,3],[5,4]]},{"card":"Pan","tokens":[[1,1],[2,4]]}],"spaces":[[0,2,0,2,1],[0,4,0,1,0],[0,0,0,0,3],[0,4,0,0,4],[0,0,3,2,2]],"style":{"players":["bin/play-rate","./bin/yo-2021-03-06"]},"turn":21}
{"players":[{"card":"Pan","tokens":[[1,1],[2,4]]},{"card":"Prometheus","tokens":[[4,3],[5,3]]}],"spaces":[[0,2,0,2,1],[0,4,0,1,0],[0,0,0,0,3],[0,4,0,0,4],[0,0,3,2,2]],"style":{"players":["bin/play-rate","./bin/yo-2021-03-06"]},"turn":22}